[2021-06-25 14:40:00,601] {taskinstance.py:876} INFO - Dependencies all met for <TaskInstance: segunda_dag.print_date 2021-06-25T14:35:00+00:00 [queued]>
[2021-06-25 14:40:00,613] {taskinstance.py:876} INFO - Dependencies all met for <TaskInstance: segunda_dag.print_date 2021-06-25T14:35:00+00:00 [queued]>
[2021-06-25 14:40:00,614] {taskinstance.py:1067} INFO - 
--------------------------------------------------------------------------------
[2021-06-25 14:40:00,615] {taskinstance.py:1068} INFO - Starting attempt 1 of 2
[2021-06-25 14:40:00,616] {taskinstance.py:1069} INFO - 
--------------------------------------------------------------------------------
[2021-06-25 14:40:00,623] {taskinstance.py:1087} INFO - Executing <Task(BashOperator): print_date> on 2021-06-25T14:35:00+00:00
[2021-06-25 14:40:00,629] {standard_task_runner.py:52} INFO - Started process 1520 to run task
[2021-06-25 14:40:00,632] {standard_task_runner.py:76} INFO - Running: ['***', 'tasks', 'run', 'segunda_dag', 'print_date', '2021-06-25T14:35:00+00:00', '--job-id', '65', '--pool', 'default_pool', '--raw', '--subdir', 'DAGS_FOLDER/segunda_dag.py', '--cfg-path', '/tmp/tmp5gfv660k', '--error-file', '/tmp/tmpadgo2ppi']
[2021-06-25 14:40:00,633] {standard_task_runner.py:77} INFO - Job 65: Subtask print_date
[2021-06-25 14:40:00,675] {logging_mixin.py:104} INFO - Running <TaskInstance: segunda_dag.print_date 2021-06-25T14:35:00+00:00 [running]> on host 72f340316237
[2021-06-25 14:40:00,724] {taskinstance.py:1282} INFO - Exporting the following env vars:
AIRFLOW_CTX_DAG_EMAIL=***@example.com
AIRFLOW_CTX_DAG_OWNER=***
AIRFLOW_CTX_DAG_ID=segunda_dag
AIRFLOW_CTX_TASK_ID=print_date
AIRFLOW_CTX_EXECUTION_DATE=2021-06-25T14:35:00+00:00
AIRFLOW_CTX_DAG_RUN_ID=scheduled__2021-06-25T14:35:00+00:00
[2021-06-25 14:40:00,726] {subprocess.py:52} INFO - Tmp dir root location: 
 /tmp
[2021-06-25 14:40:00,727] {subprocess.py:63} INFO - Running command: ['bash', '-c', 'date']
[2021-06-25 14:40:00,735] {subprocess.py:75} INFO - Output:
[2021-06-25 14:40:00,737] {subprocess.py:79} INFO - Fri Jun 25 14:40:00 UTC 2021
[2021-06-25 14:40:00,738] {subprocess.py:83} INFO - Command exited with return code 0
[2021-06-25 14:40:00,757] {taskinstance.py:1191} INFO - Marking task as SUCCESS. dag_id=segunda_dag, task_id=print_date, execution_date=20210625T143500, start_date=20210625T144000, end_date=20210625T144000
[2021-06-25 14:40:00,779] {taskinstance.py:1245} INFO - 1 downstream tasks scheduled from follow-on schedule check
[2021-06-25 14:40:00,804] {local_task_job.py:151} INFO - Task exited with return code 0
