[2021-06-27 00:45:02,176] {taskinstance.py:876} INFO - Dependencies all met for <TaskInstance: tutorial.templated 2021-06-27T00:30:00+00:00 [queued]>
[2021-06-27 00:45:02,188] {taskinstance.py:876} INFO - Dependencies all met for <TaskInstance: tutorial.templated 2021-06-27T00:30:00+00:00 [queued]>
[2021-06-27 00:45:02,189] {taskinstance.py:1067} INFO - 
--------------------------------------------------------------------------------
[2021-06-27 00:45:02,189] {taskinstance.py:1068} INFO - Starting attempt 1 of 2
[2021-06-27 00:45:02,192] {taskinstance.py:1069} INFO - 
--------------------------------------------------------------------------------
[2021-06-27 00:45:02,210] {taskinstance.py:1087} INFO - Executing <Task(BashOperator): templated> on 2021-06-27T00:30:00+00:00
[2021-06-27 00:45:02,217] {standard_task_runner.py:52} INFO - Started process 1461 to run task
[2021-06-27 00:45:02,220] {standard_task_runner.py:76} INFO - Running: ['***', 'tasks', 'run', 'tutorial', 'templated', '2021-06-27T00:30:00+00:00', '--job-id', '211', '--pool', 'default_pool', '--raw', '--subdir', 'DAGS_FOLDER/primeira_dag.py', '--cfg-path', '/tmp/tmps1xkjyz_', '--error-file', '/tmp/tmpv0dtgxvr']
[2021-06-27 00:45:02,221] {standard_task_runner.py:77} INFO - Job 211: Subtask templated
[2021-06-27 00:45:02,277] {logging_mixin.py:104} INFO - Running <TaskInstance: tutorial.templated 2021-06-27T00:30:00+00:00 [running]> on host 72f340316237
[2021-06-27 00:45:02,348] {taskinstance.py:1282} INFO - Exporting the following env vars:
AIRFLOW_CTX_DAG_EMAIL=***@example.com
AIRFLOW_CTX_DAG_OWNER=***
AIRFLOW_CTX_DAG_ID=tutorial
AIRFLOW_CTX_TASK_ID=templated
AIRFLOW_CTX_EXECUTION_DATE=2021-06-27T00:30:00+00:00
AIRFLOW_CTX_DAG_RUN_ID=scheduled__2021-06-27T00:30:00+00:00
[2021-06-27 00:45:02,350] {subprocess.py:52} INFO - Tmp dir root location: 
 /tmp
[2021-06-27 00:45:02,351] {subprocess.py:63} INFO - Running command: ['bash', '-c', '\n\n    echo "2021-06-27"\n    echo "2021-07-04"\n    echo "Parameter I passed in"\n\n    echo "2021-06-27"\n    echo "2021-07-04"\n    echo "Parameter I passed in"\n\n    echo "2021-06-27"\n    echo "2021-07-04"\n    echo "Parameter I passed in"\n\n    echo "2021-06-27"\n    echo "2021-07-04"\n    echo "Parameter I passed in"\n\n    echo "2021-06-27"\n    echo "2021-07-04"\n    echo "Parameter I passed in"\n']
[2021-06-27 00:45:02,360] {subprocess.py:75} INFO - Output:
[2021-06-27 00:45:02,361] {subprocess.py:79} INFO - 2021-06-27
[2021-06-27 00:45:02,362] {subprocess.py:79} INFO - 2021-07-04
[2021-06-27 00:45:02,362] {subprocess.py:79} INFO - Parameter I passed in
[2021-06-27 00:45:02,363] {subprocess.py:79} INFO - 2021-06-27
[2021-06-27 00:45:02,363] {subprocess.py:79} INFO - 2021-07-04
[2021-06-27 00:45:02,364] {subprocess.py:79} INFO - Parameter I passed in
[2021-06-27 00:45:02,364] {subprocess.py:79} INFO - 2021-06-27
[2021-06-27 00:45:02,365] {subprocess.py:79} INFO - 2021-07-04
[2021-06-27 00:45:02,365] {subprocess.py:79} INFO - Parameter I passed in
[2021-06-27 00:45:02,366] {subprocess.py:79} INFO - 2021-06-27
[2021-06-27 00:45:02,367] {subprocess.py:79} INFO - 2021-07-04
[2021-06-27 00:45:02,367] {subprocess.py:79} INFO - Parameter I passed in
[2021-06-27 00:45:02,368] {subprocess.py:79} INFO - 2021-06-27
[2021-06-27 00:45:02,368] {subprocess.py:79} INFO - 2021-07-04
[2021-06-27 00:45:02,369] {subprocess.py:79} INFO - Parameter I passed in
[2021-06-27 00:45:02,369] {subprocess.py:83} INFO - Command exited with return code 0
[2021-06-27 00:45:02,395] {taskinstance.py:1191} INFO - Marking task as SUCCESS. dag_id=tutorial, task_id=templated, execution_date=20210627T003000, start_date=20210627T004502, end_date=20210627T004502
[2021-06-27 00:45:02,424] {taskinstance.py:1245} INFO - 0 downstream tasks scheduled from follow-on schedule check
[2021-06-27 00:45:02,435] {local_task_job.py:151} INFO - Task exited with return code 0
