[2021-06-25 14:55:00,694] {taskinstance.py:876} INFO - Dependencies all met for <TaskInstance: segunda_dag.print_date 2021-06-25T14:50:00+00:00 [queued]>
[2021-06-25 14:55:00,711] {taskinstance.py:876} INFO - Dependencies all met for <TaskInstance: segunda_dag.print_date 2021-06-25T14:50:00+00:00 [queued]>
[2021-06-25 14:55:00,711] {taskinstance.py:1067} INFO - 
--------------------------------------------------------------------------------
[2021-06-25 14:55:00,712] {taskinstance.py:1068} INFO - Starting attempt 1 of 2
[2021-06-25 14:55:00,714] {taskinstance.py:1069} INFO - 
--------------------------------------------------------------------------------
[2021-06-25 14:55:00,720] {taskinstance.py:1087} INFO - Executing <Task(BashOperator): print_date> on 2021-06-25T14:50:00+00:00
[2021-06-25 14:55:00,726] {standard_task_runner.py:52} INFO - Started process 2748 to run task
[2021-06-25 14:55:00,729] {standard_task_runner.py:76} INFO - Running: ['***', 'tasks', 'run', 'segunda_dag', 'print_date', '2021-06-25T14:50:00+00:00', '--job-id', '74', '--pool', 'default_pool', '--raw', '--subdir', 'DAGS_FOLDER/segunda_dag.py', '--cfg-path', '/tmp/tmp93gm1xy4', '--error-file', '/tmp/tmpyttq_ckv']
[2021-06-25 14:55:00,730] {standard_task_runner.py:77} INFO - Job 74: Subtask print_date
[2021-06-25 14:55:00,766] {logging_mixin.py:104} INFO - Running <TaskInstance: segunda_dag.print_date 2021-06-25T14:50:00+00:00 [running]> on host 72f340316237
[2021-06-25 14:55:00,810] {taskinstance.py:1282} INFO - Exporting the following env vars:
AIRFLOW_CTX_DAG_EMAIL=***@example.com
AIRFLOW_CTX_DAG_OWNER=***
AIRFLOW_CTX_DAG_ID=segunda_dag
AIRFLOW_CTX_TASK_ID=print_date
AIRFLOW_CTX_EXECUTION_DATE=2021-06-25T14:50:00+00:00
AIRFLOW_CTX_DAG_RUN_ID=scheduled__2021-06-25T14:50:00+00:00
[2021-06-25 14:55:00,812] {subprocess.py:52} INFO - Tmp dir root location: 
 /tmp
[2021-06-25 14:55:00,813] {subprocess.py:63} INFO - Running command: ['bash', '-c', 'date']
[2021-06-25 14:55:00,820] {subprocess.py:75} INFO - Output:
[2021-06-25 14:55:00,822] {subprocess.py:79} INFO - Fri Jun 25 14:55:00 UTC 2021
[2021-06-25 14:55:00,823] {subprocess.py:83} INFO - Command exited with return code 0
[2021-06-25 14:55:00,843] {taskinstance.py:1191} INFO - Marking task as SUCCESS. dag_id=segunda_dag, task_id=print_date, execution_date=20210625T145000, start_date=20210625T145500, end_date=20210625T145500
[2021-06-25 14:55:00,865] {taskinstance.py:1245} INFO - 1 downstream tasks scheduled from follow-on schedule check
[2021-06-25 14:55:00,902] {local_task_job.py:151} INFO - Task exited with return code 0
