[2021-06-27 10:15:57,335] {taskinstance.py:876} INFO - Dependencies all met for <TaskInstance: tutorial.sleep 2021-06-27T10:00:00+00:00 [queued]>
[2021-06-27 10:15:57,359] {taskinstance.py:876} INFO - Dependencies all met for <TaskInstance: tutorial.sleep 2021-06-27T10:00:00+00:00 [queued]>
[2021-06-27 10:15:57,361] {taskinstance.py:1067} INFO - 
--------------------------------------------------------------------------------
[2021-06-27 10:15:57,362] {taskinstance.py:1068} INFO - Starting attempt 1 of 4
[2021-06-27 10:15:57,364] {taskinstance.py:1069} INFO - 
--------------------------------------------------------------------------------
[2021-06-27 10:15:57,362] {taskinstance.py:1087} INFO - Executing <Task(BashOperator): sleep> on 2021-06-27T10:00:00+00:00
[2021-06-27 10:15:57,379] {standard_task_runner.py:52} INFO - Started process 61 to run task
[2021-06-27 10:15:57,383] {standard_task_runner.py:76} INFO - Running: ['***', 'tasks', 'run', 'tutorial', 'sleep', '2021-06-27T10:00:00+00:00', '--job-id', '241', '--pool', 'default_pool', '--raw', '--subdir', 'DAGS_FOLDER/primeira_dag.py', '--cfg-path', '/tmp/tmp34vaw_dv', '--error-file', '/tmp/tmp5ar4pj8l']
[2021-06-27 10:15:57,386] {standard_task_runner.py:77} INFO - Job 241: Subtask sleep
[2021-06-27 10:15:57,480] {logging_mixin.py:104} INFO - Running <TaskInstance: tutorial.sleep 2021-06-27T10:00:00+00:00 [running]> on host 72f340316237
[2021-06-27 10:15:57,640] {taskinstance.py:1282} INFO - Exporting the following env vars:
AIRFLOW_CTX_DAG_EMAIL=***@example.com
AIRFLOW_CTX_DAG_OWNER=***
AIRFLOW_CTX_DAG_ID=tutorial
AIRFLOW_CTX_TASK_ID=sleep
AIRFLOW_CTX_EXECUTION_DATE=2021-06-27T10:00:00+00:00
AIRFLOW_CTX_DAG_RUN_ID=scheduled__2021-06-27T10:00:00+00:00
[2021-06-27 10:15:57,644] {subprocess.py:52} INFO - Tmp dir root location: 
 /tmp
[2021-06-27 10:15:57,645] {subprocess.py:63} INFO - Running command: ['bash', '-c', 'sleep 5']
[2021-06-27 10:15:57,666] {subprocess.py:75} INFO - Output:
[2021-06-27 10:16:02,694] {subprocess.py:83} INFO - Command exited with return code 0
[2021-06-27 10:16:02,729] {taskinstance.py:1191} INFO - Marking task as SUCCESS. dag_id=tutorial, task_id=sleep, execution_date=20210627T100000, start_date=20210627T101557, end_date=20210627T101602
[2021-06-27 10:16:02,783] {taskinstance.py:1245} INFO - 0 downstream tasks scheduled from follow-on schedule check
[2021-06-27 10:16:02,808] {local_task_job.py:151} INFO - Task exited with return code 0
