[2021-06-27 10:07:03,074] {taskinstance.py:876} INFO - Dependencies all met for <TaskInstance: segunda_dag.print_the_context 2021-06-27T00:45:00+00:00 [queued]>
[2021-06-27 10:07:03,090] {taskinstance.py:876} INFO - Dependencies all met for <TaskInstance: segunda_dag.print_the_context 2021-06-27T00:45:00+00:00 [queued]>
[2021-06-27 10:07:03,091] {taskinstance.py:1067} INFO - 
--------------------------------------------------------------------------------
[2021-06-27 10:07:03,091] {taskinstance.py:1068} INFO - Starting attempt 1 of 2
[2021-06-27 10:07:03,094] {taskinstance.py:1069} INFO - 
--------------------------------------------------------------------------------
[2021-06-27 10:07:03,110] {taskinstance.py:1087} INFO - Executing <Task(PythonOperator): print_the_context> on 2021-06-27T00:45:00+00:00
[2021-06-27 10:07:03,116] {standard_task_runner.py:52} INFO - Started process 91 to run task
[2021-06-27 10:07:03,120] {standard_task_runner.py:76} INFO - Running: ['***', 'tasks', 'run', 'segunda_dag', 'print_the_context', '2021-06-27T00:45:00+00:00', '--job-id', '226', '--pool', 'default_pool', '--raw', '--subdir', 'DAGS_FOLDER/segunda_dag.py', '--cfg-path', '/tmp/tmp0ee5sgeu', '--error-file', '/tmp/tmpeuwd7g2y']
[2021-06-27 10:07:03,124] {standard_task_runner.py:77} INFO - Job 226: Subtask print_the_context
[2021-06-27 10:07:03,201] {logging_mixin.py:104} INFO - Running <TaskInstance: segunda_dag.print_the_context 2021-06-27T00:45:00+00:00 [running]> on host 72f340316237
[2021-06-27 10:07:03,296] {taskinstance.py:1282} INFO - Exporting the following env vars:
AIRFLOW_CTX_DAG_EMAIL=***@example.com
AIRFLOW_CTX_DAG_OWNER=***
AIRFLOW_CTX_DAG_ID=segunda_dag
AIRFLOW_CTX_TASK_ID=print_the_context
AIRFLOW_CTX_EXECUTION_DATE=2021-06-27T00:45:00+00:00
AIRFLOW_CTX_DAG_RUN_ID=scheduled__2021-06-27T00:45:00+00:00
[2021-06-27 10:07:03,347] {logging_mixin.py:104} INFO - {'conf': <***.configuration.AirflowConfigParser object at 0x7f8593287550>,
 'dag': <DAG: segunda_dag>,
 'dag_run': <DagRun segunda_dag @ 2021-06-27 00:45:00+00:00: scheduled__2021-06-27T00:45:00+00:00, externally triggered: False>,
 'ds': '2021-06-27',
 'ds_nodash': '20210627',
 'execution_date': DateTime(2021, 6, 27, 0, 45, 0, tzinfo=Timezone('+00:00')),
 'inlets': [],
 'macros': <module '***.macros' from '/home/***/.local/lib/python3.6/site-packages/***/macros/__init__.py'>,
 'next_ds': '2021-06-27',
 'next_ds_nodash': '20210627',
 'next_execution_date': DateTime(2021, 6, 27, 0, 50, 0, tzinfo=Timezone('UTC')),
 'outlets': [],
 'params': {},
 'prev_ds': '2021-06-27',
 'prev_ds_nodash': '20210627',
 'prev_execution_date': DateTime(2021, 6, 27, 0, 40, 0, tzinfo=Timezone('UTC')),
 'prev_execution_date_success': <Proxy at 0x7f8587ed9cc8 with factory <function TaskInstance.get_template_context.<locals>.<lambda> at 0x7f8587e71ea0>>,
 'prev_start_date_success': <Proxy at 0x7f8587e404c8 with factory <function TaskInstance.get_template_context.<locals>.<lambda> at 0x7f8587e70ae8>>,
 'run_id': 'scheduled__2021-06-27T00:45:00+00:00',
 't2': 'Outro parametro',
 'task': <Task(PythonOperator): print_the_context>,
 'task_instance': <TaskInstance: segunda_dag.print_the_context 2021-06-27T00:45:00+00:00 [running]>,
 'task_instance_key_str': 'segunda_dag__print_the_context__20210627',
 'templates_dict': None,
 'test_mode': False,
 'ti': <TaskInstance: segunda_dag.print_the_context 2021-06-27T00:45:00+00:00 [running]>,
 'tomorrow_ds': '2021-06-28',
 'tomorrow_ds_nodash': '20210628',
 'ts': '2021-06-27T00:45:00+00:00',
 'ts_nodash': '20210627T004500',
 'ts_nodash_with_tz': '20210627T004500+0000',
 'var': {'json': None, 'value': None},
 'yesterday_ds': '2021-06-26',
 'yesterday_ds_nodash': '20210626'}
[2021-06-27 10:07:03,347] {logging_mixin.py:104} INFO - parametro passado
[2021-06-27 10:07:03,348] {python.py:151} INFO - Done. Returned value was: Whatever you return gets printed in the logs
[2021-06-27 10:07:03,406] {taskinstance.py:1191} INFO - Marking task as SUCCESS. dag_id=segunda_dag, task_id=print_the_context, execution_date=20210627T004500, start_date=20210627T100703, end_date=20210627T100703
[2021-06-27 10:07:03,439] {taskinstance.py:1245} INFO - 0 downstream tasks scheduled from follow-on schedule check
[2021-06-27 10:07:03,455] {local_task_job.py:151} INFO - Task exited with return code 0
