[2021-06-25 15:30:00,789] {taskinstance.py:876} INFO - Dependencies all met for <TaskInstance: tutorial.print_date 2021-06-25T18:15:00+00:00 [queued]>
[2021-06-25 15:30:00,802] {taskinstance.py:876} INFO - Dependencies all met for <TaskInstance: tutorial.print_date 2021-06-25T18:15:00+00:00 [queued]>
[2021-06-25 15:30:00,802] {taskinstance.py:1067} INFO - 
--------------------------------------------------------------------------------
[2021-06-25 15:30:00,802] {taskinstance.py:1068} INFO - Starting attempt 1 of 2
[2021-06-25 15:30:00,803] {taskinstance.py:1069} INFO - 
--------------------------------------------------------------------------------
[2021-06-25 15:30:00,819] {taskinstance.py:1087} INFO - Executing <Task(BashOperator): print_date> on 2021-06-25T18:15:00+00:00
[2021-06-25 15:30:00,823] {standard_task_runner.py:52} INFO - Started process 10471 to run task
[2021-06-25 15:30:00,829] {standard_task_runner.py:76} INFO - Running: ['***', 'tasks', 'run', 'tutorial', 'print_date', '2021-06-25T18:15:00+00:00', '--job-id', '136', '--pool', 'default_pool', '--raw', '--subdir', 'DAGS_FOLDER/primeira_dag.py', '--cfg-path', '/var/folders/x3/r_ng0drn51dgxp8_7cvtb49w0000gn/T/tmpxrjhec2z', '--error-file', '/var/folders/x3/r_ng0drn51dgxp8_7cvtb49w0000gn/T/tmp_gqak4ah']
[2021-06-25 15:30:00,830] {standard_task_runner.py:77} INFO - Job 136: Subtask print_date
[2021-06-25 15:30:00,896] {logging_mixin.py:104} INFO - Running <TaskInstance: tutorial.print_date 2021-06-25T18:15:00+00:00 [running]> on host 28.15.168.192.in-addr.arpa
[2021-06-25 15:30:00,972] {taskinstance.py:1282} INFO - Exporting the following env vars:
AIRFLOW_CTX_DAG_EMAIL=***@example.com
AIRFLOW_CTX_DAG_OWNER=***
AIRFLOW_CTX_DAG_ID=tutorial
AIRFLOW_CTX_TASK_ID=print_date
AIRFLOW_CTX_EXECUTION_DATE=2021-06-25T18:15:00+00:00
AIRFLOW_CTX_DAG_RUN_ID=scheduled__2021-06-25T18:15:00+00:00
[2021-06-25 15:30:00,973] {subprocess.py:52} INFO - Tmp dir root location: 
 /var/folders/x3/r_ng0drn51dgxp8_7cvtb49w0000gn/T
[2021-06-25 15:30:00,973] {subprocess.py:63} INFO - Running command: ['bash', '-c', 'date']
[2021-06-25 15:30:00,978] {subprocess.py:75} INFO - Output:
[2021-06-25 15:30:00,981] {subprocess.py:79} INFO - Sex 25 Jun 2021 15:30:00 -03
[2021-06-25 15:30:00,982] {subprocess.py:83} INFO - Command exited with return code 0
[2021-06-25 15:30:01,021] {taskinstance.py:1191} INFO - Marking task as SUCCESS. dag_id=tutorial, task_id=print_date, execution_date=20210625T181500, start_date=20210625T183000, end_date=20210625T183001
[2021-06-25 15:30:01,054] {taskinstance.py:1245} INFO - 2 downstream tasks scheduled from follow-on schedule check
[2021-06-25 15:30:01,080] {local_task_job.py:151} INFO - Task exited with return code 0
