[2021-06-25 15:40:00,914] {taskinstance.py:876} INFO - Dependencies all met for <TaskInstance: segunda_dag.print_date 2021-06-25T18:35:00+00:00 [queued]>
[2021-06-25 15:40:00,927] {taskinstance.py:876} INFO - Dependencies all met for <TaskInstance: segunda_dag.print_date 2021-06-25T18:35:00+00:00 [queued]>
[2021-06-25 15:40:00,928] {taskinstance.py:1067} INFO - 
--------------------------------------------------------------------------------
[2021-06-25 15:40:00,928] {taskinstance.py:1068} INFO - Starting attempt 1 of 2
[2021-06-25 15:40:00,929] {taskinstance.py:1069} INFO - 
--------------------------------------------------------------------------------
[2021-06-25 15:40:00,946] {taskinstance.py:1087} INFO - Executing <Task(BashOperator): print_date> on 2021-06-25T18:35:00+00:00
[2021-06-25 15:40:00,951] {standard_task_runner.py:52} INFO - Started process 10826 to run task
[2021-06-25 15:40:00,956] {standard_task_runner.py:76} INFO - Running: ['***', 'tasks', 'run', 'segunda_dag', 'print_date', '2021-06-25T18:35:00+00:00', '--job-id', '146', '--pool', 'default_pool', '--raw', '--subdir', 'DAGS_FOLDER/segunda_dag.py', '--cfg-path', '/var/folders/x3/r_ng0drn51dgxp8_7cvtb49w0000gn/T/tmpjxt9_o1x', '--error-file', '/var/folders/x3/r_ng0drn51dgxp8_7cvtb49w0000gn/T/tmppj76z4u2']
[2021-06-25 15:40:00,957] {standard_task_runner.py:77} INFO - Job 146: Subtask print_date
[2021-06-25 15:40:01,027] {logging_mixin.py:104} INFO - Running <TaskInstance: segunda_dag.print_date 2021-06-25T18:35:00+00:00 [running]> on host 28.15.168.192.in-addr.arpa
[2021-06-25 15:40:01,100] {taskinstance.py:1282} INFO - Exporting the following env vars:
AIRFLOW_CTX_DAG_EMAIL=***@example.com
AIRFLOW_CTX_DAG_OWNER=***
AIRFLOW_CTX_DAG_ID=segunda_dag
AIRFLOW_CTX_TASK_ID=print_date
AIRFLOW_CTX_EXECUTION_DATE=2021-06-25T18:35:00+00:00
AIRFLOW_CTX_DAG_RUN_ID=scheduled__2021-06-25T18:35:00+00:00
[2021-06-25 15:40:01,101] {subprocess.py:52} INFO - Tmp dir root location: 
 /var/folders/x3/r_ng0drn51dgxp8_7cvtb49w0000gn/T
[2021-06-25 15:40:01,101] {subprocess.py:63} INFO - Running command: ['bash', '-c', 'date']
[2021-06-25 15:40:01,106] {subprocess.py:75} INFO - Output:
[2021-06-25 15:40:01,109] {subprocess.py:79} INFO - Sex 25 Jun 2021 15:40:01 -03
[2021-06-25 15:40:01,110] {subprocess.py:83} INFO - Command exited with return code 0
[2021-06-25 15:40:01,145] {taskinstance.py:1191} INFO - Marking task as SUCCESS. dag_id=segunda_dag, task_id=print_date, execution_date=20210625T183500, start_date=20210625T184000, end_date=20210625T184001
[2021-06-25 15:40:01,182] {taskinstance.py:1245} INFO - 1 downstream tasks scheduled from follow-on schedule check
[2021-06-25 15:40:01,208] {local_task_job.py:151} INFO - Task exited with return code 0
