[2021-06-27 00:27:45,387] {taskinstance.py:876} INFO - Dependencies all met for <TaskInstance: tutorial.templated 2021-06-27T00:00:00+00:00 [queued]>
[2021-06-27 00:27:45,406] {taskinstance.py:876} INFO - Dependencies all met for <TaskInstance: tutorial.templated 2021-06-27T00:00:00+00:00 [queued]>
[2021-06-27 00:27:45,408] {taskinstance.py:1067} INFO - 
--------------------------------------------------------------------------------
[2021-06-27 00:27:45,409] {taskinstance.py:1068} INFO - Starting attempt 1 of 2
[2021-06-27 00:27:45,412] {taskinstance.py:1069} INFO - 
--------------------------------------------------------------------------------
[2021-06-27 00:27:45,448] {taskinstance.py:1087} INFO - Executing <Task(BashOperator): templated> on 2021-06-27T00:00:00+00:00
[2021-06-27 00:27:45,456] {standard_task_runner.py:52} INFO - Started process 79 to run task
[2021-06-27 00:27:45,460] {standard_task_runner.py:76} INFO - Running: ['***', 'tasks', 'run', 'tutorial', 'templated', '2021-06-27T00:00:00+00:00', '--job-id', '186', '--pool', 'default_pool', '--raw', '--subdir', 'DAGS_FOLDER/primeira_dag.py', '--cfg-path', '/tmp/tmpsou60vri', '--error-file', '/tmp/tmp1m3cm2vy']
[2021-06-27 00:27:45,461] {standard_task_runner.py:77} INFO - Job 186: Subtask templated
[2021-06-27 00:27:45,528] {logging_mixin.py:104} INFO - Running <TaskInstance: tutorial.templated 2021-06-27T00:00:00+00:00 [running]> on host 72f340316237
[2021-06-27 00:27:45,946] {taskinstance.py:1282} INFO - Exporting the following env vars:
AIRFLOW_CTX_DAG_EMAIL=***@example.com
AIRFLOW_CTX_DAG_OWNER=***
AIRFLOW_CTX_DAG_ID=tutorial
AIRFLOW_CTX_TASK_ID=templated
AIRFLOW_CTX_EXECUTION_DATE=2021-06-27T00:00:00+00:00
AIRFLOW_CTX_DAG_RUN_ID=scheduled__2021-06-27T00:00:00+00:00
[2021-06-27 00:27:45,948] {subprocess.py:52} INFO - Tmp dir root location: 
 /tmp
[2021-06-27 00:27:45,949] {subprocess.py:63} INFO - Running command: ['bash', '-c', '\n\n    echo "2021-06-27"\n    echo "2021-07-04"\n    echo "Parameter I passed in"\n\n    echo "2021-06-27"\n    echo "2021-07-04"\n    echo "Parameter I passed in"\n\n    echo "2021-06-27"\n    echo "2021-07-04"\n    echo "Parameter I passed in"\n\n    echo "2021-06-27"\n    echo "2021-07-04"\n    echo "Parameter I passed in"\n\n    echo "2021-06-27"\n    echo "2021-07-04"\n    echo "Parameter I passed in"\n']
[2021-06-27 00:27:45,959] {subprocess.py:75} INFO - Output:
[2021-06-27 00:27:45,961] {subprocess.py:79} INFO - 2021-06-27
[2021-06-27 00:27:45,963] {subprocess.py:79} INFO - 2021-07-04
[2021-06-27 00:27:45,963] {subprocess.py:79} INFO - Parameter I passed in
[2021-06-27 00:27:45,964] {subprocess.py:79} INFO - 2021-06-27
[2021-06-27 00:27:45,965] {subprocess.py:79} INFO - 2021-07-04
[2021-06-27 00:27:45,966] {subprocess.py:79} INFO - Parameter I passed in
[2021-06-27 00:27:45,967] {subprocess.py:79} INFO - 2021-06-27
[2021-06-27 00:27:45,968] {subprocess.py:79} INFO - 2021-07-04
[2021-06-27 00:27:45,969] {subprocess.py:79} INFO - Parameter I passed in
[2021-06-27 00:27:45,969] {subprocess.py:79} INFO - 2021-06-27
[2021-06-27 00:27:45,970] {subprocess.py:79} INFO - 2021-07-04
[2021-06-27 00:27:45,971] {subprocess.py:79} INFO - Parameter I passed in
[2021-06-27 00:27:45,971] {subprocess.py:79} INFO - 2021-06-27
[2021-06-27 00:27:45,973] {subprocess.py:79} INFO - 2021-07-04
[2021-06-27 00:27:45,973] {subprocess.py:79} INFO - Parameter I passed in
[2021-06-27 00:27:45,975] {subprocess.py:83} INFO - Command exited with return code 0
[2021-06-27 00:27:46,007] {taskinstance.py:1191} INFO - Marking task as SUCCESS. dag_id=tutorial, task_id=templated, execution_date=20210627T000000, start_date=20210627T002745, end_date=20210627T002746
[2021-06-27 00:27:46,091] {taskinstance.py:1245} INFO - 0 downstream tasks scheduled from follow-on schedule check
[2021-06-27 00:27:46,122] {local_task_job.py:151} INFO - Task exited with return code 0
