[2021-06-25 14:15:02,298] {taskinstance.py:876} INFO - Dependencies all met for <TaskInstance: tutorial.templated 2021-06-25T17:00:00+00:00 [queued]>
[2021-06-25 14:15:02,314] {taskinstance.py:876} INFO - Dependencies all met for <TaskInstance: tutorial.templated 2021-06-25T17:00:00+00:00 [queued]>
[2021-06-25 14:15:02,315] {taskinstance.py:1067} INFO - 
--------------------------------------------------------------------------------
[2021-06-25 14:15:02,315] {taskinstance.py:1068} INFO - Starting attempt 1 of 2
[2021-06-25 14:15:02,317] {taskinstance.py:1069} INFO - 
--------------------------------------------------------------------------------
[2021-06-25 14:15:02,335] {taskinstance.py:1087} INFO - Executing <Task(BashOperator): templated> on 2021-06-25T17:00:00+00:00
[2021-06-25 14:15:02,340] {standard_task_runner.py:52} INFO - Started process 8792 to run task
[2021-06-25 14:15:02,346] {standard_task_runner.py:76} INFO - Running: ['***', 'tasks', 'run', 'tutorial', 'templated', '2021-06-25T17:00:00+00:00', '--job-id', '95', '--pool', 'default_pool', '--raw', '--subdir', 'DAGS_FOLDER/primeira_dag.py', '--cfg-path', '/var/folders/x3/r_ng0drn51dgxp8_7cvtb49w0000gn/T/tmpxw3n1mf5', '--error-file', '/var/folders/x3/r_ng0drn51dgxp8_7cvtb49w0000gn/T/tmpkcviuze2']
[2021-06-25 14:15:02,346] {standard_task_runner.py:77} INFO - Job 95: Subtask templated
[2021-06-25 14:15:02,415] {logging_mixin.py:104} INFO - Running <TaskInstance: tutorial.templated 2021-06-25T17:00:00+00:00 [running]> on host 28.15.168.192.in-addr.arpa
[2021-06-25 14:15:02,503] {taskinstance.py:1282} INFO - Exporting the following env vars:
AIRFLOW_CTX_DAG_EMAIL=***@example.com
AIRFLOW_CTX_DAG_OWNER=***
AIRFLOW_CTX_DAG_ID=tutorial
AIRFLOW_CTX_TASK_ID=templated
AIRFLOW_CTX_EXECUTION_DATE=2021-06-25T17:00:00+00:00
AIRFLOW_CTX_DAG_RUN_ID=scheduled__2021-06-25T17:00:00+00:00
[2021-06-25 14:15:02,504] {subprocess.py:52} INFO - Tmp dir root location: 
 /var/folders/x3/r_ng0drn51dgxp8_7cvtb49w0000gn/T
[2021-06-25 14:15:02,505] {subprocess.py:63} INFO - Running command: ['bash', '-c', '\n\n    echo "2021-06-25"\n    echo "2021-07-02"\n    echo "Parameter I passed in"\n\n    echo "2021-06-25"\n    echo "2021-07-02"\n    echo "Parameter I passed in"\n\n    echo "2021-06-25"\n    echo "2021-07-02"\n    echo "Parameter I passed in"\n\n    echo "2021-06-25"\n    echo "2021-07-02"\n    echo "Parameter I passed in"\n\n    echo "2021-06-25"\n    echo "2021-07-02"\n    echo "Parameter I passed in"\n']
[2021-06-25 14:15:02,509] {subprocess.py:75} INFO - Output:
[2021-06-25 14:15:02,511] {subprocess.py:79} INFO - 2021-06-25
[2021-06-25 14:15:02,512] {subprocess.py:79} INFO - 2021-07-02
[2021-06-25 14:15:02,512] {subprocess.py:79} INFO - Parameter I passed in
[2021-06-25 14:15:02,512] {subprocess.py:79} INFO - 2021-06-25
[2021-06-25 14:15:02,512] {subprocess.py:79} INFO - 2021-07-02
[2021-06-25 14:15:02,512] {subprocess.py:79} INFO - Parameter I passed in
[2021-06-25 14:15:02,513] {subprocess.py:79} INFO - 2021-06-25
[2021-06-25 14:15:02,513] {subprocess.py:79} INFO - 2021-07-02
[2021-06-25 14:15:02,513] {subprocess.py:79} INFO - Parameter I passed in
[2021-06-25 14:15:02,513] {subprocess.py:79} INFO - 2021-06-25
[2021-06-25 14:15:02,513] {subprocess.py:79} INFO - 2021-07-02
[2021-06-25 14:15:02,513] {subprocess.py:79} INFO - Parameter I passed in
[2021-06-25 14:15:02,514] {subprocess.py:79} INFO - 2021-06-25
[2021-06-25 14:15:02,514] {subprocess.py:79} INFO - 2021-07-02
[2021-06-25 14:15:02,514] {subprocess.py:79} INFO - Parameter I passed in
[2021-06-25 14:15:02,514] {subprocess.py:83} INFO - Command exited with return code 0
[2021-06-25 14:15:02,550] {taskinstance.py:1191} INFO - Marking task as SUCCESS. dag_id=tutorial, task_id=templated, execution_date=20210625T170000, start_date=20210625T171502, end_date=20210625T171502
[2021-06-25 14:15:02,579] {taskinstance.py:1245} INFO - 0 downstream tasks scheduled from follow-on schedule check
[2021-06-25 14:15:02,597] {local_task_job.py:151} INFO - Task exited with return code 0
