[2021-06-27 00:30:02,747] {taskinstance.py:876} INFO - Dependencies all met for <TaskInstance: tutorial.templated 2021-06-27T00:15:00+00:00 [queued]>
[2021-06-27 00:30:02,763] {taskinstance.py:876} INFO - Dependencies all met for <TaskInstance: tutorial.templated 2021-06-27T00:15:00+00:00 [queued]>
[2021-06-27 00:30:02,764] {taskinstance.py:1067} INFO - 
--------------------------------------------------------------------------------
[2021-06-27 00:30:02,765] {taskinstance.py:1068} INFO - Starting attempt 1 of 2
[2021-06-27 00:30:02,767] {taskinstance.py:1069} INFO - 
--------------------------------------------------------------------------------
[2021-06-27 00:30:02,781] {taskinstance.py:1087} INFO - Executing <Task(BashOperator): templated> on 2021-06-27T00:15:00+00:00
[2021-06-27 00:30:02,796] {standard_task_runner.py:52} INFO - Started process 266 to run task
[2021-06-27 00:30:02,799] {standard_task_runner.py:76} INFO - Running: ['***', 'tasks', 'run', 'tutorial', 'templated', '2021-06-27T00:15:00+00:00', '--job-id', '193', '--pool', 'default_pool', '--raw', '--subdir', 'DAGS_FOLDER/primeira_dag.py', '--cfg-path', '/tmp/tmpjz0yg_lh', '--error-file', '/tmp/tmpu7vfzez9']
[2021-06-27 00:30:02,800] {standard_task_runner.py:77} INFO - Job 193: Subtask templated
[2021-06-27 00:30:02,845] {logging_mixin.py:104} INFO - Running <TaskInstance: tutorial.templated 2021-06-27T00:15:00+00:00 [running]> on host 72f340316237
[2021-06-27 00:30:02,924] {taskinstance.py:1282} INFO - Exporting the following env vars:
AIRFLOW_CTX_DAG_EMAIL=***@example.com
AIRFLOW_CTX_DAG_OWNER=***
AIRFLOW_CTX_DAG_ID=tutorial
AIRFLOW_CTX_TASK_ID=templated
AIRFLOW_CTX_EXECUTION_DATE=2021-06-27T00:15:00+00:00
AIRFLOW_CTX_DAG_RUN_ID=scheduled__2021-06-27T00:15:00+00:00
[2021-06-27 00:30:02,926] {subprocess.py:52} INFO - Tmp dir root location: 
 /tmp
[2021-06-27 00:30:02,930] {subprocess.py:63} INFO - Running command: ['bash', '-c', '\n\n    echo "2021-06-27"\n    echo "2021-07-04"\n    echo "Parameter I passed in"\n\n    echo "2021-06-27"\n    echo "2021-07-04"\n    echo "Parameter I passed in"\n\n    echo "2021-06-27"\n    echo "2021-07-04"\n    echo "Parameter I passed in"\n\n    echo "2021-06-27"\n    echo "2021-07-04"\n    echo "Parameter I passed in"\n\n    echo "2021-06-27"\n    echo "2021-07-04"\n    echo "Parameter I passed in"\n']
[2021-06-27 00:30:02,938] {subprocess.py:75} INFO - Output:
[2021-06-27 00:30:02,939] {subprocess.py:79} INFO - 2021-06-27
[2021-06-27 00:30:02,939] {subprocess.py:79} INFO - 2021-07-04
[2021-06-27 00:30:02,940] {subprocess.py:79} INFO - Parameter I passed in
[2021-06-27 00:30:02,940] {subprocess.py:79} INFO - 2021-06-27
[2021-06-27 00:30:02,940] {subprocess.py:79} INFO - 2021-07-04
[2021-06-27 00:30:02,941] {subprocess.py:79} INFO - Parameter I passed in
[2021-06-27 00:30:02,941] {subprocess.py:79} INFO - 2021-06-27
[2021-06-27 00:30:02,942] {subprocess.py:79} INFO - 2021-07-04
[2021-06-27 00:30:02,942] {subprocess.py:79} INFO - Parameter I passed in
[2021-06-27 00:30:02,942] {subprocess.py:79} INFO - 2021-06-27
[2021-06-27 00:30:02,943] {subprocess.py:79} INFO - 2021-07-04
[2021-06-27 00:30:02,943] {subprocess.py:79} INFO - Parameter I passed in
[2021-06-27 00:30:02,943] {subprocess.py:79} INFO - 2021-06-27
[2021-06-27 00:30:02,944] {subprocess.py:79} INFO - 2021-07-04
[2021-06-27 00:30:02,944] {subprocess.py:79} INFO - Parameter I passed in
[2021-06-27 00:30:02,944] {subprocess.py:83} INFO - Command exited with return code 0
[2021-06-27 00:30:02,965] {taskinstance.py:1191} INFO - Marking task as SUCCESS. dag_id=tutorial, task_id=templated, execution_date=20210627T001500, start_date=20210627T003002, end_date=20210627T003002
[2021-06-27 00:30:02,988] {taskinstance.py:1245} INFO - 0 downstream tasks scheduled from follow-on schedule check
[2021-06-27 00:30:03,018] {local_task_job.py:151} INFO - Task exited with return code 0
