[2021-06-25 14:30:01,879] {taskinstance.py:876} INFO - Dependencies all met for <TaskInstance: tutorial.templated 2021-06-25T14:15:00+00:00 [queued]>
[2021-06-25 14:30:01,904] {taskinstance.py:876} INFO - Dependencies all met for <TaskInstance: tutorial.templated 2021-06-25T14:15:00+00:00 [queued]>
[2021-06-25 14:30:01,905] {taskinstance.py:1067} INFO - 
--------------------------------------------------------------------------------
[2021-06-25 14:30:01,905] {taskinstance.py:1068} INFO - Starting attempt 1 of 2
[2021-06-25 14:30:01,907] {taskinstance.py:1069} INFO - 
--------------------------------------------------------------------------------
[2021-06-25 14:30:01,915] {taskinstance.py:1087} INFO - Executing <Task(BashOperator): templated> on 2021-06-25T14:15:00+00:00
[2021-06-25 14:30:01,921] {standard_task_runner.py:52} INFO - Started process 723 to run task
[2021-06-25 14:30:01,925] {standard_task_runner.py:76} INFO - Running: ['***', 'tasks', 'run', 'tutorial', 'templated', '2021-06-25T14:15:00+00:00', '--job-id', '59', '--pool', 'default_pool', '--raw', '--subdir', 'DAGS_FOLDER/primeira_dag.py', '--cfg-path', '/tmp/tmp8qoa7wmr', '--error-file', '/tmp/tmpevdooh26']
[2021-06-25 14:30:01,926] {standard_task_runner.py:77} INFO - Job 59: Subtask templated
[2021-06-25 14:30:01,985] {logging_mixin.py:104} INFO - Running <TaskInstance: tutorial.templated 2021-06-25T14:15:00+00:00 [running]> on host 72f340316237
[2021-06-25 14:30:02,039] {taskinstance.py:1282} INFO - Exporting the following env vars:
AIRFLOW_CTX_DAG_EMAIL=***@example.com
AIRFLOW_CTX_DAG_OWNER=***
AIRFLOW_CTX_DAG_ID=tutorial
AIRFLOW_CTX_TASK_ID=templated
AIRFLOW_CTX_EXECUTION_DATE=2021-06-25T14:15:00+00:00
AIRFLOW_CTX_DAG_RUN_ID=scheduled__2021-06-25T14:15:00+00:00
[2021-06-25 14:30:02,040] {subprocess.py:52} INFO - Tmp dir root location: 
 /tmp
[2021-06-25 14:30:02,041] {subprocess.py:63} INFO - Running command: ['bash', '-c', '\n\n    echo "2021-06-25"\n    echo "2021-07-02"\n    echo "Parameter I passed in"\n\n    echo "2021-06-25"\n    echo "2021-07-02"\n    echo "Parameter I passed in"\n\n    echo "2021-06-25"\n    echo "2021-07-02"\n    echo "Parameter I passed in"\n\n    echo "2021-06-25"\n    echo "2021-07-02"\n    echo "Parameter I passed in"\n\n    echo "2021-06-25"\n    echo "2021-07-02"\n    echo "Parameter I passed in"\n']
[2021-06-25 14:30:02,050] {subprocess.py:75} INFO - Output:
[2021-06-25 14:30:02,050] {subprocess.py:79} INFO - 2021-06-25
[2021-06-25 14:30:02,051] {subprocess.py:79} INFO - 2021-07-02
[2021-06-25 14:30:02,052] {subprocess.py:79} INFO - Parameter I passed in
[2021-06-25 14:30:02,053] {subprocess.py:79} INFO - 2021-06-25
[2021-06-25 14:30:02,053] {subprocess.py:79} INFO - 2021-07-02
[2021-06-25 14:30:02,054] {subprocess.py:79} INFO - Parameter I passed in
[2021-06-25 14:30:02,054] {subprocess.py:79} INFO - 2021-06-25
[2021-06-25 14:30:02,054] {subprocess.py:79} INFO - 2021-07-02
[2021-06-25 14:30:02,055] {subprocess.py:79} INFO - Parameter I passed in
[2021-06-25 14:30:02,055] {subprocess.py:79} INFO - 2021-06-25
[2021-06-25 14:30:02,055] {subprocess.py:79} INFO - 2021-07-02
[2021-06-25 14:30:02,056] {subprocess.py:79} INFO - Parameter I passed in
[2021-06-25 14:30:02,056] {subprocess.py:79} INFO - 2021-06-25
[2021-06-25 14:30:02,057] {subprocess.py:79} INFO - 2021-07-02
[2021-06-25 14:30:02,057] {subprocess.py:79} INFO - Parameter I passed in
[2021-06-25 14:30:02,058] {subprocess.py:83} INFO - Command exited with return code 0
[2021-06-25 14:30:02,079] {taskinstance.py:1191} INFO - Marking task as SUCCESS. dag_id=tutorial, task_id=templated, execution_date=20210625T141500, start_date=20210625T143001, end_date=20210625T143002
[2021-06-25 14:30:02,118] {taskinstance.py:1245} INFO - 0 downstream tasks scheduled from follow-on schedule check
[2021-06-25 14:30:02,138] {local_task_job.py:151} INFO - Task exited with return code 0
