[2021-06-27 00:30:01,680] {taskinstance.py:876} INFO - Dependencies all met for <TaskInstance: segunda_dag.print_date 2021-06-27T00:25:00+00:00 [queued]>
[2021-06-27 00:30:01,704] {taskinstance.py:876} INFO - Dependencies all met for <TaskInstance: segunda_dag.print_date 2021-06-27T00:25:00+00:00 [queued]>
[2021-06-27 00:30:01,704] {taskinstance.py:1067} INFO - 
--------------------------------------------------------------------------------
[2021-06-27 00:30:01,705] {taskinstance.py:1068} INFO - Starting attempt 1 of 2
[2021-06-27 00:30:01,707] {taskinstance.py:1069} INFO - 
--------------------------------------------------------------------------------
[2021-06-27 00:30:01,721] {taskinstance.py:1087} INFO - Executing <Task(BashOperator): print_date> on 2021-06-27T00:25:00+00:00
[2021-06-27 00:30:01,726] {standard_task_runner.py:52} INFO - Started process 259 to run task
[2021-06-27 00:30:01,734] {standard_task_runner.py:76} INFO - Running: ['***', 'tasks', 'run', 'segunda_dag', 'print_date', '2021-06-27T00:25:00+00:00', '--job-id', '192', '--pool', 'default_pool', '--raw', '--subdir', 'DAGS_FOLDER/segunda_dag.py', '--cfg-path', '/tmp/tmp9ayyiw8_', '--error-file', '/tmp/tmp1p1ajbo_']
[2021-06-27 00:30:01,735] {standard_task_runner.py:77} INFO - Job 192: Subtask print_date
[2021-06-27 00:30:01,785] {logging_mixin.py:104} INFO - Running <TaskInstance: segunda_dag.print_date 2021-06-27T00:25:00+00:00 [running]> on host 72f340316237
[2021-06-27 00:30:01,837] {taskinstance.py:1282} INFO - Exporting the following env vars:
AIRFLOW_CTX_DAG_EMAIL=***@example.com
AIRFLOW_CTX_DAG_OWNER=***
AIRFLOW_CTX_DAG_ID=segunda_dag
AIRFLOW_CTX_TASK_ID=print_date
AIRFLOW_CTX_EXECUTION_DATE=2021-06-27T00:25:00+00:00
AIRFLOW_CTX_DAG_RUN_ID=scheduled__2021-06-27T00:25:00+00:00
[2021-06-27 00:30:01,839] {subprocess.py:52} INFO - Tmp dir root location: 
 /tmp
[2021-06-27 00:30:01,840] {subprocess.py:63} INFO - Running command: ['bash', '-c', 'date']
[2021-06-27 00:30:01,847] {subprocess.py:75} INFO - Output:
[2021-06-27 00:30:01,849] {subprocess.py:79} INFO - Sun Jun 27 00:30:01 UTC 2021
[2021-06-27 00:30:01,850] {subprocess.py:83} INFO - Command exited with return code 0
[2021-06-27 00:30:01,879] {taskinstance.py:1191} INFO - Marking task as SUCCESS. dag_id=segunda_dag, task_id=print_date, execution_date=20210627T002500, start_date=20210627T003001, end_date=20210627T003001
[2021-06-27 00:30:01,911] {taskinstance.py:1245} INFO - 1 downstream tasks scheduled from follow-on schedule check
[2021-06-27 00:30:01,948] {local_task_job.py:151} INFO - Task exited with return code 0
