[2021-06-25 14:30:01,795] {taskinstance.py:876} INFO - Dependencies all met for <TaskInstance: tutorial.sleep 2021-06-25T17:15:00+00:00 [queued]>
[2021-06-25 14:30:01,810] {taskinstance.py:876} INFO - Dependencies all met for <TaskInstance: tutorial.sleep 2021-06-25T17:15:00+00:00 [queued]>
[2021-06-25 14:30:01,810] {taskinstance.py:1067} INFO - 
--------------------------------------------------------------------------------
[2021-06-25 14:30:01,810] {taskinstance.py:1068} INFO - Starting attempt 1 of 4
[2021-06-25 14:30:01,812] {taskinstance.py:1069} INFO - 
--------------------------------------------------------------------------------
[2021-06-25 14:30:01,834] {taskinstance.py:1087} INFO - Executing <Task(BashOperator): sleep> on 2021-06-25T17:15:00+00:00
[2021-06-25 14:30:01,838] {standard_task_runner.py:52} INFO - Started process 9094 to run task
[2021-06-25 14:30:01,844] {standard_task_runner.py:76} INFO - Running: ['***', 'tasks', 'run', 'tutorial', 'sleep', '2021-06-25T17:15:00+00:00', '--job-id', '102', '--pool', 'default_pool', '--raw', '--subdir', 'DAGS_FOLDER/primeira_dag.py', '--cfg-path', '/var/folders/x3/r_ng0drn51dgxp8_7cvtb49w0000gn/T/tmp7ncryri1', '--error-file', '/var/folders/x3/r_ng0drn51dgxp8_7cvtb49w0000gn/T/tmp26t3xn2g']
[2021-06-25 14:30:01,846] {standard_task_runner.py:77} INFO - Job 102: Subtask sleep
[2021-06-25 14:30:01,929] {logging_mixin.py:104} INFO - Running <TaskInstance: tutorial.sleep 2021-06-25T17:15:00+00:00 [running]> on host 28.15.168.192.in-addr.arpa
[2021-06-25 14:30:02,014] {taskinstance.py:1282} INFO - Exporting the following env vars:
AIRFLOW_CTX_DAG_EMAIL=***@example.com
AIRFLOW_CTX_DAG_OWNER=***
AIRFLOW_CTX_DAG_ID=tutorial
AIRFLOW_CTX_TASK_ID=sleep
AIRFLOW_CTX_EXECUTION_DATE=2021-06-25T17:15:00+00:00
AIRFLOW_CTX_DAG_RUN_ID=scheduled__2021-06-25T17:15:00+00:00
[2021-06-25 14:30:02,016] {subprocess.py:52} INFO - Tmp dir root location: 
 /var/folders/x3/r_ng0drn51dgxp8_7cvtb49w0000gn/T
[2021-06-25 14:30:02,016] {subprocess.py:63} INFO - Running command: ['bash', '-c', 'sleep 5']
[2021-06-25 14:30:02,021] {subprocess.py:75} INFO - Output:
[2021-06-25 14:30:07,029] {subprocess.py:83} INFO - Command exited with return code 0
[2021-06-25 14:30:07,063] {taskinstance.py:1191} INFO - Marking task as SUCCESS. dag_id=tutorial, task_id=sleep, execution_date=20210625T171500, start_date=20210625T173001, end_date=20210625T173007
[2021-06-25 14:30:07,089] {taskinstance.py:1245} INFO - 0 downstream tasks scheduled from follow-on schedule check
[2021-06-25 14:30:07,118] {local_task_job.py:151} INFO - Task exited with return code 0
