[2021-06-25 15:00:02,070] {taskinstance.py:876} INFO - Dependencies all met for <TaskInstance: tutorial.templated 2021-06-25T14:45:00+00:00 [queued]>
[2021-06-25 15:00:02,090] {taskinstance.py:876} INFO - Dependencies all met for <TaskInstance: tutorial.templated 2021-06-25T14:45:00+00:00 [queued]>
[2021-06-25 15:00:02,091] {taskinstance.py:1067} INFO - 
--------------------------------------------------------------------------------
[2021-06-25 15:00:02,092] {taskinstance.py:1068} INFO - Starting attempt 1 of 2
[2021-06-25 15:00:02,094] {taskinstance.py:1069} INFO - 
--------------------------------------------------------------------------------
[2021-06-25 15:00:02,103] {taskinstance.py:1087} INFO - Executing <Task(BashOperator): templated> on 2021-06-25T14:45:00+00:00
[2021-06-25 15:00:02,112] {standard_task_runner.py:52} INFO - Started process 3147 to run task
[2021-06-25 15:00:02,117] {standard_task_runner.py:76} INFO - Running: ['***', 'tasks', 'run', 'tutorial', 'templated', '2021-06-25T14:45:00+00:00', '--job-id', '79', '--pool', 'default_pool', '--raw', '--subdir', 'DAGS_FOLDER/primeira_dag.py', '--cfg-path', '/tmp/tmp1y4e3h87', '--error-file', '/tmp/tmp1j22afj8']
[2021-06-25 15:00:02,121] {standard_task_runner.py:77} INFO - Job 79: Subtask templated
[2021-06-25 15:00:02,160] {logging_mixin.py:104} INFO - Running <TaskInstance: tutorial.templated 2021-06-25T14:45:00+00:00 [running]> on host 72f340316237
[2021-06-25 15:00:02,218] {taskinstance.py:1282} INFO - Exporting the following env vars:
AIRFLOW_CTX_DAG_EMAIL=***@example.com
AIRFLOW_CTX_DAG_OWNER=***
AIRFLOW_CTX_DAG_ID=tutorial
AIRFLOW_CTX_TASK_ID=templated
AIRFLOW_CTX_EXECUTION_DATE=2021-06-25T14:45:00+00:00
AIRFLOW_CTX_DAG_RUN_ID=scheduled__2021-06-25T14:45:00+00:00
[2021-06-25 15:00:02,219] {subprocess.py:52} INFO - Tmp dir root location: 
 /tmp
[2021-06-25 15:00:02,220] {subprocess.py:63} INFO - Running command: ['bash', '-c', '\n\n    echo "2021-06-25"\n    echo "2021-07-02"\n    echo "Parameter I passed in"\n\n    echo "2021-06-25"\n    echo "2021-07-02"\n    echo "Parameter I passed in"\n\n    echo "2021-06-25"\n    echo "2021-07-02"\n    echo "Parameter I passed in"\n\n    echo "2021-06-25"\n    echo "2021-07-02"\n    echo "Parameter I passed in"\n\n    echo "2021-06-25"\n    echo "2021-07-02"\n    echo "Parameter I passed in"\n']
[2021-06-25 15:00:02,229] {subprocess.py:75} INFO - Output:
[2021-06-25 15:00:02,230] {subprocess.py:79} INFO - 2021-06-25
[2021-06-25 15:00:02,230] {subprocess.py:79} INFO - 2021-07-02
[2021-06-25 15:00:02,231] {subprocess.py:79} INFO - Parameter I passed in
[2021-06-25 15:00:02,231] {subprocess.py:79} INFO - 2021-06-25
[2021-06-25 15:00:02,232] {subprocess.py:79} INFO - 2021-07-02
[2021-06-25 15:00:02,233] {subprocess.py:79} INFO - Parameter I passed in
[2021-06-25 15:00:02,233] {subprocess.py:79} INFO - 2021-06-25
[2021-06-25 15:00:02,234] {subprocess.py:79} INFO - 2021-07-02
[2021-06-25 15:00:02,234] {subprocess.py:79} INFO - Parameter I passed in
[2021-06-25 15:00:02,235] {subprocess.py:79} INFO - 2021-06-25
[2021-06-25 15:00:02,235] {subprocess.py:79} INFO - 2021-07-02
[2021-06-25 15:00:02,236] {subprocess.py:79} INFO - Parameter I passed in
[2021-06-25 15:00:02,236] {subprocess.py:79} INFO - 2021-06-25
[2021-06-25 15:00:02,236] {subprocess.py:79} INFO - 2021-07-02
[2021-06-25 15:00:02,237] {subprocess.py:79} INFO - Parameter I passed in
[2021-06-25 15:00:02,238] {subprocess.py:83} INFO - Command exited with return code 0
[2021-06-25 15:00:02,258] {taskinstance.py:1191} INFO - Marking task as SUCCESS. dag_id=tutorial, task_id=templated, execution_date=20210625T144500, start_date=20210625T150002, end_date=20210625T150002
[2021-06-25 15:00:02,277] {taskinstance.py:1245} INFO - 0 downstream tasks scheduled from follow-on schedule check
[2021-06-25 15:00:02,288] {local_task_job.py:151} INFO - Task exited with return code 0
