[2021-06-27 00:35:09,991] {taskinstance.py:876} INFO - Dependencies all met for <TaskInstance: segunda_dag.print_the_context 2021-06-27T00:30:00+00:00 [queued]>
[2021-06-27 00:35:22,051] {taskinstance.py:876} INFO - Dependencies all met for <TaskInstance: segunda_dag.print_the_context 2021-06-27T00:30:00+00:00 [queued]>
[2021-06-27 00:35:22,053] {taskinstance.py:1067} INFO - 
--------------------------------------------------------------------------------
[2021-06-27 00:35:22,055] {taskinstance.py:1068} INFO - Starting attempt 1 of 2
[2021-06-27 00:35:22,057] {taskinstance.py:1069} INFO - 
--------------------------------------------------------------------------------
[2021-06-27 00:35:22,089] {taskinstance.py:1087} INFO - Executing <Task(PythonOperator): print_the_context> on 2021-06-27T00:30:00+00:00
[2021-06-27 00:35:22,102] {standard_task_runner.py:52} INFO - Started process 685 to run task
[2021-06-27 00:35:22,106] {standard_task_runner.py:76} INFO - Running: ['***', 'tasks', 'run', 'segunda_dag', 'print_the_context', '2021-06-27T00:30:00+00:00', '--job-id', '201', '--pool', 'default_pool', '--raw', '--subdir', 'DAGS_FOLDER/segunda_dag.py', '--cfg-path', '/tmp/tmpqw_y6erk', '--error-file', '/tmp/tmpkq95zfur']
[2021-06-27 00:35:22,107] {standard_task_runner.py:77} INFO - Job 201: Subtask print_the_context
[2021-06-27 00:35:22,155] {logging_mixin.py:104} INFO - Running <TaskInstance: segunda_dag.print_the_context 2021-06-27T00:30:00+00:00 [running]> on host 72f340316237
[2021-06-27 00:35:22,211] {taskinstance.py:1282} INFO - Exporting the following env vars:
AIRFLOW_CTX_DAG_EMAIL=***@example.com
AIRFLOW_CTX_DAG_OWNER=***
AIRFLOW_CTX_DAG_ID=segunda_dag
AIRFLOW_CTX_TASK_ID=print_the_context
AIRFLOW_CTX_EXECUTION_DATE=2021-06-27T00:30:00+00:00
AIRFLOW_CTX_DAG_RUN_ID=scheduled__2021-06-27T00:30:00+00:00
[2021-06-27 00:35:22,237] {logging_mixin.py:104} INFO - {'conf': <***.configuration.AirflowConfigParser object at 0x7f885176f588>,
 'dag': <DAG: segunda_dag>,
 'dag_run': <DagRun segunda_dag @ 2021-06-27 00:30:00+00:00: scheduled__2021-06-27T00:30:00+00:00, externally triggered: False>,
 'ds': '2021-06-27',
 'ds_nodash': '20210627',
 'execution_date': DateTime(2021, 6, 27, 0, 30, 0, tzinfo=Timezone('+00:00')),
 'inlets': [],
 'macros': <module '***.macros' from '/home/***/.local/lib/python3.6/site-packages/***/macros/__init__.py'>,
 'next_ds': '2021-06-27',
 'next_ds_nodash': '20210627',
 'next_execution_date': DateTime(2021, 6, 27, 0, 35, 0, tzinfo=Timezone('UTC')),
 'outlets': [],
 'params': {},
 'prev_ds': '2021-06-27',
 'prev_ds_nodash': '20210627',
 'prev_execution_date': DateTime(2021, 6, 27, 0, 25, 0, tzinfo=Timezone('UTC')),
 'prev_execution_date_success': <Proxy at 0x7f8846324148 with factory <function TaskInstance.get_template_context.<locals>.<lambda> at 0x7f88463c2b70>>,
 'prev_start_date_success': <Proxy at 0x7f88463319c8 with factory <function TaskInstance.get_template_context.<locals>.<lambda> at 0x7f884635a9d8>>,
 'run_id': 'scheduled__2021-06-27T00:30:00+00:00',
 't2': 'Outro parametro',
 'task': <Task(PythonOperator): print_the_context>,
 'task_instance': <TaskInstance: segunda_dag.print_the_context 2021-06-27T00:30:00+00:00 [running]>,
 'task_instance_key_str': 'segunda_dag__print_the_context__20210627',
 'templates_dict': None,
 'test_mode': False,
 'ti': <TaskInstance: segunda_dag.print_the_context 2021-06-27T00:30:00+00:00 [running]>,
 'tomorrow_ds': '2021-06-28',
 'tomorrow_ds_nodash': '20210628',
 'ts': '2021-06-27T00:30:00+00:00',
 'ts_nodash': '20210627T003000',
 'ts_nodash_with_tz': '20210627T003000+0000',
 'var': {'json': None, 'value': None},
 'yesterday_ds': '2021-06-26',
 'yesterday_ds_nodash': '20210626'}
[2021-06-27 00:35:22,238] {logging_mixin.py:104} INFO - parametro passado
[2021-06-27 00:35:22,239] {python.py:151} INFO - Done. Returned value was: Whatever you return gets printed in the logs
[2021-06-27 00:35:22,264] {taskinstance.py:1191} INFO - Marking task as SUCCESS. dag_id=segunda_dag, task_id=print_the_context, execution_date=20210627T003000, start_date=20210627T003510, end_date=20210627T003522
[2021-06-27 00:35:22,281] {taskinstance.py:1245} INFO - 0 downstream tasks scheduled from follow-on schedule check
[2021-06-27 00:35:22,324] {local_task_job.py:151} INFO - Task exited with return code 0
