[2021-06-25 15:00:00,741] {taskinstance.py:876} INFO - Dependencies all met for <TaskInstance: tutorial.print_date 2021-06-25T14:45:00+00:00 [queued]>
[2021-06-25 15:00:00,756] {taskinstance.py:876} INFO - Dependencies all met for <TaskInstance: tutorial.print_date 2021-06-25T14:45:00+00:00 [queued]>
[2021-06-25 15:00:00,757] {taskinstance.py:1067} INFO - 
--------------------------------------------------------------------------------
[2021-06-25 15:00:00,757] {taskinstance.py:1068} INFO - Starting attempt 1 of 2
[2021-06-25 15:00:00,759] {taskinstance.py:1069} INFO - 
--------------------------------------------------------------------------------
[2021-06-25 15:00:00,766] {taskinstance.py:1087} INFO - Executing <Task(BashOperator): print_date> on 2021-06-25T14:45:00+00:00
[2021-06-25 15:00:00,773] {standard_task_runner.py:52} INFO - Started process 3139 to run task
[2021-06-25 15:00:00,776] {standard_task_runner.py:76} INFO - Running: ['***', 'tasks', 'run', 'tutorial', 'print_date', '2021-06-25T14:45:00+00:00', '--job-id', '76', '--pool', 'default_pool', '--raw', '--subdir', 'DAGS_FOLDER/primeira_dag.py', '--cfg-path', '/tmp/tmp4gl2lbcj', '--error-file', '/tmp/tmppwkp__0p']
[2021-06-25 15:00:00,777] {standard_task_runner.py:77} INFO - Job 76: Subtask print_date
[2021-06-25 15:00:00,813] {logging_mixin.py:104} INFO - Running <TaskInstance: tutorial.print_date 2021-06-25T14:45:00+00:00 [running]> on host 72f340316237
[2021-06-25 15:00:00,860] {taskinstance.py:1282} INFO - Exporting the following env vars:
AIRFLOW_CTX_DAG_EMAIL=***@example.com
AIRFLOW_CTX_DAG_OWNER=***
AIRFLOW_CTX_DAG_ID=tutorial
AIRFLOW_CTX_TASK_ID=print_date
AIRFLOW_CTX_EXECUTION_DATE=2021-06-25T14:45:00+00:00
AIRFLOW_CTX_DAG_RUN_ID=scheduled__2021-06-25T14:45:00+00:00
[2021-06-25 15:00:00,861] {subprocess.py:52} INFO - Tmp dir root location: 
 /tmp
[2021-06-25 15:00:00,862] {subprocess.py:63} INFO - Running command: ['bash', '-c', 'date']
[2021-06-25 15:00:00,871] {subprocess.py:75} INFO - Output:
[2021-06-25 15:00:00,872] {subprocess.py:79} INFO - Fri Jun 25 15:00:00 UTC 2021
[2021-06-25 15:00:00,873] {subprocess.py:83} INFO - Command exited with return code 0
[2021-06-25 15:00:00,894] {taskinstance.py:1191} INFO - Marking task as SUCCESS. dag_id=tutorial, task_id=print_date, execution_date=20210625T144500, start_date=20210625T150000, end_date=20210625T150000
[2021-06-25 15:00:00,919] {taskinstance.py:1245} INFO - 2 downstream tasks scheduled from follow-on schedule check
[2021-06-25 15:00:00,948] {local_task_job.py:151} INFO - Task exited with return code 0
