[2021-06-25 14:30:00,596] {taskinstance.py:876} INFO - Dependencies all met for <TaskInstance: tutorial.print_date 2021-06-25T14:15:00+00:00 [queued]>
[2021-06-25 14:30:00,613] {taskinstance.py:876} INFO - Dependencies all met for <TaskInstance: tutorial.print_date 2021-06-25T14:15:00+00:00 [queued]>
[2021-06-25 14:30:00,614] {taskinstance.py:1067} INFO - 
--------------------------------------------------------------------------------
[2021-06-25 14:30:00,615] {taskinstance.py:1068} INFO - Starting attempt 1 of 2
[2021-06-25 14:30:00,617] {taskinstance.py:1069} INFO - 
--------------------------------------------------------------------------------
[2021-06-25 14:30:00,624] {taskinstance.py:1087} INFO - Executing <Task(BashOperator): print_date> on 2021-06-25T14:15:00+00:00
[2021-06-25 14:30:00,630] {standard_task_runner.py:52} INFO - Started process 717 to run task
[2021-06-25 14:30:00,634] {standard_task_runner.py:76} INFO - Running: ['***', 'tasks', 'run', 'tutorial', 'print_date', '2021-06-25T14:15:00+00:00', '--job-id', '57', '--pool', 'default_pool', '--raw', '--subdir', 'DAGS_FOLDER/primeira_dag.py', '--cfg-path', '/tmp/tmpil2t3zry', '--error-file', '/tmp/tmpivrqsq0t']
[2021-06-25 14:30:00,635] {standard_task_runner.py:77} INFO - Job 57: Subtask print_date
[2021-06-25 14:30:00,676] {logging_mixin.py:104} INFO - Running <TaskInstance: tutorial.print_date 2021-06-25T14:15:00+00:00 [running]> on host 72f340316237
[2021-06-25 14:30:00,721] {taskinstance.py:1282} INFO - Exporting the following env vars:
AIRFLOW_CTX_DAG_EMAIL=***@example.com
AIRFLOW_CTX_DAG_OWNER=***
AIRFLOW_CTX_DAG_ID=tutorial
AIRFLOW_CTX_TASK_ID=print_date
AIRFLOW_CTX_EXECUTION_DATE=2021-06-25T14:15:00+00:00
AIRFLOW_CTX_DAG_RUN_ID=scheduled__2021-06-25T14:15:00+00:00
[2021-06-25 14:30:00,723] {subprocess.py:52} INFO - Tmp dir root location: 
 /tmp
[2021-06-25 14:30:00,723] {subprocess.py:63} INFO - Running command: ['bash', '-c', 'date']
[2021-06-25 14:30:00,731] {subprocess.py:75} INFO - Output:
[2021-06-25 14:30:00,733] {subprocess.py:79} INFO - Fri Jun 25 14:30:00 UTC 2021
[2021-06-25 14:30:00,734] {subprocess.py:83} INFO - Command exited with return code 0
[2021-06-25 14:30:00,755] {taskinstance.py:1191} INFO - Marking task as SUCCESS. dag_id=tutorial, task_id=print_date, execution_date=20210625T141500, start_date=20210625T143000, end_date=20210625T143000
[2021-06-25 14:30:00,778] {taskinstance.py:1245} INFO - 2 downstream tasks scheduled from follow-on schedule check
[2021-06-25 14:30:00,807] {local_task_job.py:151} INFO - Task exited with return code 0
