[2021-06-27 00:30:01,497] {taskinstance.py:876} INFO - Dependencies all met for <TaskInstance: tutorial.print_date 2021-06-27T00:15:00+00:00 [queued]>
[2021-06-27 00:30:01,512] {taskinstance.py:876} INFO - Dependencies all met for <TaskInstance: tutorial.print_date 2021-06-27T00:15:00+00:00 [queued]>
[2021-06-27 00:30:01,513] {taskinstance.py:1067} INFO - 
--------------------------------------------------------------------------------
[2021-06-27 00:30:01,514] {taskinstance.py:1068} INFO - Starting attempt 1 of 2
[2021-06-27 00:30:01,518] {taskinstance.py:1069} INFO - 
--------------------------------------------------------------------------------
[2021-06-27 00:30:01,542] {taskinstance.py:1087} INFO - Executing <Task(BashOperator): print_date> on 2021-06-27T00:15:00+00:00
[2021-06-27 00:30:01,548] {standard_task_runner.py:52} INFO - Started process 256 to run task
[2021-06-27 00:30:01,554] {standard_task_runner.py:76} INFO - Running: ['***', 'tasks', 'run', 'tutorial', 'print_date', '2021-06-27T00:15:00+00:00', '--job-id', '190', '--pool', 'default_pool', '--raw', '--subdir', 'DAGS_FOLDER/primeira_dag.py', '--cfg-path', '/tmp/tmp0nvgndvo', '--error-file', '/tmp/tmp_67f891y']
[2021-06-27 00:30:01,555] {standard_task_runner.py:77} INFO - Job 190: Subtask print_date
[2021-06-27 00:30:01,597] {logging_mixin.py:104} INFO - Running <TaskInstance: tutorial.print_date 2021-06-27T00:15:00+00:00 [running]> on host 72f340316237
[2021-06-27 00:30:01,643] {taskinstance.py:1282} INFO - Exporting the following env vars:
AIRFLOW_CTX_DAG_EMAIL=***@example.com
AIRFLOW_CTX_DAG_OWNER=***
AIRFLOW_CTX_DAG_ID=tutorial
AIRFLOW_CTX_TASK_ID=print_date
AIRFLOW_CTX_EXECUTION_DATE=2021-06-27T00:15:00+00:00
AIRFLOW_CTX_DAG_RUN_ID=scheduled__2021-06-27T00:15:00+00:00
[2021-06-27 00:30:01,645] {subprocess.py:52} INFO - Tmp dir root location: 
 /tmp
[2021-06-27 00:30:01,646] {subprocess.py:63} INFO - Running command: ['bash', '-c', 'date']
[2021-06-27 00:30:01,655] {subprocess.py:75} INFO - Output:
[2021-06-27 00:30:01,658] {subprocess.py:79} INFO - Sun Jun 27 00:30:01 UTC 2021
[2021-06-27 00:30:01,659] {subprocess.py:83} INFO - Command exited with return code 0
[2021-06-27 00:30:01,682] {taskinstance.py:1191} INFO - Marking task as SUCCESS. dag_id=tutorial, task_id=print_date, execution_date=20210627T001500, start_date=20210627T003001, end_date=20210627T003001
[2021-06-27 00:30:01,708] {taskinstance.py:1245} INFO - 2 downstream tasks scheduled from follow-on schedule check
[2021-06-27 00:30:01,724] {local_task_job.py:151} INFO - Task exited with return code 0
