[2021-06-25 15:55:03,446] {taskinstance.py:876} INFO - Dependencies all met for <TaskInstance: docker_dag.print_end 2021-06-25T18:50:00+00:00 [queued]>
[2021-06-25 15:55:03,457] {taskinstance.py:876} INFO - Dependencies all met for <TaskInstance: docker_dag.print_end 2021-06-25T18:50:00+00:00 [queued]>
[2021-06-25 15:55:03,458] {taskinstance.py:1067} INFO - 
--------------------------------------------------------------------------------
[2021-06-25 15:55:03,458] {taskinstance.py:1068} INFO - Starting attempt 1 of 2
[2021-06-25 15:55:03,459] {taskinstance.py:1069} INFO - 
--------------------------------------------------------------------------------
[2021-06-25 15:55:03,474] {taskinstance.py:1087} INFO - Executing <Task(BashOperator): print_end> on 2021-06-25T18:50:00+00:00
[2021-06-25 15:55:03,477] {standard_task_runner.py:52} INFO - Started process 11305 to run task
[2021-06-25 15:55:03,482] {standard_task_runner.py:76} INFO - Running: ['***', 'tasks', 'run', 'docker_dag', 'print_end', '2021-06-25T18:50:00+00:00', '--job-id', '168', '--pool', 'default_pool', '--raw', '--subdir', 'DAGS_FOLDER/dag_docker_teste.py', '--cfg-path', '/var/folders/x3/r_ng0drn51dgxp8_7cvtb49w0000gn/T/tmp84p98kjf', '--error-file', '/var/folders/x3/r_ng0drn51dgxp8_7cvtb49w0000gn/T/tmpv_t41z9p']
[2021-06-25 15:55:03,483] {standard_task_runner.py:77} INFO - Job 168: Subtask print_end
[2021-06-25 15:55:03,541] {logging_mixin.py:104} INFO - Running <TaskInstance: docker_dag.print_end 2021-06-25T18:50:00+00:00 [running]> on host 28.15.168.192.in-addr.arpa
[2021-06-25 15:55:03,613] {taskinstance.py:1282} INFO - Exporting the following env vars:
AIRFLOW_CTX_DAG_OWNER=***
AIRFLOW_CTX_DAG_ID=docker_dag
AIRFLOW_CTX_TASK_ID=print_end
AIRFLOW_CTX_EXECUTION_DATE=2021-06-25T18:50:00+00:00
AIRFLOW_CTX_DAG_RUN_ID=scheduled__2021-06-25T18:50:00+00:00
[2021-06-25 15:55:03,614] {subprocess.py:52} INFO - Tmp dir root location: 
 /var/folders/x3/r_ng0drn51dgxp8_7cvtb49w0000gn/T
[2021-06-25 15:55:03,615] {subprocess.py:63} INFO - Running command: ['bash', '-c', 'echo "END"']
[2021-06-25 15:55:03,619] {subprocess.py:75} INFO - Output:
[2021-06-25 15:55:03,621] {subprocess.py:79} INFO - END
[2021-06-25 15:55:03,621] {subprocess.py:83} INFO - Command exited with return code 0
[2021-06-25 15:55:03,653] {taskinstance.py:1191} INFO - Marking task as SUCCESS. dag_id=docker_dag, task_id=print_end, execution_date=20210625T185000, start_date=20210625T185503, end_date=20210625T185503
[2021-06-25 15:55:03,684] {taskinstance.py:1245} INFO - 0 downstream tasks scheduled from follow-on schedule check
[2021-06-25 15:55:03,693] {local_task_job.py:151} INFO - Task exited with return code 0
