[2021-06-25 14:45:01,653] {taskinstance.py:876} INFO - Dependencies all met for <TaskInstance: tutorial.templated 2021-06-25T14:30:00+00:00 [queued]>
[2021-06-25 14:45:01,672] {taskinstance.py:876} INFO - Dependencies all met for <TaskInstance: tutorial.templated 2021-06-25T14:30:00+00:00 [queued]>
[2021-06-25 14:45:01,672] {taskinstance.py:1067} INFO - 
--------------------------------------------------------------------------------
[2021-06-25 14:45:01,673] {taskinstance.py:1068} INFO - Starting attempt 1 of 2
[2021-06-25 14:45:01,675] {taskinstance.py:1069} INFO - 
--------------------------------------------------------------------------------
[2021-06-25 14:45:01,685] {taskinstance.py:1087} INFO - Executing <Task(BashOperator): templated> on 2021-06-25T14:30:00+00:00
[2021-06-25 14:45:01,691] {standard_task_runner.py:52} INFO - Started process 1936 to run task
[2021-06-25 14:45:01,695] {standard_task_runner.py:76} INFO - Running: ['***', 'tasks', 'run', 'tutorial', 'templated', '2021-06-25T14:30:00+00:00', '--job-id', '69', '--pool', 'default_pool', '--raw', '--subdir', 'DAGS_FOLDER/primeira_dag.py', '--cfg-path', '/tmp/tmp5562j_hv', '--error-file', '/tmp/tmpy22k7h9u']
[2021-06-25 14:45:01,696] {standard_task_runner.py:77} INFO - Job 69: Subtask templated
[2021-06-25 14:45:01,747] {logging_mixin.py:104} INFO - Running <TaskInstance: tutorial.templated 2021-06-25T14:30:00+00:00 [running]> on host 72f340316237
[2021-06-25 14:45:01,802] {taskinstance.py:1282} INFO - Exporting the following env vars:
AIRFLOW_CTX_DAG_EMAIL=***@example.com
AIRFLOW_CTX_DAG_OWNER=***
AIRFLOW_CTX_DAG_ID=tutorial
AIRFLOW_CTX_TASK_ID=templated
AIRFLOW_CTX_EXECUTION_DATE=2021-06-25T14:30:00+00:00
AIRFLOW_CTX_DAG_RUN_ID=scheduled__2021-06-25T14:30:00+00:00
[2021-06-25 14:45:01,803] {subprocess.py:52} INFO - Tmp dir root location: 
 /tmp
[2021-06-25 14:45:01,804] {subprocess.py:63} INFO - Running command: ['bash', '-c', '\n\n    echo "2021-06-25"\n    echo "2021-07-02"\n    echo "Parameter I passed in"\n\n    echo "2021-06-25"\n    echo "2021-07-02"\n    echo "Parameter I passed in"\n\n    echo "2021-06-25"\n    echo "2021-07-02"\n    echo "Parameter I passed in"\n\n    echo "2021-06-25"\n    echo "2021-07-02"\n    echo "Parameter I passed in"\n\n    echo "2021-06-25"\n    echo "2021-07-02"\n    echo "Parameter I passed in"\n']
[2021-06-25 14:45:01,811] {subprocess.py:75} INFO - Output:
[2021-06-25 14:45:01,812] {subprocess.py:79} INFO - 2021-06-25
[2021-06-25 14:45:01,813] {subprocess.py:79} INFO - 2021-07-02
[2021-06-25 14:45:01,813] {subprocess.py:79} INFO - Parameter I passed in
[2021-06-25 14:45:01,814] {subprocess.py:79} INFO - 2021-06-25
[2021-06-25 14:45:01,814] {subprocess.py:79} INFO - 2021-07-02
[2021-06-25 14:45:01,815] {subprocess.py:79} INFO - Parameter I passed in
[2021-06-25 14:45:01,815] {subprocess.py:79} INFO - 2021-06-25
[2021-06-25 14:45:01,815] {subprocess.py:79} INFO - 2021-07-02
[2021-06-25 14:45:01,816] {subprocess.py:79} INFO - Parameter I passed in
[2021-06-25 14:45:01,816] {subprocess.py:79} INFO - 2021-06-25
[2021-06-25 14:45:01,817] {subprocess.py:79} INFO - 2021-07-02
[2021-06-25 14:45:01,817] {subprocess.py:79} INFO - Parameter I passed in
[2021-06-25 14:45:01,817] {subprocess.py:79} INFO - 2021-06-25
[2021-06-25 14:45:01,818] {subprocess.py:79} INFO - 2021-07-02
[2021-06-25 14:45:01,818] {subprocess.py:79} INFO - Parameter I passed in
[2021-06-25 14:45:01,819] {subprocess.py:83} INFO - Command exited with return code 0
[2021-06-25 14:45:01,839] {taskinstance.py:1191} INFO - Marking task as SUCCESS. dag_id=tutorial, task_id=templated, execution_date=20210625T143000, start_date=20210625T144501, end_date=20210625T144501
[2021-06-25 14:45:01,859] {taskinstance.py:1245} INFO - 0 downstream tasks scheduled from follow-on schedule check
[2021-06-25 14:45:01,908] {local_task_job.py:151} INFO - Task exited with return code 0
