[2021-06-25 15:00:00,752] {taskinstance.py:876} INFO - Dependencies all met for <TaskInstance: segunda_dag.print_date 2021-06-25T14:55:00+00:00 [queued]>
[2021-06-25 15:00:00,768] {taskinstance.py:876} INFO - Dependencies all met for <TaskInstance: segunda_dag.print_date 2021-06-25T14:55:00+00:00 [queued]>
[2021-06-25 15:00:00,769] {taskinstance.py:1067} INFO - 
--------------------------------------------------------------------------------
[2021-06-25 15:00:00,769] {taskinstance.py:1068} INFO - Starting attempt 1 of 2
[2021-06-25 15:00:00,771] {taskinstance.py:1069} INFO - 
--------------------------------------------------------------------------------
[2021-06-25 15:00:00,779] {taskinstance.py:1087} INFO - Executing <Task(BashOperator): print_date> on 2021-06-25T14:55:00+00:00
[2021-06-25 15:00:00,785] {standard_task_runner.py:52} INFO - Started process 3140 to run task
[2021-06-25 15:00:00,788] {standard_task_runner.py:76} INFO - Running: ['***', 'tasks', 'run', 'segunda_dag', 'print_date', '2021-06-25T14:55:00+00:00', '--job-id', '77', '--pool', 'default_pool', '--raw', '--subdir', 'DAGS_FOLDER/segunda_dag.py', '--cfg-path', '/tmp/tmpmhd8k36a', '--error-file', '/tmp/tmp727h78zu']
[2021-06-25 15:00:00,789] {standard_task_runner.py:77} INFO - Job 77: Subtask print_date
[2021-06-25 15:00:00,829] {logging_mixin.py:104} INFO - Running <TaskInstance: segunda_dag.print_date 2021-06-25T14:55:00+00:00 [running]> on host 72f340316237
[2021-06-25 15:00:00,873] {taskinstance.py:1282} INFO - Exporting the following env vars:
AIRFLOW_CTX_DAG_EMAIL=***@example.com
AIRFLOW_CTX_DAG_OWNER=***
AIRFLOW_CTX_DAG_ID=segunda_dag
AIRFLOW_CTX_TASK_ID=print_date
AIRFLOW_CTX_EXECUTION_DATE=2021-06-25T14:55:00+00:00
AIRFLOW_CTX_DAG_RUN_ID=scheduled__2021-06-25T14:55:00+00:00
[2021-06-25 15:00:00,874] {subprocess.py:52} INFO - Tmp dir root location: 
 /tmp
[2021-06-25 15:00:00,875] {subprocess.py:63} INFO - Running command: ['bash', '-c', 'date']
[2021-06-25 15:00:00,883] {subprocess.py:75} INFO - Output:
[2021-06-25 15:00:00,885] {subprocess.py:79} INFO - Fri Jun 25 15:00:00 UTC 2021
[2021-06-25 15:00:00,885] {subprocess.py:83} INFO - Command exited with return code 0
[2021-06-25 15:00:00,905] {taskinstance.py:1191} INFO - Marking task as SUCCESS. dag_id=segunda_dag, task_id=print_date, execution_date=20210625T145500, start_date=20210625T150000, end_date=20210625T150000
[2021-06-25 15:00:00,928] {taskinstance.py:1245} INFO - 1 downstream tasks scheduled from follow-on schedule check
[2021-06-25 15:00:00,961] {local_task_job.py:151} INFO - Task exited with return code 0
