[2021-06-25 14:30:02,252] {taskinstance.py:876} INFO - Dependencies all met for <TaskInstance: tutorial.sleep 2021-06-25T14:15:00+00:00 [queued]>
[2021-06-25 14:30:02,276] {taskinstance.py:876} INFO - Dependencies all met for <TaskInstance: tutorial.sleep 2021-06-25T14:15:00+00:00 [queued]>
[2021-06-25 14:30:02,277] {taskinstance.py:1067} INFO - 
--------------------------------------------------------------------------------
[2021-06-25 14:30:02,278] {taskinstance.py:1068} INFO - Starting attempt 1 of 4
[2021-06-25 14:30:02,279] {taskinstance.py:1069} INFO - 
--------------------------------------------------------------------------------
[2021-06-25 14:30:02,286] {taskinstance.py:1087} INFO - Executing <Task(BashOperator): sleep> on 2021-06-25T14:15:00+00:00
[2021-06-25 14:30:02,291] {standard_task_runner.py:52} INFO - Started process 727 to run task
[2021-06-25 14:30:02,294] {standard_task_runner.py:76} INFO - Running: ['***', 'tasks', 'run', 'tutorial', 'sleep', '2021-06-25T14:15:00+00:00', '--job-id', '61', '--pool', 'default_pool', '--raw', '--subdir', 'DAGS_FOLDER/primeira_dag.py', '--cfg-path', '/tmp/tmps_b8i8vj', '--error-file', '/tmp/tmpqmzur1v0']
[2021-06-25 14:30:02,295] {standard_task_runner.py:77} INFO - Job 61: Subtask sleep
[2021-06-25 14:30:02,330] {logging_mixin.py:104} INFO - Running <TaskInstance: tutorial.sleep 2021-06-25T14:15:00+00:00 [running]> on host 72f340316237
[2021-06-25 14:30:02,383] {taskinstance.py:1282} INFO - Exporting the following env vars:
AIRFLOW_CTX_DAG_EMAIL=***@example.com
AIRFLOW_CTX_DAG_OWNER=***
AIRFLOW_CTX_DAG_ID=tutorial
AIRFLOW_CTX_TASK_ID=sleep
AIRFLOW_CTX_EXECUTION_DATE=2021-06-25T14:15:00+00:00
AIRFLOW_CTX_DAG_RUN_ID=scheduled__2021-06-25T14:15:00+00:00
[2021-06-25 14:30:02,385] {subprocess.py:52} INFO - Tmp dir root location: 
 /tmp
[2021-06-25 14:30:02,386] {subprocess.py:63} INFO - Running command: ['bash', '-c', 'sleep 5']
[2021-06-25 14:30:02,393] {subprocess.py:75} INFO - Output:
[2021-06-25 14:30:07,397] {subprocess.py:83} INFO - Command exited with return code 0
[2021-06-25 14:30:07,421] {taskinstance.py:1191} INFO - Marking task as SUCCESS. dag_id=tutorial, task_id=sleep, execution_date=20210625T141500, start_date=20210625T143002, end_date=20210625T143007
[2021-06-25 14:30:07,443] {taskinstance.py:1245} INFO - 0 downstream tasks scheduled from follow-on schedule check
[2021-06-25 14:30:07,487] {local_task_job.py:151} INFO - Task exited with return code 0
