[2021-06-25 15:25:01,173] {taskinstance.py:876} INFO - Dependencies all met for <TaskInstance: segunda_dag.print_date 2021-06-25T18:20:00+00:00 [queued]>
[2021-06-25 15:25:01,186] {taskinstance.py:876} INFO - Dependencies all met for <TaskInstance: segunda_dag.print_date 2021-06-25T18:20:00+00:00 [queued]>
[2021-06-25 15:25:01,187] {taskinstance.py:1067} INFO - 
--------------------------------------------------------------------------------
[2021-06-25 15:25:01,187] {taskinstance.py:1068} INFO - Starting attempt 1 of 2
[2021-06-25 15:25:01,188] {taskinstance.py:1069} INFO - 
--------------------------------------------------------------------------------
[2021-06-25 15:25:01,205] {taskinstance.py:1087} INFO - Executing <Task(BashOperator): print_date> on 2021-06-25T18:20:00+00:00
[2021-06-25 15:25:01,209] {standard_task_runner.py:52} INFO - Started process 10316 to run task
[2021-06-25 15:25:01,216] {standard_task_runner.py:76} INFO - Running: ['***', 'tasks', 'run', 'segunda_dag', 'print_date', '2021-06-25T18:20:00+00:00', '--job-id', '134', '--pool', 'default_pool', '--raw', '--subdir', 'DAGS_FOLDER/segunda_dag.py', '--cfg-path', '/var/folders/x3/r_ng0drn51dgxp8_7cvtb49w0000gn/T/tmp9nlub4k9', '--error-file', '/var/folders/x3/r_ng0drn51dgxp8_7cvtb49w0000gn/T/tmppv7asta2']
[2021-06-25 15:25:01,217] {standard_task_runner.py:77} INFO - Job 134: Subtask print_date
[2021-06-25 15:25:01,284] {logging_mixin.py:104} INFO - Running <TaskInstance: segunda_dag.print_date 2021-06-25T18:20:00+00:00 [running]> on host 28.15.168.192.in-addr.arpa
[2021-06-25 15:25:01,349] {taskinstance.py:1282} INFO - Exporting the following env vars:
AIRFLOW_CTX_DAG_EMAIL=***@example.com
AIRFLOW_CTX_DAG_OWNER=***
AIRFLOW_CTX_DAG_ID=segunda_dag
AIRFLOW_CTX_TASK_ID=print_date
AIRFLOW_CTX_EXECUTION_DATE=2021-06-25T18:20:00+00:00
AIRFLOW_CTX_DAG_RUN_ID=scheduled__2021-06-25T18:20:00+00:00
[2021-06-25 15:25:01,350] {subprocess.py:52} INFO - Tmp dir root location: 
 /var/folders/x3/r_ng0drn51dgxp8_7cvtb49w0000gn/T
[2021-06-25 15:25:01,350] {subprocess.py:63} INFO - Running command: ['bash', '-c', 'date']
[2021-06-25 15:25:01,354] {subprocess.py:75} INFO - Output:
[2021-06-25 15:25:01,358] {subprocess.py:79} INFO - Sex 25 Jun 2021 15:25:01 -03
[2021-06-25 15:25:01,358] {subprocess.py:83} INFO - Command exited with return code 0
[2021-06-25 15:25:01,389] {taskinstance.py:1191} INFO - Marking task as SUCCESS. dag_id=segunda_dag, task_id=print_date, execution_date=20210625T182000, start_date=20210625T182501, end_date=20210625T182501
[2021-06-25 15:25:01,421] {taskinstance.py:1245} INFO - 1 downstream tasks scheduled from follow-on schedule check
[2021-06-25 15:25:01,426] {local_task_job.py:151} INFO - Task exited with return code 0
