[2021-06-25 16:05:03,519] {taskinstance.py:876} INFO - Dependencies all met for <TaskInstance: docker_dag.print_end 2021-06-25T19:00:00+00:00 [queued]>
[2021-06-25 16:05:03,531] {taskinstance.py:876} INFO - Dependencies all met for <TaskInstance: docker_dag.print_end 2021-06-25T19:00:00+00:00 [queued]>
[2021-06-25 16:05:03,531] {taskinstance.py:1067} INFO - 
--------------------------------------------------------------------------------
[2021-06-25 16:05:03,531] {taskinstance.py:1068} INFO - Starting attempt 1 of 2
[2021-06-25 16:05:03,532] {taskinstance.py:1069} INFO - 
--------------------------------------------------------------------------------
[2021-06-25 16:05:03,547] {taskinstance.py:1087} INFO - Executing <Task(BashOperator): print_end> on 2021-06-25T19:00:00+00:00
[2021-06-25 16:05:03,551] {standard_task_runner.py:52} INFO - Started process 11634 to run task
[2021-06-25 16:05:03,556] {standard_task_runner.py:76} INFO - Running: ['***', 'tasks', 'run', 'docker_dag', 'print_end', '2021-06-25T19:00:00+00:00', '--job-id', '181', '--pool', 'default_pool', '--raw', '--subdir', 'DAGS_FOLDER/dag_docker_teste.py', '--cfg-path', '/var/folders/x3/r_ng0drn51dgxp8_7cvtb49w0000gn/T/tmpbzibuj_r', '--error-file', '/var/folders/x3/r_ng0drn51dgxp8_7cvtb49w0000gn/T/tmp9l80h0e3']
[2021-06-25 16:05:03,557] {standard_task_runner.py:77} INFO - Job 181: Subtask print_end
[2021-06-25 16:05:03,614] {logging_mixin.py:104} INFO - Running <TaskInstance: docker_dag.print_end 2021-06-25T19:00:00+00:00 [running]> on host 28.15.168.192.in-addr.arpa
[2021-06-25 16:05:03,681] {taskinstance.py:1282} INFO - Exporting the following env vars:
AIRFLOW_CTX_DAG_OWNER=***
AIRFLOW_CTX_DAG_ID=docker_dag
AIRFLOW_CTX_TASK_ID=print_end
AIRFLOW_CTX_EXECUTION_DATE=2021-06-25T19:00:00+00:00
AIRFLOW_CTX_DAG_RUN_ID=scheduled__2021-06-25T19:00:00+00:00
[2021-06-25 16:05:03,682] {subprocess.py:52} INFO - Tmp dir root location: 
 /var/folders/x3/r_ng0drn51dgxp8_7cvtb49w0000gn/T
[2021-06-25 16:05:03,683] {subprocess.py:63} INFO - Running command: ['bash', '-c', 'echo "END"']
[2021-06-25 16:05:03,687] {subprocess.py:75} INFO - Output:
[2021-06-25 16:05:03,689] {subprocess.py:79} INFO - END
[2021-06-25 16:05:03,690] {subprocess.py:83} INFO - Command exited with return code 0
[2021-06-25 16:05:03,722] {taskinstance.py:1191} INFO - Marking task as SUCCESS. dag_id=docker_dag, task_id=print_end, execution_date=20210625T190000, start_date=20210625T190503, end_date=20210625T190503
[2021-06-25 16:05:03,756] {taskinstance.py:1245} INFO - 0 downstream tasks scheduled from follow-on schedule check
[2021-06-25 16:05:03,767] {local_task_job.py:151} INFO - Task exited with return code 0
