[2021-06-25 14:09:38,797] {taskinstance.py:876} INFO - Dependencies all met for <TaskInstance: tutorial.print_date 2021-06-25T17:09:05.147453+00:00 [queued]>
[2021-06-25 14:09:38,808] {taskinstance.py:876} INFO - Dependencies all met for <TaskInstance: tutorial.print_date 2021-06-25T17:09:05.147453+00:00 [queued]>
[2021-06-25 14:09:38,808] {taskinstance.py:1067} INFO - 
--------------------------------------------------------------------------------
[2021-06-25 14:09:38,808] {taskinstance.py:1068} INFO - Starting attempt 1 of 2
[2021-06-25 14:09:38,810] {taskinstance.py:1069} INFO - 
--------------------------------------------------------------------------------
[2021-06-25 14:09:38,823] {taskinstance.py:1087} INFO - Executing <Task(BashOperator): print_date> on 2021-06-25T17:09:05.147453+00:00
[2021-06-25 14:09:38,827] {standard_task_runner.py:52} INFO - Started process 8651 to run task
[2021-06-25 14:09:38,835] {standard_task_runner.py:76} INFO - Running: ['***', 'tasks', 'run', 'tutorial', 'print_date', '2021-06-25T17:09:05.147453+00:00', '--job-id', '86', '--pool', 'default_pool', '--raw', '--subdir', 'DAGS_FOLDER/primeira_dag.py', '--cfg-path', '/var/folders/x3/r_ng0drn51dgxp8_7cvtb49w0000gn/T/tmp2l2o4n0d', '--error-file', '/var/folders/x3/r_ng0drn51dgxp8_7cvtb49w0000gn/T/tmpmx9v86ry']
[2021-06-25 14:09:38,837] {standard_task_runner.py:77} INFO - Job 86: Subtask print_date
[2021-06-25 14:09:38,899] {logging_mixin.py:104} INFO - Running <TaskInstance: tutorial.print_date 2021-06-25T17:09:05.147453+00:00 [running]> on host 28.15.168.192.in-addr.arpa
[2021-06-25 14:09:38,966] {taskinstance.py:1282} INFO - Exporting the following env vars:
AIRFLOW_CTX_DAG_EMAIL=***@example.com
AIRFLOW_CTX_DAG_OWNER=***
AIRFLOW_CTX_DAG_ID=tutorial
AIRFLOW_CTX_TASK_ID=print_date
AIRFLOW_CTX_EXECUTION_DATE=2021-06-25T17:09:05.147453+00:00
AIRFLOW_CTX_DAG_RUN_ID=manual__2021-06-25T17:09:05.147453+00:00
[2021-06-25 14:09:38,967] {subprocess.py:52} INFO - Tmp dir root location: 
 /var/folders/x3/r_ng0drn51dgxp8_7cvtb49w0000gn/T
[2021-06-25 14:09:38,967] {subprocess.py:63} INFO - Running command: ['bash', '-c', 'date']
[2021-06-25 14:09:38,972] {subprocess.py:75} INFO - Output:
[2021-06-25 14:09:38,980] {subprocess.py:79} INFO - Sex 25 Jun 2021 14:09:38 -03
[2021-06-25 14:09:38,981] {subprocess.py:83} INFO - Command exited with return code 0
[2021-06-25 14:09:39,013] {taskinstance.py:1191} INFO - Marking task as SUCCESS. dag_id=tutorial, task_id=print_date, execution_date=20210625T170905, start_date=20210625T170938, end_date=20210625T170939
[2021-06-25 14:09:39,046] {taskinstance.py:1245} INFO - 2 downstream tasks scheduled from follow-on schedule check
[2021-06-25 14:09:39,084] {local_task_job.py:151} INFO - Task exited with return code 0
