[2021-06-25 15:00:01,966] {taskinstance.py:876} INFO - Dependencies all met for <TaskInstance: tutorial.templated 2021-06-25T17:45:00+00:00 [queued]>
[2021-06-25 15:00:01,981] {taskinstance.py:876} INFO - Dependencies all met for <TaskInstance: tutorial.templated 2021-06-25T17:45:00+00:00 [queued]>
[2021-06-25 15:00:01,981] {taskinstance.py:1067} INFO - 
--------------------------------------------------------------------------------
[2021-06-25 15:00:01,981] {taskinstance.py:1068} INFO - Starting attempt 1 of 2
[2021-06-25 15:00:01,983] {taskinstance.py:1069} INFO - 
--------------------------------------------------------------------------------
[2021-06-25 15:00:02,008] {taskinstance.py:1087} INFO - Executing <Task(BashOperator): templated> on 2021-06-25T17:45:00+00:00
[2021-06-25 15:00:02,012] {standard_task_runner.py:52} INFO - Started process 9743 to run task
[2021-06-25 15:00:02,017] {standard_task_runner.py:76} INFO - Running: ['***', 'tasks', 'run', 'tutorial', 'templated', '2021-06-25T17:45:00+00:00', '--job-id', '122', '--pool', 'default_pool', '--raw', '--subdir', 'DAGS_FOLDER/primeira_dag.py', '--cfg-path', '/var/folders/x3/r_ng0drn51dgxp8_7cvtb49w0000gn/T/tmp8e7zrwif', '--error-file', '/var/folders/x3/r_ng0drn51dgxp8_7cvtb49w0000gn/T/tmp4gtqn0oc']
[2021-06-25 15:00:02,019] {standard_task_runner.py:77} INFO - Job 122: Subtask templated
[2021-06-25 15:00:02,091] {logging_mixin.py:104} INFO - Running <TaskInstance: tutorial.templated 2021-06-25T17:45:00+00:00 [running]> on host 28.15.168.192.in-addr.arpa
[2021-06-25 15:00:02,179] {taskinstance.py:1282} INFO - Exporting the following env vars:
AIRFLOW_CTX_DAG_EMAIL=***@example.com
AIRFLOW_CTX_DAG_OWNER=***
AIRFLOW_CTX_DAG_ID=tutorial
AIRFLOW_CTX_TASK_ID=templated
AIRFLOW_CTX_EXECUTION_DATE=2021-06-25T17:45:00+00:00
AIRFLOW_CTX_DAG_RUN_ID=scheduled__2021-06-25T17:45:00+00:00
[2021-06-25 15:00:02,180] {subprocess.py:52} INFO - Tmp dir root location: 
 /var/folders/x3/r_ng0drn51dgxp8_7cvtb49w0000gn/T
[2021-06-25 15:00:02,181] {subprocess.py:63} INFO - Running command: ['bash', '-c', '\n\n    echo "2021-06-25"\n    echo "2021-07-02"\n    echo "Parameter I passed in"\n\n    echo "2021-06-25"\n    echo "2021-07-02"\n    echo "Parameter I passed in"\n\n    echo "2021-06-25"\n    echo "2021-07-02"\n    echo "Parameter I passed in"\n\n    echo "2021-06-25"\n    echo "2021-07-02"\n    echo "Parameter I passed in"\n\n    echo "2021-06-25"\n    echo "2021-07-02"\n    echo "Parameter I passed in"\n']
[2021-06-25 15:00:02,185] {subprocess.py:75} INFO - Output:
[2021-06-25 15:00:02,187] {subprocess.py:79} INFO - 2021-06-25
[2021-06-25 15:00:02,187] {subprocess.py:79} INFO - 2021-07-02
[2021-06-25 15:00:02,187] {subprocess.py:79} INFO - Parameter I passed in
[2021-06-25 15:00:02,188] {subprocess.py:79} INFO - 2021-06-25
[2021-06-25 15:00:02,188] {subprocess.py:79} INFO - 2021-07-02
[2021-06-25 15:00:02,188] {subprocess.py:79} INFO - Parameter I passed in
[2021-06-25 15:00:02,188] {subprocess.py:79} INFO - 2021-06-25
[2021-06-25 15:00:02,188] {subprocess.py:79} INFO - 2021-07-02
[2021-06-25 15:00:02,189] {subprocess.py:79} INFO - Parameter I passed in
[2021-06-25 15:00:02,189] {subprocess.py:79} INFO - 2021-06-25
[2021-06-25 15:00:02,189] {subprocess.py:79} INFO - 2021-07-02
[2021-06-25 15:00:02,189] {subprocess.py:79} INFO - Parameter I passed in
[2021-06-25 15:00:02,189] {subprocess.py:79} INFO - 2021-06-25
[2021-06-25 15:00:02,190] {subprocess.py:79} INFO - 2021-07-02
[2021-06-25 15:00:02,190] {subprocess.py:79} INFO - Parameter I passed in
[2021-06-25 15:00:02,190] {subprocess.py:83} INFO - Command exited with return code 0
[2021-06-25 15:00:02,225] {taskinstance.py:1191} INFO - Marking task as SUCCESS. dag_id=tutorial, task_id=templated, execution_date=20210625T174500, start_date=20210625T180001, end_date=20210625T180002
[2021-06-25 15:00:02,256] {taskinstance.py:1245} INFO - 0 downstream tasks scheduled from follow-on schedule check
[2021-06-25 15:00:02,268] {local_task_job.py:151} INFO - Task exited with return code 0
