[2021-06-25 14:09:40,181] {taskinstance.py:876} INFO - Dependencies all met for <TaskInstance: tutorial.sleep 2021-06-25T17:09:05.147453+00:00 [queued]>
[2021-06-25 14:09:40,192] {taskinstance.py:876} INFO - Dependencies all met for <TaskInstance: tutorial.sleep 2021-06-25T17:09:05.147453+00:00 [queued]>
[2021-06-25 14:09:40,192] {taskinstance.py:1067} INFO - 
--------------------------------------------------------------------------------
[2021-06-25 14:09:40,193] {taskinstance.py:1068} INFO - Starting attempt 1 of 4
[2021-06-25 14:09:40,194] {taskinstance.py:1069} INFO - 
--------------------------------------------------------------------------------
[2021-06-25 14:09:40,210] {taskinstance.py:1087} INFO - Executing <Task(BashOperator): sleep> on 2021-06-25T17:09:05.147453+00:00
[2021-06-25 14:09:40,214] {standard_task_runner.py:52} INFO - Started process 8657 to run task
[2021-06-25 14:09:40,221] {standard_task_runner.py:76} INFO - Running: ['***', 'tasks', 'run', 'tutorial', 'sleep', '2021-06-25T17:09:05.147453+00:00', '--job-id', '87', '--pool', 'default_pool', '--raw', '--subdir', 'DAGS_FOLDER/primeira_dag.py', '--cfg-path', '/var/folders/x3/r_ng0drn51dgxp8_7cvtb49w0000gn/T/tmp2ef4qoia', '--error-file', '/var/folders/x3/r_ng0drn51dgxp8_7cvtb49w0000gn/T/tmp8kvjjwki']
[2021-06-25 14:09:40,222] {standard_task_runner.py:77} INFO - Job 87: Subtask sleep
[2021-06-25 14:09:40,287] {logging_mixin.py:104} INFO - Running <TaskInstance: tutorial.sleep 2021-06-25T17:09:05.147453+00:00 [running]> on host 28.15.168.192.in-addr.arpa
[2021-06-25 14:09:40,358] {taskinstance.py:1282} INFO - Exporting the following env vars:
AIRFLOW_CTX_DAG_EMAIL=***@example.com
AIRFLOW_CTX_DAG_OWNER=***
AIRFLOW_CTX_DAG_ID=tutorial
AIRFLOW_CTX_TASK_ID=sleep
AIRFLOW_CTX_EXECUTION_DATE=2021-06-25T17:09:05.147453+00:00
AIRFLOW_CTX_DAG_RUN_ID=manual__2021-06-25T17:09:05.147453+00:00
[2021-06-25 14:09:40,359] {subprocess.py:52} INFO - Tmp dir root location: 
 /var/folders/x3/r_ng0drn51dgxp8_7cvtb49w0000gn/T
[2021-06-25 14:09:40,359] {subprocess.py:63} INFO - Running command: ['bash', '-c', 'sleep 5']
[2021-06-25 14:09:40,364] {subprocess.py:75} INFO - Output:
[2021-06-25 14:09:45,367] {subprocess.py:83} INFO - Command exited with return code 0
[2021-06-25 14:09:45,405] {taskinstance.py:1191} INFO - Marking task as SUCCESS. dag_id=tutorial, task_id=sleep, execution_date=20210625T170905, start_date=20210625T170940, end_date=20210625T170945
[2021-06-25 14:09:45,432] {taskinstance.py:1245} INFO - 0 downstream tasks scheduled from follow-on schedule check
[2021-06-25 14:09:45,444] {local_task_job.py:151} INFO - Task exited with return code 0
