[2021-06-25 14:35:00,545] {taskinstance.py:876} INFO - Dependencies all met for <TaskInstance: segunda_dag.print_date 2021-06-25T17:30:00+00:00 [queued]>
[2021-06-25 14:35:00,556] {taskinstance.py:876} INFO - Dependencies all met for <TaskInstance: segunda_dag.print_date 2021-06-25T17:30:00+00:00 [queued]>
[2021-06-25 14:35:00,557] {taskinstance.py:1067} INFO - 
--------------------------------------------------------------------------------
[2021-06-25 14:35:00,557] {taskinstance.py:1068} INFO - Starting attempt 1 of 2
[2021-06-25 14:35:00,558] {taskinstance.py:1069} INFO - 
--------------------------------------------------------------------------------
[2021-06-25 14:35:00,572] {taskinstance.py:1087} INFO - Executing <Task(BashOperator): print_date> on 2021-06-25T17:30:00+00:00
[2021-06-25 14:35:00,576] {standard_task_runner.py:52} INFO - Started process 9191 to run task
[2021-06-25 14:35:00,581] {standard_task_runner.py:76} INFO - Running: ['***', 'tasks', 'run', 'segunda_dag', 'print_date', '2021-06-25T17:30:00+00:00', '--job-id', '105', '--pool', 'default_pool', '--raw', '--subdir', 'DAGS_FOLDER/segunda_dag.py', '--cfg-path', '/var/folders/x3/r_ng0drn51dgxp8_7cvtb49w0000gn/T/tmppgcv_q53', '--error-file', '/var/folders/x3/r_ng0drn51dgxp8_7cvtb49w0000gn/T/tmphd9pzvgq']
[2021-06-25 14:35:00,582] {standard_task_runner.py:77} INFO - Job 105: Subtask print_date
[2021-06-25 14:35:00,640] {logging_mixin.py:104} INFO - Running <TaskInstance: segunda_dag.print_date 2021-06-25T17:30:00+00:00 [running]> on host 28.15.168.192.in-addr.arpa
[2021-06-25 14:35:00,708] {taskinstance.py:1282} INFO - Exporting the following env vars:
AIRFLOW_CTX_DAG_EMAIL=***@example.com
AIRFLOW_CTX_DAG_OWNER=***
AIRFLOW_CTX_DAG_ID=segunda_dag
AIRFLOW_CTX_TASK_ID=print_date
AIRFLOW_CTX_EXECUTION_DATE=2021-06-25T17:30:00+00:00
AIRFLOW_CTX_DAG_RUN_ID=scheduled__2021-06-25T17:30:00+00:00
[2021-06-25 14:35:00,709] {subprocess.py:52} INFO - Tmp dir root location: 
 /var/folders/x3/r_ng0drn51dgxp8_7cvtb49w0000gn/T
[2021-06-25 14:35:00,709] {subprocess.py:63} INFO - Running command: ['bash', '-c', 'date']
[2021-06-25 14:35:00,714] {subprocess.py:75} INFO - Output:
[2021-06-25 14:35:00,717] {subprocess.py:79} INFO - Sex 25 Jun 2021 14:35:00 -03
[2021-06-25 14:35:00,717] {subprocess.py:83} INFO - Command exited with return code 0
[2021-06-25 14:35:00,755] {taskinstance.py:1191} INFO - Marking task as SUCCESS. dag_id=segunda_dag, task_id=print_date, execution_date=20210625T173000, start_date=20210625T173500, end_date=20210625T173500
[2021-06-25 14:35:00,786] {taskinstance.py:1245} INFO - 1 downstream tasks scheduled from follow-on schedule check
[2021-06-25 14:35:00,792] {local_task_job.py:151} INFO - Task exited with return code 0
