[2021-06-25 14:09:40,202] {taskinstance.py:876} INFO - Dependencies all met for <TaskInstance: tutorial.templated 2021-06-25T17:09:05.147453+00:00 [queued]>
[2021-06-25 14:09:40,215] {taskinstance.py:876} INFO - Dependencies all met for <TaskInstance: tutorial.templated 2021-06-25T17:09:05.147453+00:00 [queued]>
[2021-06-25 14:09:40,215] {taskinstance.py:1067} INFO - 
--------------------------------------------------------------------------------
[2021-06-25 14:09:40,215] {taskinstance.py:1068} INFO - Starting attempt 1 of 2
[2021-06-25 14:09:40,218] {taskinstance.py:1069} INFO - 
--------------------------------------------------------------------------------
[2021-06-25 14:09:40,235] {taskinstance.py:1087} INFO - Executing <Task(BashOperator): templated> on 2021-06-25T17:09:05.147453+00:00
[2021-06-25 14:09:40,239] {standard_task_runner.py:52} INFO - Started process 8658 to run task
[2021-06-25 14:09:40,247] {standard_task_runner.py:76} INFO - Running: ['***', 'tasks', 'run', 'tutorial', 'templated', '2021-06-25T17:09:05.147453+00:00', '--job-id', '88', '--pool', 'default_pool', '--raw', '--subdir', 'DAGS_FOLDER/primeira_dag.py', '--cfg-path', '/var/folders/x3/r_ng0drn51dgxp8_7cvtb49w0000gn/T/tmpmjz6pk2t', '--error-file', '/var/folders/x3/r_ng0drn51dgxp8_7cvtb49w0000gn/T/tmpoulpl4jv']
[2021-06-25 14:09:40,248] {standard_task_runner.py:77} INFO - Job 88: Subtask templated
[2021-06-25 14:09:40,307] {logging_mixin.py:104} INFO - Running <TaskInstance: tutorial.templated 2021-06-25T17:09:05.147453+00:00 [running]> on host 28.15.168.192.in-addr.arpa
[2021-06-25 14:09:40,380] {taskinstance.py:1282} INFO - Exporting the following env vars:
AIRFLOW_CTX_DAG_EMAIL=***@example.com
AIRFLOW_CTX_DAG_OWNER=***
AIRFLOW_CTX_DAG_ID=tutorial
AIRFLOW_CTX_TASK_ID=templated
AIRFLOW_CTX_EXECUTION_DATE=2021-06-25T17:09:05.147453+00:00
AIRFLOW_CTX_DAG_RUN_ID=manual__2021-06-25T17:09:05.147453+00:00
[2021-06-25 14:09:40,381] {subprocess.py:52} INFO - Tmp dir root location: 
 /var/folders/x3/r_ng0drn51dgxp8_7cvtb49w0000gn/T
[2021-06-25 14:09:40,381] {subprocess.py:63} INFO - Running command: ['bash', '-c', '\n\n    echo "2021-06-25"\n    echo "2021-07-02"\n    echo "Parameter I passed in"\n\n    echo "2021-06-25"\n    echo "2021-07-02"\n    echo "Parameter I passed in"\n\n    echo "2021-06-25"\n    echo "2021-07-02"\n    echo "Parameter I passed in"\n\n    echo "2021-06-25"\n    echo "2021-07-02"\n    echo "Parameter I passed in"\n\n    echo "2021-06-25"\n    echo "2021-07-02"\n    echo "Parameter I passed in"\n']
[2021-06-25 14:09:40,385] {subprocess.py:75} INFO - Output:
[2021-06-25 14:09:40,387] {subprocess.py:79} INFO - 2021-06-25
[2021-06-25 14:09:40,388] {subprocess.py:79} INFO - 2021-07-02
[2021-06-25 14:09:40,388] {subprocess.py:79} INFO - Parameter I passed in
[2021-06-25 14:09:40,388] {subprocess.py:79} INFO - 2021-06-25
[2021-06-25 14:09:40,388] {subprocess.py:79} INFO - 2021-07-02
[2021-06-25 14:09:40,388] {subprocess.py:79} INFO - Parameter I passed in
[2021-06-25 14:09:40,389] {subprocess.py:79} INFO - 2021-06-25
[2021-06-25 14:09:40,389] {subprocess.py:79} INFO - 2021-07-02
[2021-06-25 14:09:40,389] {subprocess.py:79} INFO - Parameter I passed in
[2021-06-25 14:09:40,389] {subprocess.py:79} INFO - 2021-06-25
[2021-06-25 14:09:40,389] {subprocess.py:79} INFO - 2021-07-02
[2021-06-25 14:09:40,389] {subprocess.py:79} INFO - Parameter I passed in
[2021-06-25 14:09:40,390] {subprocess.py:79} INFO - 2021-06-25
[2021-06-25 14:09:40,390] {subprocess.py:79} INFO - 2021-07-02
[2021-06-25 14:09:40,390] {subprocess.py:79} INFO - Parameter I passed in
[2021-06-25 14:09:40,390] {subprocess.py:83} INFO - Command exited with return code 0
[2021-06-25 14:09:40,425] {taskinstance.py:1191} INFO - Marking task as SUCCESS. dag_id=tutorial, task_id=templated, execution_date=20210625T170905, start_date=20210625T170940, end_date=20210625T170940
[2021-06-25 14:09:40,452] {taskinstance.py:1245} INFO - 0 downstream tasks scheduled from follow-on schedule check
[2021-06-25 14:09:40,456] {local_task_job.py:151} INFO - Task exited with return code 0
