[2021-06-27 10:07:03,049] {taskinstance.py:876} INFO - Dependencies all met for <TaskInstance: tutorial.sleep 2021-06-27T09:45:00+00:00 [queued]>
[2021-06-27 10:07:03,078] {taskinstance.py:876} INFO - Dependencies all met for <TaskInstance: tutorial.sleep 2021-06-27T09:45:00+00:00 [queued]>
[2021-06-27 10:07:03,079] {taskinstance.py:1067} INFO - 
--------------------------------------------------------------------------------
[2021-06-27 10:07:03,080] {taskinstance.py:1068} INFO - Starting attempt 1 of 4
[2021-06-27 10:07:03,082] {taskinstance.py:1069} INFO - 
--------------------------------------------------------------------------------
[2021-06-27 10:07:03,098] {taskinstance.py:1087} INFO - Executing <Task(BashOperator): sleep> on 2021-06-27T09:45:00+00:00
[2021-06-27 10:07:03,115] {standard_task_runner.py:52} INFO - Started process 90 to run task
[2021-06-27 10:07:03,121] {standard_task_runner.py:76} INFO - Running: ['***', 'tasks', 'run', 'tutorial', 'sleep', '2021-06-27T09:45:00+00:00', '--job-id', '224', '--pool', 'default_pool', '--raw', '--subdir', 'DAGS_FOLDER/primeira_dag.py', '--cfg-path', '/tmp/tmpqcapqsyt', '--error-file', '/tmp/tmpfgq5jpnz']
[2021-06-27 10:07:03,122] {standard_task_runner.py:77} INFO - Job 224: Subtask sleep
[2021-06-27 10:07:03,206] {logging_mixin.py:104} INFO - Running <TaskInstance: tutorial.sleep 2021-06-27T09:45:00+00:00 [running]> on host 72f340316237
[2021-06-27 10:07:03,312] {taskinstance.py:1282} INFO - Exporting the following env vars:
AIRFLOW_CTX_DAG_EMAIL=***@example.com
AIRFLOW_CTX_DAG_OWNER=***
AIRFLOW_CTX_DAG_ID=tutorial
AIRFLOW_CTX_TASK_ID=sleep
AIRFLOW_CTX_EXECUTION_DATE=2021-06-27T09:45:00+00:00
AIRFLOW_CTX_DAG_RUN_ID=scheduled__2021-06-27T09:45:00+00:00
[2021-06-27 10:07:03,313] {subprocess.py:52} INFO - Tmp dir root location: 
 /tmp
[2021-06-27 10:07:03,314] {subprocess.py:63} INFO - Running command: ['bash', '-c', 'sleep 5']
[2021-06-27 10:07:03,329] {subprocess.py:75} INFO - Output:
[2021-06-27 10:07:08,334] {subprocess.py:83} INFO - Command exited with return code 0
[2021-06-27 10:07:08,531] {taskinstance.py:1191} INFO - Marking task as SUCCESS. dag_id=tutorial, task_id=sleep, execution_date=20210627T094500, start_date=20210627T100703, end_date=20210627T100708
[2021-06-27 10:07:08,564] {taskinstance.py:1245} INFO - 0 downstream tasks scheduled from follow-on schedule check
[2021-06-27 10:07:08,614] {local_task_job.py:151} INFO - Task exited with return code 0
