[2021-06-27 00:27:41,389] {scheduler_job.py:182} INFO - Started process (PID=51) to work on /opt/airflow/dags/primeira_dag.py
[2021-06-27 00:27:41,393] {scheduler_job.py:633} INFO - Processing file /opt/airflow/dags/primeira_dag.py for tasks to queue
[2021-06-27 00:27:41,395] {logging_mixin.py:104} INFO - [2021-06-27 00:27:41,395] {dagbag.py:487} INFO - Filling up the DagBag from /opt/airflow/dags/primeira_dag.py
[2021-06-27 00:27:41,442] {scheduler_job.py:643} INFO - DAG(s) dict_keys(['tutorial']) retrieved from /opt/airflow/dags/primeira_dag.py
[2021-06-27 00:27:41,900] {logging_mixin.py:104} INFO - [2021-06-27 00:27:41,900] {dag.py:1832} INFO - Sync 1 DAGs
[2021-06-27 00:27:41,916] {logging_mixin.py:104} INFO - [2021-06-27 00:27:41,916] {dag.py:2305} INFO - Setting next_dagrun for tutorial to 2021-06-27T00:00:00+00:00
[2021-06-27 00:27:41,930] {scheduler_job.py:190} INFO - Processing /opt/airflow/dags/primeira_dag.py took 0.545 seconds
[2021-06-27 00:28:12,209] {scheduler_job.py:182} INFO - Started process (PID=98) to work on /opt/airflow/dags/primeira_dag.py
[2021-06-27 00:28:12,211] {scheduler_job.py:633} INFO - Processing file /opt/airflow/dags/primeira_dag.py for tasks to queue
[2021-06-27 00:28:12,213] {logging_mixin.py:104} INFO - [2021-06-27 00:28:12,213] {dagbag.py:487} INFO - Filling up the DagBag from /opt/airflow/dags/primeira_dag.py
[2021-06-27 00:28:12,247] {scheduler_job.py:643} INFO - DAG(s) dict_keys(['tutorial']) retrieved from /opt/airflow/dags/primeira_dag.py
[2021-06-27 00:28:12,269] {logging_mixin.py:104} INFO - [2021-06-27 00:28:12,269] {dag.py:1832} INFO - Sync 1 DAGs
[2021-06-27 00:28:12,293] {logging_mixin.py:104} INFO - [2021-06-27 00:28:12,293] {dag.py:2305} INFO - Setting next_dagrun for tutorial to 2021-06-27T00:15:00+00:00
[2021-06-27 00:28:12,304] {scheduler_job.py:190} INFO - Processing /opt/airflow/dags/primeira_dag.py took 0.097 seconds
[2021-06-27 00:28:42,488] {scheduler_job.py:182} INFO - Started process (PID=146) to work on /opt/airflow/dags/primeira_dag.py
[2021-06-27 00:28:42,489] {scheduler_job.py:633} INFO - Processing file /opt/airflow/dags/primeira_dag.py for tasks to queue
[2021-06-27 00:28:42,490] {logging_mixin.py:104} INFO - [2021-06-27 00:28:42,490] {dagbag.py:487} INFO - Filling up the DagBag from /opt/airflow/dags/primeira_dag.py
[2021-06-27 00:28:42,505] {scheduler_job.py:643} INFO - DAG(s) dict_keys(['tutorial']) retrieved from /opt/airflow/dags/primeira_dag.py
[2021-06-27 00:28:42,522] {logging_mixin.py:104} INFO - [2021-06-27 00:28:42,522] {dag.py:1832} INFO - Sync 1 DAGs
[2021-06-27 00:28:42,538] {logging_mixin.py:104} INFO - [2021-06-27 00:28:42,538] {dag.py:2305} INFO - Setting next_dagrun for tutorial to 2021-06-27T00:15:00+00:00
[2021-06-27 00:28:42,567] {scheduler_job.py:190} INFO - Processing /opt/airflow/dags/primeira_dag.py took 0.082 seconds
[2021-06-27 00:29:12,805] {scheduler_job.py:182} INFO - Started process (PID=179) to work on /opt/airflow/dags/primeira_dag.py
[2021-06-27 00:29:12,806] {scheduler_job.py:633} INFO - Processing file /opt/airflow/dags/primeira_dag.py for tasks to queue
[2021-06-27 00:29:12,807] {logging_mixin.py:104} INFO - [2021-06-27 00:29:12,807] {dagbag.py:487} INFO - Filling up the DagBag from /opt/airflow/dags/primeira_dag.py
[2021-06-27 00:29:12,821] {scheduler_job.py:643} INFO - DAG(s) dict_keys(['tutorial']) retrieved from /opt/airflow/dags/primeira_dag.py
[2021-06-27 00:29:12,838] {logging_mixin.py:104} INFO - [2021-06-27 00:29:12,838] {dag.py:1832} INFO - Sync 1 DAGs
[2021-06-27 00:29:12,853] {logging_mixin.py:104} INFO - [2021-06-27 00:29:12,853] {dag.py:2305} INFO - Setting next_dagrun for tutorial to 2021-06-27T00:15:00+00:00
[2021-06-27 00:29:12,862] {scheduler_job.py:190} INFO - Processing /opt/airflow/dags/primeira_dag.py took 0.061 seconds
[2021-06-27 00:29:43,042] {scheduler_job.py:182} INFO - Started process (PID=228) to work on /opt/airflow/dags/primeira_dag.py
[2021-06-27 00:29:43,043] {scheduler_job.py:633} INFO - Processing file /opt/airflow/dags/primeira_dag.py for tasks to queue
[2021-06-27 00:29:43,044] {logging_mixin.py:104} INFO - [2021-06-27 00:29:43,044] {dagbag.py:487} INFO - Filling up the DagBag from /opt/airflow/dags/primeira_dag.py
[2021-06-27 00:29:43,058] {scheduler_job.py:643} INFO - DAG(s) dict_keys(['tutorial']) retrieved from /opt/airflow/dags/primeira_dag.py
[2021-06-27 00:29:43,077] {logging_mixin.py:104} INFO - [2021-06-27 00:29:43,077] {dag.py:1832} INFO - Sync 1 DAGs
[2021-06-27 00:29:43,093] {logging_mixin.py:104} INFO - [2021-06-27 00:29:43,093] {dag.py:2305} INFO - Setting next_dagrun for tutorial to 2021-06-27T00:15:00+00:00
[2021-06-27 00:29:43,423] {scheduler_job.py:190} INFO - Processing /opt/airflow/dags/primeira_dag.py took 0.384 seconds
[2021-06-27 00:30:13,543] {scheduler_job.py:182} INFO - Started process (PID=290) to work on /opt/airflow/dags/primeira_dag.py
[2021-06-27 00:30:13,544] {scheduler_job.py:633} INFO - Processing file /opt/airflow/dags/primeira_dag.py for tasks to queue
[2021-06-27 00:30:13,545] {logging_mixin.py:104} INFO - [2021-06-27 00:30:13,545] {dagbag.py:487} INFO - Filling up the DagBag from /opt/airflow/dags/primeira_dag.py
[2021-06-27 00:30:13,563] {scheduler_job.py:643} INFO - DAG(s) dict_keys(['tutorial']) retrieved from /opt/airflow/dags/primeira_dag.py
[2021-06-27 00:30:13,582] {logging_mixin.py:104} INFO - [2021-06-27 00:30:13,582] {dag.py:1832} INFO - Sync 1 DAGs
[2021-06-27 00:30:13,599] {logging_mixin.py:104} INFO - [2021-06-27 00:30:13,599] {dag.py:2305} INFO - Setting next_dagrun for tutorial to 2021-06-27T00:30:00+00:00
[2021-06-27 00:30:13,607] {scheduler_job.py:190} INFO - Processing /opt/airflow/dags/primeira_dag.py took 0.068 seconds
[2021-06-27 00:30:43,785] {scheduler_job.py:182} INFO - Started process (PID=323) to work on /opt/airflow/dags/primeira_dag.py
[2021-06-27 00:30:43,786] {scheduler_job.py:633} INFO - Processing file /opt/airflow/dags/primeira_dag.py for tasks to queue
[2021-06-27 00:30:43,787] {logging_mixin.py:104} INFO - [2021-06-27 00:30:43,787] {dagbag.py:487} INFO - Filling up the DagBag from /opt/airflow/dags/primeira_dag.py
[2021-06-27 00:30:43,801] {scheduler_job.py:643} INFO - DAG(s) dict_keys(['tutorial']) retrieved from /opt/airflow/dags/primeira_dag.py
[2021-06-27 00:30:43,818] {logging_mixin.py:104} INFO - [2021-06-27 00:30:43,818] {dag.py:1832} INFO - Sync 1 DAGs
[2021-06-27 00:30:43,833] {logging_mixin.py:104} INFO - [2021-06-27 00:30:43,833] {dag.py:2305} INFO - Setting next_dagrun for tutorial to 2021-06-27T00:30:00+00:00
[2021-06-27 00:30:43,842] {scheduler_job.py:190} INFO - Processing /opt/airflow/dags/primeira_dag.py took 0.060 seconds
[2021-06-27 00:31:14,023] {scheduler_job.py:182} INFO - Started process (PID=373) to work on /opt/airflow/dags/primeira_dag.py
[2021-06-27 00:31:14,025] {scheduler_job.py:633} INFO - Processing file /opt/airflow/dags/primeira_dag.py for tasks to queue
[2021-06-27 00:31:14,028] {logging_mixin.py:104} INFO - [2021-06-27 00:31:14,028] {dagbag.py:487} INFO - Filling up the DagBag from /opt/airflow/dags/primeira_dag.py
[2021-06-27 00:31:14,045] {scheduler_job.py:643} INFO - DAG(s) dict_keys(['tutorial']) retrieved from /opt/airflow/dags/primeira_dag.py
[2021-06-27 00:31:14,071] {logging_mixin.py:104} INFO - [2021-06-27 00:31:14,071] {dag.py:1832} INFO - Sync 1 DAGs
[2021-06-27 00:31:14,087] {logging_mixin.py:104} INFO - [2021-06-27 00:31:14,087] {dag.py:2305} INFO - Setting next_dagrun for tutorial to 2021-06-27T00:30:00+00:00
[2021-06-27 00:31:14,194] {scheduler_job.py:190} INFO - Processing /opt/airflow/dags/primeira_dag.py took 0.176 seconds
[2021-06-27 00:31:44,323] {scheduler_job.py:182} INFO - Started process (PID=406) to work on /opt/airflow/dags/primeira_dag.py
[2021-06-27 00:31:44,325] {scheduler_job.py:633} INFO - Processing file /opt/airflow/dags/primeira_dag.py for tasks to queue
[2021-06-27 00:31:44,325] {logging_mixin.py:104} INFO - [2021-06-27 00:31:44,325] {dagbag.py:487} INFO - Filling up the DagBag from /opt/airflow/dags/primeira_dag.py
[2021-06-27 00:31:44,339] {scheduler_job.py:643} INFO - DAG(s) dict_keys(['tutorial']) retrieved from /opt/airflow/dags/primeira_dag.py
[2021-06-27 00:31:44,356] {logging_mixin.py:104} INFO - [2021-06-27 00:31:44,356] {dag.py:1832} INFO - Sync 1 DAGs
[2021-06-27 00:31:44,371] {logging_mixin.py:104} INFO - [2021-06-27 00:31:44,371] {dag.py:2305} INFO - Setting next_dagrun for tutorial to 2021-06-27T00:30:00+00:00
[2021-06-27 00:31:44,381] {scheduler_job.py:190} INFO - Processing /opt/airflow/dags/primeira_dag.py took 0.062 seconds
[2021-06-27 00:32:14,573] {scheduler_job.py:182} INFO - Started process (PID=449) to work on /opt/airflow/dags/primeira_dag.py
[2021-06-27 00:32:14,575] {scheduler_job.py:633} INFO - Processing file /opt/airflow/dags/primeira_dag.py for tasks to queue
[2021-06-27 00:32:14,576] {logging_mixin.py:104} INFO - [2021-06-27 00:32:14,576] {dagbag.py:487} INFO - Filling up the DagBag from /opt/airflow/dags/primeira_dag.py
[2021-06-27 00:32:14,592] {scheduler_job.py:643} INFO - DAG(s) dict_keys(['tutorial']) retrieved from /opt/airflow/dags/primeira_dag.py
[2021-06-27 00:32:14,611] {logging_mixin.py:104} INFO - [2021-06-27 00:32:14,611] {dag.py:1832} INFO - Sync 1 DAGs
[2021-06-27 00:32:14,627] {logging_mixin.py:104} INFO - [2021-06-27 00:32:14,627] {dag.py:2305} INFO - Setting next_dagrun for tutorial to 2021-06-27T00:30:00+00:00
[2021-06-27 00:32:14,636] {scheduler_job.py:190} INFO - Processing /opt/airflow/dags/primeira_dag.py took 0.068 seconds
[2021-06-27 00:32:44,822] {scheduler_job.py:182} INFO - Started process (PID=488) to work on /opt/airflow/dags/primeira_dag.py
[2021-06-27 00:32:44,823] {scheduler_job.py:633} INFO - Processing file /opt/airflow/dags/primeira_dag.py for tasks to queue
[2021-06-27 00:32:44,824] {logging_mixin.py:104} INFO - [2021-06-27 00:32:44,824] {dagbag.py:487} INFO - Filling up the DagBag from /opt/airflow/dags/primeira_dag.py
[2021-06-27 00:32:44,839] {scheduler_job.py:643} INFO - DAG(s) dict_keys(['tutorial']) retrieved from /opt/airflow/dags/primeira_dag.py
[2021-06-27 00:32:44,857] {logging_mixin.py:104} INFO - [2021-06-27 00:32:44,857] {dag.py:1832} INFO - Sync 1 DAGs
[2021-06-27 00:32:44,872] {logging_mixin.py:104} INFO - [2021-06-27 00:32:44,872] {dag.py:2305} INFO - Setting next_dagrun for tutorial to 2021-06-27T00:30:00+00:00
[2021-06-27 00:32:44,994] {scheduler_job.py:190} INFO - Processing /opt/airflow/dags/primeira_dag.py took 0.176 seconds
[2021-06-27 00:33:15,111] {scheduler_job.py:182} INFO - Started process (PID=540) to work on /opt/airflow/dags/primeira_dag.py
[2021-06-27 00:33:15,112] {scheduler_job.py:633} INFO - Processing file /opt/airflow/dags/primeira_dag.py for tasks to queue
[2021-06-27 00:33:15,113] {logging_mixin.py:104} INFO - [2021-06-27 00:33:15,113] {dagbag.py:487} INFO - Filling up the DagBag from /opt/airflow/dags/primeira_dag.py
[2021-06-27 00:33:15,127] {scheduler_job.py:643} INFO - DAG(s) dict_keys(['tutorial']) retrieved from /opt/airflow/dags/primeira_dag.py
[2021-06-27 00:33:15,144] {logging_mixin.py:104} INFO - [2021-06-27 00:33:15,144] {dag.py:1832} INFO - Sync 1 DAGs
[2021-06-27 00:33:15,160] {logging_mixin.py:104} INFO - [2021-06-27 00:33:15,160] {dag.py:2305} INFO - Setting next_dagrun for tutorial to 2021-06-27T00:30:00+00:00
[2021-06-27 00:33:15,171] {scheduler_job.py:190} INFO - Processing /opt/airflow/dags/primeira_dag.py took 0.063 seconds
[2021-06-27 00:33:45,378] {scheduler_job.py:182} INFO - Started process (PID=590) to work on /opt/airflow/dags/primeira_dag.py
[2021-06-27 00:33:45,380] {scheduler_job.py:633} INFO - Processing file /opt/airflow/dags/primeira_dag.py for tasks to queue
[2021-06-27 00:33:45,381] {logging_mixin.py:104} INFO - [2021-06-27 00:33:45,381] {dagbag.py:487} INFO - Filling up the DagBag from /opt/airflow/dags/primeira_dag.py
[2021-06-27 00:33:45,401] {scheduler_job.py:643} INFO - DAG(s) dict_keys(['tutorial']) retrieved from /opt/airflow/dags/primeira_dag.py
[2021-06-27 00:33:45,418] {logging_mixin.py:104} INFO - [2021-06-27 00:33:45,418] {dag.py:1832} INFO - Sync 1 DAGs
[2021-06-27 00:33:45,434] {logging_mixin.py:104} INFO - [2021-06-27 00:33:45,434] {dag.py:2305} INFO - Setting next_dagrun for tutorial to 2021-06-27T00:30:00+00:00
[2021-06-27 00:33:45,446] {scheduler_job.py:190} INFO - Processing /opt/airflow/dags/primeira_dag.py took 0.072 seconds
[2021-06-27 00:34:15,598] {scheduler_job.py:182} INFO - Started process (PID=624) to work on /opt/airflow/dags/primeira_dag.py
[2021-06-27 00:34:15,600] {scheduler_job.py:633} INFO - Processing file /opt/airflow/dags/primeira_dag.py for tasks to queue
[2021-06-27 00:34:15,601] {logging_mixin.py:104} INFO - [2021-06-27 00:34:15,601] {dagbag.py:487} INFO - Filling up the DagBag from /opt/airflow/dags/primeira_dag.py
[2021-06-27 00:34:15,615] {scheduler_job.py:643} INFO - DAG(s) dict_keys(['tutorial']) retrieved from /opt/airflow/dags/primeira_dag.py
[2021-06-27 00:34:15,632] {logging_mixin.py:104} INFO - [2021-06-27 00:34:15,632] {dag.py:1832} INFO - Sync 1 DAGs
[2021-06-27 00:34:15,647] {logging_mixin.py:104} INFO - [2021-06-27 00:34:15,647] {dag.py:2305} INFO - Setting next_dagrun for tutorial to 2021-06-27T00:30:00+00:00
[2021-06-27 00:34:15,655] {scheduler_job.py:190} INFO - Processing /opt/airflow/dags/primeira_dag.py took 0.060 seconds
[2021-06-27 00:34:45,838] {scheduler_job.py:182} INFO - Started process (PID=674) to work on /opt/airflow/dags/primeira_dag.py
[2021-06-27 00:34:45,840] {scheduler_job.py:633} INFO - Processing file /opt/airflow/dags/primeira_dag.py for tasks to queue
[2021-06-27 00:34:45,841] {logging_mixin.py:104} INFO - [2021-06-27 00:34:45,841] {dagbag.py:487} INFO - Filling up the DagBag from /opt/airflow/dags/primeira_dag.py
[2021-06-27 00:34:45,869] {scheduler_job.py:643} INFO - DAG(s) dict_keys(['tutorial']) retrieved from /opt/airflow/dags/primeira_dag.py
[2021-06-27 00:34:45,898] {logging_mixin.py:104} INFO - [2021-06-27 00:34:45,898] {dag.py:1832} INFO - Sync 1 DAGs
[2021-06-27 00:34:45,928] {logging_mixin.py:104} INFO - [2021-06-27 00:34:45,927] {dag.py:2305} INFO - Setting next_dagrun for tutorial to 2021-06-27T00:30:00+00:00
[2021-06-27 00:34:45,951] {scheduler_job.py:190} INFO - Processing /opt/airflow/dags/primeira_dag.py took 0.117 seconds
[2021-06-27 00:35:22,053] {scheduler_job.py:182} INFO - Started process (PID=718) to work on /opt/airflow/dags/primeira_dag.py
[2021-06-27 00:35:22,055] {scheduler_job.py:633} INFO - Processing file /opt/airflow/dags/primeira_dag.py for tasks to queue
[2021-06-27 00:35:22,066] {logging_mixin.py:104} INFO - [2021-06-27 00:35:22,066] {dagbag.py:487} INFO - Filling up the DagBag from /opt/airflow/dags/primeira_dag.py
[2021-06-27 00:35:22,090] {scheduler_job.py:643} INFO - DAG(s) dict_keys(['tutorial']) retrieved from /opt/airflow/dags/primeira_dag.py
[2021-06-27 00:35:22,132] {logging_mixin.py:104} INFO - [2021-06-27 00:35:22,132] {dag.py:1832} INFO - Sync 1 DAGs
[2021-06-27 00:35:22,149] {logging_mixin.py:104} INFO - [2021-06-27 00:35:22,149] {dag.py:2305} INFO - Setting next_dagrun for tutorial to 2021-06-27T00:30:00+00:00
[2021-06-27 00:35:22,166] {scheduler_job.py:190} INFO - Processing /opt/airflow/dags/primeira_dag.py took 5.704 seconds
[2021-06-27 00:35:52,190] {scheduler_job.py:182} INFO - Started process (PID=752) to work on /opt/airflow/dags/primeira_dag.py
[2021-06-27 00:35:52,191] {scheduler_job.py:633} INFO - Processing file /opt/airflow/dags/primeira_dag.py for tasks to queue
[2021-06-27 00:35:52,192] {logging_mixin.py:104} INFO - [2021-06-27 00:35:52,192] {dagbag.py:487} INFO - Filling up the DagBag from /opt/airflow/dags/primeira_dag.py
[2021-06-27 00:35:52,209] {scheduler_job.py:643} INFO - DAG(s) dict_keys(['tutorial']) retrieved from /opt/airflow/dags/primeira_dag.py
[2021-06-27 00:35:52,235] {logging_mixin.py:104} INFO - [2021-06-27 00:35:52,235] {dag.py:1832} INFO - Sync 1 DAGs
[2021-06-27 00:35:52,258] {logging_mixin.py:104} INFO - [2021-06-27 00:35:52,258] {dag.py:2305} INFO - Setting next_dagrun for tutorial to 2021-06-27T00:30:00+00:00
[2021-06-27 00:35:52,269] {scheduler_job.py:190} INFO - Processing /opt/airflow/dags/primeira_dag.py took 0.083 seconds
[2021-06-27 00:36:22,468] {scheduler_job.py:182} INFO - Started process (PID=801) to work on /opt/airflow/dags/primeira_dag.py
[2021-06-27 00:36:22,469] {scheduler_job.py:633} INFO - Processing file /opt/airflow/dags/primeira_dag.py for tasks to queue
[2021-06-27 00:36:22,470] {logging_mixin.py:104} INFO - [2021-06-27 00:36:22,470] {dagbag.py:487} INFO - Filling up the DagBag from /opt/airflow/dags/primeira_dag.py
[2021-06-27 00:36:22,485] {scheduler_job.py:643} INFO - DAG(s) dict_keys(['tutorial']) retrieved from /opt/airflow/dags/primeira_dag.py
[2021-06-27 00:36:22,506] {logging_mixin.py:104} INFO - [2021-06-27 00:36:22,506] {dag.py:1832} INFO - Sync 1 DAGs
[2021-06-27 00:36:22,525] {logging_mixin.py:104} INFO - [2021-06-27 00:36:22,525] {dag.py:2305} INFO - Setting next_dagrun for tutorial to 2021-06-27T00:30:00+00:00
[2021-06-27 00:36:22,543] {scheduler_job.py:190} INFO - Processing /opt/airflow/dags/primeira_dag.py took 0.079 seconds
[2021-06-27 00:36:52,743] {scheduler_job.py:182} INFO - Started process (PID=844) to work on /opt/airflow/dags/primeira_dag.py
[2021-06-27 00:36:52,744] {scheduler_job.py:633} INFO - Processing file /opt/airflow/dags/primeira_dag.py for tasks to queue
[2021-06-27 00:36:52,745] {logging_mixin.py:104} INFO - [2021-06-27 00:36:52,745] {dagbag.py:487} INFO - Filling up the DagBag from /opt/airflow/dags/primeira_dag.py
[2021-06-27 00:36:52,760] {scheduler_job.py:643} INFO - DAG(s) dict_keys(['tutorial']) retrieved from /opt/airflow/dags/primeira_dag.py
[2021-06-27 00:36:52,780] {logging_mixin.py:104} INFO - [2021-06-27 00:36:52,780] {dag.py:1832} INFO - Sync 1 DAGs
[2021-06-27 00:36:52,797] {logging_mixin.py:104} INFO - [2021-06-27 00:36:52,797] {dag.py:2305} INFO - Setting next_dagrun for tutorial to 2021-06-27T00:30:00+00:00
[2021-06-27 00:36:52,829] {scheduler_job.py:190} INFO - Processing /opt/airflow/dags/primeira_dag.py took 0.090 seconds
[2021-06-27 00:37:23,027] {scheduler_job.py:182} INFO - Started process (PID=884) to work on /opt/airflow/dags/primeira_dag.py
[2021-06-27 00:37:23,028] {scheduler_job.py:633} INFO - Processing file /opt/airflow/dags/primeira_dag.py for tasks to queue
[2021-06-27 00:37:23,029] {logging_mixin.py:104} INFO - [2021-06-27 00:37:23,029] {dagbag.py:487} INFO - Filling up the DagBag from /opt/airflow/dags/primeira_dag.py
[2021-06-27 00:37:23,043] {scheduler_job.py:643} INFO - DAG(s) dict_keys(['tutorial']) retrieved from /opt/airflow/dags/primeira_dag.py
[2021-06-27 00:37:23,062] {logging_mixin.py:104} INFO - [2021-06-27 00:37:23,062] {dag.py:1832} INFO - Sync 1 DAGs
[2021-06-27 00:37:23,078] {logging_mixin.py:104} INFO - [2021-06-27 00:37:23,078] {dag.py:2305} INFO - Setting next_dagrun for tutorial to 2021-06-27T00:30:00+00:00
[2021-06-27 00:37:23,092] {scheduler_job.py:190} INFO - Processing /opt/airflow/dags/primeira_dag.py took 0.067 seconds
[2021-06-27 00:37:53,282] {scheduler_job.py:182} INFO - Started process (PID=935) to work on /opt/airflow/dags/primeira_dag.py
[2021-06-27 00:37:53,283] {scheduler_job.py:633} INFO - Processing file /opt/airflow/dags/primeira_dag.py for tasks to queue
[2021-06-27 00:37:53,284] {logging_mixin.py:104} INFO - [2021-06-27 00:37:53,284] {dagbag.py:487} INFO - Filling up the DagBag from /opt/airflow/dags/primeira_dag.py
[2021-06-27 00:37:53,298] {scheduler_job.py:643} INFO - DAG(s) dict_keys(['tutorial']) retrieved from /opt/airflow/dags/primeira_dag.py
[2021-06-27 00:37:53,328] {logging_mixin.py:104} INFO - [2021-06-27 00:37:53,328] {dag.py:1832} INFO - Sync 1 DAGs
[2021-06-27 00:37:53,345] {logging_mixin.py:104} INFO - [2021-06-27 00:37:53,345] {dag.py:2305} INFO - Setting next_dagrun for tutorial to 2021-06-27T00:30:00+00:00
[2021-06-27 00:37:53,356] {scheduler_job.py:190} INFO - Processing /opt/airflow/dags/primeira_dag.py took 0.077 seconds
[2021-06-27 00:38:23,565] {scheduler_job.py:182} INFO - Started process (PID=986) to work on /opt/airflow/dags/primeira_dag.py
[2021-06-27 00:38:23,566] {scheduler_job.py:633} INFO - Processing file /opt/airflow/dags/primeira_dag.py for tasks to queue
[2021-06-27 00:38:23,567] {logging_mixin.py:104} INFO - [2021-06-27 00:38:23,567] {dagbag.py:487} INFO - Filling up the DagBag from /opt/airflow/dags/primeira_dag.py
[2021-06-27 00:38:23,582] {scheduler_job.py:643} INFO - DAG(s) dict_keys(['tutorial']) retrieved from /opt/airflow/dags/primeira_dag.py
[2021-06-27 00:38:23,599] {logging_mixin.py:104} INFO - [2021-06-27 00:38:23,599] {dag.py:1832} INFO - Sync 1 DAGs
[2021-06-27 00:38:23,616] {logging_mixin.py:104} INFO - [2021-06-27 00:38:23,616] {dag.py:2305} INFO - Setting next_dagrun for tutorial to 2021-06-27T00:30:00+00:00
[2021-06-27 00:38:23,631] {scheduler_job.py:190} INFO - Processing /opt/airflow/dags/primeira_dag.py took 0.068 seconds
[2021-06-27 00:38:53,804] {scheduler_job.py:182} INFO - Started process (PID=1020) to work on /opt/airflow/dags/primeira_dag.py
[2021-06-27 00:38:53,806] {scheduler_job.py:633} INFO - Processing file /opt/airflow/dags/primeira_dag.py for tasks to queue
[2021-06-27 00:38:53,807] {logging_mixin.py:104} INFO - [2021-06-27 00:38:53,807] {dagbag.py:487} INFO - Filling up the DagBag from /opt/airflow/dags/primeira_dag.py
[2021-06-27 00:38:53,822] {scheduler_job.py:643} INFO - DAG(s) dict_keys(['tutorial']) retrieved from /opt/airflow/dags/primeira_dag.py
[2021-06-27 00:38:53,844] {logging_mixin.py:104} INFO - [2021-06-27 00:38:53,843] {dag.py:1832} INFO - Sync 1 DAGs
[2021-06-27 00:38:53,861] {logging_mixin.py:104} INFO - [2021-06-27 00:38:53,861] {dag.py:2305} INFO - Setting next_dagrun for tutorial to 2021-06-27T00:30:00+00:00
[2021-06-27 00:38:53,877] {scheduler_job.py:190} INFO - Processing /opt/airflow/dags/primeira_dag.py took 0.075 seconds
[2021-06-27 00:39:24,046] {scheduler_job.py:182} INFO - Started process (PID=1068) to work on /opt/airflow/dags/primeira_dag.py
[2021-06-27 00:39:24,047] {scheduler_job.py:633} INFO - Processing file /opt/airflow/dags/primeira_dag.py for tasks to queue
[2021-06-27 00:39:24,048] {logging_mixin.py:104} INFO - [2021-06-27 00:39:24,048] {dagbag.py:487} INFO - Filling up the DagBag from /opt/airflow/dags/primeira_dag.py
[2021-06-27 00:39:24,062] {scheduler_job.py:643} INFO - DAG(s) dict_keys(['tutorial']) retrieved from /opt/airflow/dags/primeira_dag.py
[2021-06-27 00:39:24,080] {logging_mixin.py:104} INFO - [2021-06-27 00:39:24,080] {dag.py:1832} INFO - Sync 1 DAGs
[2021-06-27 00:39:24,095] {logging_mixin.py:104} INFO - [2021-06-27 00:39:24,095] {dag.py:2305} INFO - Setting next_dagrun for tutorial to 2021-06-27T00:30:00+00:00
[2021-06-27 00:39:24,110] {scheduler_job.py:190} INFO - Processing /opt/airflow/dags/primeira_dag.py took 0.067 seconds
[2021-06-27 00:39:54,263] {scheduler_job.py:182} INFO - Started process (PID=1112) to work on /opt/airflow/dags/primeira_dag.py
[2021-06-27 00:39:54,264] {scheduler_job.py:633} INFO - Processing file /opt/airflow/dags/primeira_dag.py for tasks to queue
[2021-06-27 00:39:54,265] {logging_mixin.py:104} INFO - [2021-06-27 00:39:54,265] {dagbag.py:487} INFO - Filling up the DagBag from /opt/airflow/dags/primeira_dag.py
[2021-06-27 00:39:54,279] {scheduler_job.py:643} INFO - DAG(s) dict_keys(['tutorial']) retrieved from /opt/airflow/dags/primeira_dag.py
[2021-06-27 00:39:54,298] {logging_mixin.py:104} INFO - [2021-06-27 00:39:54,298] {dag.py:1832} INFO - Sync 1 DAGs
[2021-06-27 00:39:54,316] {logging_mixin.py:104} INFO - [2021-06-27 00:39:54,316] {dag.py:2305} INFO - Setting next_dagrun for tutorial to 2021-06-27T00:30:00+00:00
[2021-06-27 00:39:54,343] {scheduler_job.py:190} INFO - Processing /opt/airflow/dags/primeira_dag.py took 0.084 seconds
[2021-06-27 00:40:24,518] {scheduler_job.py:182} INFO - Started process (PID=1161) to work on /opt/airflow/dags/primeira_dag.py
[2021-06-27 00:40:24,519] {scheduler_job.py:633} INFO - Processing file /opt/airflow/dags/primeira_dag.py for tasks to queue
[2021-06-27 00:40:24,520] {logging_mixin.py:104} INFO - [2021-06-27 00:40:24,520] {dagbag.py:487} INFO - Filling up the DagBag from /opt/airflow/dags/primeira_dag.py
[2021-06-27 00:40:24,537] {scheduler_job.py:643} INFO - DAG(s) dict_keys(['tutorial']) retrieved from /opt/airflow/dags/primeira_dag.py
[2021-06-27 00:40:24,553] {logging_mixin.py:104} INFO - [2021-06-27 00:40:24,552] {dag.py:1832} INFO - Sync 1 DAGs
[2021-06-27 00:40:24,568] {logging_mixin.py:104} INFO - [2021-06-27 00:40:24,568] {dag.py:2305} INFO - Setting next_dagrun for tutorial to 2021-06-27T00:30:00+00:00
[2021-06-27 00:40:24,575] {scheduler_job.py:190} INFO - Processing /opt/airflow/dags/primeira_dag.py took 0.060 seconds
[2021-06-27 00:40:54,769] {scheduler_job.py:182} INFO - Started process (PID=1210) to work on /opt/airflow/dags/primeira_dag.py
[2021-06-27 00:40:54,770] {scheduler_job.py:633} INFO - Processing file /opt/airflow/dags/primeira_dag.py for tasks to queue
[2021-06-27 00:40:54,771] {logging_mixin.py:104} INFO - [2021-06-27 00:40:54,770] {dagbag.py:487} INFO - Filling up the DagBag from /opt/airflow/dags/primeira_dag.py
[2021-06-27 00:40:54,786] {scheduler_job.py:643} INFO - DAG(s) dict_keys(['tutorial']) retrieved from /opt/airflow/dags/primeira_dag.py
[2021-06-27 00:40:54,805] {logging_mixin.py:104} INFO - [2021-06-27 00:40:54,805] {dag.py:1832} INFO - Sync 1 DAGs
[2021-06-27 00:40:54,821] {logging_mixin.py:104} INFO - [2021-06-27 00:40:54,820] {dag.py:2305} INFO - Setting next_dagrun for tutorial to 2021-06-27T00:30:00+00:00
[2021-06-27 00:40:54,840] {scheduler_job.py:190} INFO - Processing /opt/airflow/dags/primeira_dag.py took 0.076 seconds
[2021-06-27 00:41:25,040] {scheduler_job.py:182} INFO - Started process (PID=1254) to work on /opt/airflow/dags/primeira_dag.py
[2021-06-27 00:41:25,041] {scheduler_job.py:633} INFO - Processing file /opt/airflow/dags/primeira_dag.py for tasks to queue
[2021-06-27 00:41:25,042] {logging_mixin.py:104} INFO - [2021-06-27 00:41:25,042] {dagbag.py:487} INFO - Filling up the DagBag from /opt/airflow/dags/primeira_dag.py
[2021-06-27 00:41:25,055] {scheduler_job.py:643} INFO - DAG(s) dict_keys(['tutorial']) retrieved from /opt/airflow/dags/primeira_dag.py
[2021-06-27 00:41:25,074] {logging_mixin.py:104} INFO - [2021-06-27 00:41:25,073] {dag.py:1832} INFO - Sync 1 DAGs
[2021-06-27 00:41:25,089] {logging_mixin.py:104} INFO - [2021-06-27 00:41:25,089] {dag.py:2305} INFO - Setting next_dagrun for tutorial to 2021-06-27T00:30:00+00:00
[2021-06-27 00:41:25,109] {scheduler_job.py:190} INFO - Processing /opt/airflow/dags/primeira_dag.py took 0.072 seconds
[2021-06-27 00:41:55,282] {scheduler_job.py:182} INFO - Started process (PID=1293) to work on /opt/airflow/dags/primeira_dag.py
[2021-06-27 00:41:55,284] {scheduler_job.py:633} INFO - Processing file /opt/airflow/dags/primeira_dag.py for tasks to queue
[2021-06-27 00:41:55,285] {logging_mixin.py:104} INFO - [2021-06-27 00:41:55,285] {dagbag.py:487} INFO - Filling up the DagBag from /opt/airflow/dags/primeira_dag.py
[2021-06-27 00:41:55,300] {scheduler_job.py:643} INFO - DAG(s) dict_keys(['tutorial']) retrieved from /opt/airflow/dags/primeira_dag.py
[2021-06-27 00:41:55,319] {logging_mixin.py:104} INFO - [2021-06-27 00:41:55,319] {dag.py:1832} INFO - Sync 1 DAGs
[2021-06-27 00:41:55,334] {logging_mixin.py:104} INFO - [2021-06-27 00:41:55,334] {dag.py:2305} INFO - Setting next_dagrun for tutorial to 2021-06-27T00:30:00+00:00
[2021-06-27 00:41:55,344] {scheduler_job.py:190} INFO - Processing /opt/airflow/dags/primeira_dag.py took 0.065 seconds
[2021-06-27 00:42:25,528] {scheduler_job.py:182} INFO - Started process (PID=1341) to work on /opt/airflow/dags/primeira_dag.py
[2021-06-27 00:42:25,530] {scheduler_job.py:633} INFO - Processing file /opt/airflow/dags/primeira_dag.py for tasks to queue
[2021-06-27 00:42:25,531] {logging_mixin.py:104} INFO - [2021-06-27 00:42:25,531] {dagbag.py:487} INFO - Filling up the DagBag from /opt/airflow/dags/primeira_dag.py
[2021-06-27 00:42:25,545] {scheduler_job.py:643} INFO - DAG(s) dict_keys(['tutorial']) retrieved from /opt/airflow/dags/primeira_dag.py
[2021-06-27 00:42:25,563] {logging_mixin.py:104} INFO - [2021-06-27 00:42:25,563] {dag.py:1832} INFO - Sync 1 DAGs
[2021-06-27 00:42:25,581] {logging_mixin.py:104} INFO - [2021-06-27 00:42:25,581] {dag.py:2305} INFO - Setting next_dagrun for tutorial to 2021-06-27T00:30:00+00:00
[2021-06-27 00:42:25,591] {scheduler_job.py:190} INFO - Processing /opt/airflow/dags/primeira_dag.py took 0.068 seconds
[2021-06-27 00:42:55,792] {scheduler_job.py:182} INFO - Started process (PID=1384) to work on /opt/airflow/dags/primeira_dag.py
[2021-06-27 00:42:55,793] {scheduler_job.py:633} INFO - Processing file /opt/airflow/dags/primeira_dag.py for tasks to queue
[2021-06-27 00:42:55,794] {logging_mixin.py:104} INFO - [2021-06-27 00:42:55,794] {dagbag.py:487} INFO - Filling up the DagBag from /opt/airflow/dags/primeira_dag.py
[2021-06-27 00:42:55,812] {scheduler_job.py:643} INFO - DAG(s) dict_keys(['tutorial']) retrieved from /opt/airflow/dags/primeira_dag.py
[2021-06-27 00:42:55,829] {logging_mixin.py:104} INFO - [2021-06-27 00:42:55,829] {dag.py:1832} INFO - Sync 1 DAGs
[2021-06-27 00:42:55,845] {logging_mixin.py:104} INFO - [2021-06-27 00:42:55,845] {dag.py:2305} INFO - Setting next_dagrun for tutorial to 2021-06-27T00:30:00+00:00
[2021-06-27 00:42:55,853] {scheduler_job.py:190} INFO - Processing /opt/airflow/dags/primeira_dag.py took 0.064 seconds
[2021-06-27 00:43:26,047] {scheduler_job.py:182} INFO - Started process (PID=1424) to work on /opt/airflow/dags/primeira_dag.py
[2021-06-27 00:43:26,049] {scheduler_job.py:633} INFO - Processing file /opt/airflow/dags/primeira_dag.py for tasks to queue
[2021-06-27 00:43:26,050] {logging_mixin.py:104} INFO - [2021-06-27 00:43:26,049] {dagbag.py:487} INFO - Filling up the DagBag from /opt/airflow/dags/primeira_dag.py
[2021-06-27 00:43:26,063] {scheduler_job.py:643} INFO - DAG(s) dict_keys(['tutorial']) retrieved from /opt/airflow/dags/primeira_dag.py
[2021-06-27 00:43:26,080] {logging_mixin.py:104} INFO - [2021-06-27 00:43:26,080] {dag.py:1832} INFO - Sync 1 DAGs
[2021-06-27 00:43:26,095] {logging_mixin.py:104} INFO - [2021-06-27 00:43:26,095] {dag.py:2305} INFO - Setting next_dagrun for tutorial to 2021-06-27T00:30:00+00:00
[2021-06-27 00:43:26,103] {scheduler_job.py:190} INFO - Processing /opt/airflow/dags/primeira_dag.py took 0.058 seconds
[2021-06-27 00:43:56,311] {scheduler_job.py:182} INFO - Started process (PID=1473) to work on /opt/airflow/dags/primeira_dag.py
[2021-06-27 00:43:56,313] {scheduler_job.py:633} INFO - Processing file /opt/airflow/dags/primeira_dag.py for tasks to queue
[2021-06-27 00:43:56,314] {logging_mixin.py:104} INFO - [2021-06-27 00:43:56,314] {dagbag.py:487} INFO - Filling up the DagBag from /opt/airflow/dags/primeira_dag.py
[2021-06-27 00:43:56,329] {scheduler_job.py:643} INFO - DAG(s) dict_keys(['tutorial']) retrieved from /opt/airflow/dags/primeira_dag.py
[2021-06-27 00:43:56,349] {logging_mixin.py:104} INFO - [2021-06-27 00:43:56,349] {dag.py:1832} INFO - Sync 1 DAGs
[2021-06-27 00:43:56,365] {logging_mixin.py:104} INFO - [2021-06-27 00:43:56,365] {dag.py:2305} INFO - Setting next_dagrun for tutorial to 2021-06-27T00:30:00+00:00
[2021-06-27 00:43:56,374] {scheduler_job.py:190} INFO - Processing /opt/airflow/dags/primeira_dag.py took 0.068 seconds
[2021-06-27 00:44:26,555] {scheduler_job.py:182} INFO - Started process (PID=1521) to work on /opt/airflow/dags/primeira_dag.py
[2021-06-27 00:44:26,556] {scheduler_job.py:633} INFO - Processing file /opt/airflow/dags/primeira_dag.py for tasks to queue
[2021-06-27 00:44:26,557] {logging_mixin.py:104} INFO - [2021-06-27 00:44:26,557] {dagbag.py:487} INFO - Filling up the DagBag from /opt/airflow/dags/primeira_dag.py
[2021-06-27 00:44:26,571] {scheduler_job.py:643} INFO - DAG(s) dict_keys(['tutorial']) retrieved from /opt/airflow/dags/primeira_dag.py
[2021-06-27 00:44:26,590] {logging_mixin.py:104} INFO - [2021-06-27 00:44:26,590] {dag.py:1832} INFO - Sync 1 DAGs
[2021-06-27 00:44:26,609] {logging_mixin.py:104} INFO - [2021-06-27 00:44:26,609] {dag.py:2305} INFO - Setting next_dagrun for tutorial to 2021-06-27T00:30:00+00:00
[2021-06-27 00:44:26,637] {scheduler_job.py:190} INFO - Processing /opt/airflow/dags/primeira_dag.py took 0.085 seconds
[2021-06-27 00:44:56,763] {scheduler_job.py:182} INFO - Started process (PID=1554) to work on /opt/airflow/dags/primeira_dag.py
[2021-06-27 00:44:56,764] {scheduler_job.py:633} INFO - Processing file /opt/airflow/dags/primeira_dag.py for tasks to queue
[2021-06-27 00:44:56,765] {logging_mixin.py:104} INFO - [2021-06-27 00:44:56,765] {dagbag.py:487} INFO - Filling up the DagBag from /opt/airflow/dags/primeira_dag.py
[2021-06-27 00:44:56,779] {scheduler_job.py:643} INFO - DAG(s) dict_keys(['tutorial']) retrieved from /opt/airflow/dags/primeira_dag.py
[2021-06-27 00:44:56,796] {logging_mixin.py:104} INFO - [2021-06-27 00:44:56,796] {dag.py:1832} INFO - Sync 1 DAGs
[2021-06-27 00:44:56,812] {logging_mixin.py:104} INFO - [2021-06-27 00:44:56,812] {dag.py:2305} INFO - Setting next_dagrun for tutorial to 2021-06-27T00:30:00+00:00
[2021-06-27 00:44:56,820] {scheduler_job.py:190} INFO - Processing /opt/airflow/dags/primeira_dag.py took 0.060 seconds
[2021-06-27 10:06:58,095] {scheduler_job.py:182} INFO - Started process (PID=49) to work on /opt/airflow/dags/primeira_dag.py
[2021-06-27 10:06:58,098] {scheduler_job.py:633} INFO - Processing file /opt/airflow/dags/primeira_dag.py for tasks to queue
[2021-06-27 10:06:58,099] {logging_mixin.py:104} INFO - [2021-06-27 10:06:58,099] {dagbag.py:487} INFO - Filling up the DagBag from /opt/airflow/dags/primeira_dag.py
[2021-06-27 10:06:58,145] {scheduler_job.py:643} INFO - DAG(s) dict_keys(['tutorial']) retrieved from /opt/airflow/dags/primeira_dag.py
[2021-06-27 10:06:58,164] {logging_mixin.py:104} INFO - [2021-06-27 10:06:58,164] {dag.py:1832} INFO - Sync 1 DAGs
[2021-06-27 10:06:58,198] {logging_mixin.py:104} INFO - [2021-06-27 10:06:58,198] {dag.py:2305} INFO - Setting next_dagrun for tutorial to 2021-06-27T09:45:00+00:00
[2021-06-27 10:06:58,211] {scheduler_job.py:190} INFO - Processing /opt/airflow/dags/primeira_dag.py took 0.120 seconds
[2021-06-27 10:06:58,230] {scheduler_job.py:182} INFO - Started process (PID=51) to work on /opt/airflow/dags/primeira_dag.py
[2021-06-27 10:06:58,232] {scheduler_job.py:633} INFO - Processing file /opt/airflow/dags/primeira_dag.py for tasks to queue
[2021-06-27 10:06:58,233] {logging_mixin.py:104} INFO - [2021-06-27 10:06:58,233] {dagbag.py:487} INFO - Filling up the DagBag from /opt/airflow/dags/primeira_dag.py
[2021-06-27 10:06:58,250] {scheduler_job.py:643} INFO - DAG(s) dict_keys(['tutorial']) retrieved from /opt/airflow/dags/primeira_dag.py
[2021-06-27 10:06:58,478] {scheduler_job.py:600} INFO - Executed failure callback for <TaskInstance: tutorial.sleep 2021-06-27 00:30:00+00:00 [up_for_retry]> in state up_for_retry
[2021-06-27 10:06:58,487] {logging_mixin.py:104} INFO - [2021-06-27 10:06:58,487] {dag.py:1832} INFO - Sync 1 DAGs
[2021-06-27 10:06:58,543] {logging_mixin.py:104} INFO - [2021-06-27 10:06:58,543] {dag.py:2305} INFO - Setting next_dagrun for tutorial to 2021-06-27T10:00:00+00:00
[2021-06-27 10:06:58,735] {scheduler_job.py:190} INFO - Processing /opt/airflow/dags/primeira_dag.py took 0.508 seconds
[2021-06-27 10:07:28,950] {scheduler_job.py:182} INFO - Started process (PID=106) to work on /opt/airflow/dags/primeira_dag.py
[2021-06-27 10:07:28,952] {scheduler_job.py:633} INFO - Processing file /opt/airflow/dags/primeira_dag.py for tasks to queue
[2021-06-27 10:07:28,954] {logging_mixin.py:104} INFO - [2021-06-27 10:07:28,953] {dagbag.py:487} INFO - Filling up the DagBag from /opt/airflow/dags/primeira_dag.py
[2021-06-27 10:07:28,988] {scheduler_job.py:643} INFO - DAG(s) dict_keys(['tutorial']) retrieved from /opt/airflow/dags/primeira_dag.py
[2021-06-27 10:07:29,012] {logging_mixin.py:104} INFO - [2021-06-27 10:07:29,012] {dag.py:1832} INFO - Sync 1 DAGs
[2021-06-27 10:07:29,038] {logging_mixin.py:104} INFO - [2021-06-27 10:07:29,038] {dag.py:2305} INFO - Setting next_dagrun for tutorial to 2021-06-27T10:00:00+00:00
[2021-06-27 10:07:29,056] {scheduler_job.py:190} INFO - Processing /opt/airflow/dags/primeira_dag.py took 0.109 seconds
[2021-06-27 10:07:59,234] {scheduler_job.py:182} INFO - Started process (PID=155) to work on /opt/airflow/dags/primeira_dag.py
[2021-06-27 10:07:59,236] {scheduler_job.py:633} INFO - Processing file /opt/airflow/dags/primeira_dag.py for tasks to queue
[2021-06-27 10:07:59,237] {logging_mixin.py:104} INFO - [2021-06-27 10:07:59,236] {dagbag.py:487} INFO - Filling up the DagBag from /opt/airflow/dags/primeira_dag.py
[2021-06-27 10:07:59,252] {scheduler_job.py:643} INFO - DAG(s) dict_keys(['tutorial']) retrieved from /opt/airflow/dags/primeira_dag.py
[2021-06-27 10:07:59,273] {logging_mixin.py:104} INFO - [2021-06-27 10:07:59,273] {dag.py:1832} INFO - Sync 1 DAGs
[2021-06-27 10:07:59,301] {logging_mixin.py:104} INFO - [2021-06-27 10:07:59,301] {dag.py:2305} INFO - Setting next_dagrun for tutorial to 2021-06-27T10:00:00+00:00
[2021-06-27 10:07:59,315] {scheduler_job.py:190} INFO - Processing /opt/airflow/dags/primeira_dag.py took 0.084 seconds
[2021-06-27 10:08:29,520] {scheduler_job.py:182} INFO - Started process (PID=188) to work on /opt/airflow/dags/primeira_dag.py
[2021-06-27 10:08:29,521] {scheduler_job.py:633} INFO - Processing file /opt/airflow/dags/primeira_dag.py for tasks to queue
[2021-06-27 10:08:29,522] {logging_mixin.py:104} INFO - [2021-06-27 10:08:29,522] {dagbag.py:487} INFO - Filling up the DagBag from /opt/airflow/dags/primeira_dag.py
[2021-06-27 10:08:29,541] {scheduler_job.py:643} INFO - DAG(s) dict_keys(['tutorial']) retrieved from /opt/airflow/dags/primeira_dag.py
[2021-06-27 10:08:29,558] {logging_mixin.py:104} INFO - [2021-06-27 10:08:29,558] {dag.py:1832} INFO - Sync 1 DAGs
[2021-06-27 10:08:29,574] {logging_mixin.py:104} INFO - [2021-06-27 10:08:29,574] {dag.py:2305} INFO - Setting next_dagrun for tutorial to 2021-06-27T10:00:00+00:00
[2021-06-27 10:08:29,581] {scheduler_job.py:190} INFO - Processing /opt/airflow/dags/primeira_dag.py took 0.065 seconds
[2021-06-27 10:08:59,774] {scheduler_job.py:182} INFO - Started process (PID=237) to work on /opt/airflow/dags/primeira_dag.py
[2021-06-27 10:08:59,775] {scheduler_job.py:633} INFO - Processing file /opt/airflow/dags/primeira_dag.py for tasks to queue
[2021-06-27 10:08:59,776] {logging_mixin.py:104} INFO - [2021-06-27 10:08:59,776] {dagbag.py:487} INFO - Filling up the DagBag from /opt/airflow/dags/primeira_dag.py
[2021-06-27 10:08:59,795] {scheduler_job.py:643} INFO - DAG(s) dict_keys(['tutorial']) retrieved from /opt/airflow/dags/primeira_dag.py
[2021-06-27 10:08:59,814] {logging_mixin.py:104} INFO - [2021-06-27 10:08:59,813] {dag.py:1832} INFO - Sync 1 DAGs
[2021-06-27 10:08:59,828] {logging_mixin.py:104} INFO - [2021-06-27 10:08:59,828] {dag.py:2305} INFO - Setting next_dagrun for tutorial to 2021-06-27T10:00:00+00:00
[2021-06-27 10:08:59,842] {scheduler_job.py:190} INFO - Processing /opt/airflow/dags/primeira_dag.py took 0.071 seconds
[2021-06-27 10:09:30,033] {scheduler_job.py:182} INFO - Started process (PID=285) to work on /opt/airflow/dags/primeira_dag.py
[2021-06-27 10:09:30,035] {scheduler_job.py:633} INFO - Processing file /opt/airflow/dags/primeira_dag.py for tasks to queue
[2021-06-27 10:09:30,036] {logging_mixin.py:104} INFO - [2021-06-27 10:09:30,035] {dagbag.py:487} INFO - Filling up the DagBag from /opt/airflow/dags/primeira_dag.py
[2021-06-27 10:09:30,051] {scheduler_job.py:643} INFO - DAG(s) dict_keys(['tutorial']) retrieved from /opt/airflow/dags/primeira_dag.py
[2021-06-27 10:09:30,070] {logging_mixin.py:104} INFO - [2021-06-27 10:09:30,070] {dag.py:1832} INFO - Sync 1 DAGs
[2021-06-27 10:09:30,115] {logging_mixin.py:104} INFO - [2021-06-27 10:09:30,115] {dag.py:2305} INFO - Setting next_dagrun for tutorial to 2021-06-27T10:00:00+00:00
[2021-06-27 10:09:30,312] {scheduler_job.py:190} INFO - Processing /opt/airflow/dags/primeira_dag.py took 0.281 seconds
[2021-06-27 10:10:00,434] {scheduler_job.py:182} INFO - Started process (PID=319) to work on /opt/airflow/dags/primeira_dag.py
[2021-06-27 10:10:00,436] {scheduler_job.py:633} INFO - Processing file /opt/airflow/dags/primeira_dag.py for tasks to queue
[2021-06-27 10:10:00,437] {logging_mixin.py:104} INFO - [2021-06-27 10:10:00,437] {dagbag.py:487} INFO - Filling up the DagBag from /opt/airflow/dags/primeira_dag.py
[2021-06-27 10:10:00,453] {scheduler_job.py:643} INFO - DAG(s) dict_keys(['tutorial']) retrieved from /opt/airflow/dags/primeira_dag.py
[2021-06-27 10:10:00,473] {logging_mixin.py:104} INFO - [2021-06-27 10:10:00,473] {dag.py:1832} INFO - Sync 1 DAGs
[2021-06-27 10:10:00,492] {logging_mixin.py:104} INFO - [2021-06-27 10:10:00,491] {dag.py:2305} INFO - Setting next_dagrun for tutorial to 2021-06-27T10:00:00+00:00
[2021-06-27 10:10:00,522] {scheduler_job.py:190} INFO - Processing /opt/airflow/dags/primeira_dag.py took 0.090 seconds
[2021-06-27 10:10:30,819] {scheduler_job.py:182} INFO - Started process (PID=378) to work on /opt/airflow/dags/primeira_dag.py
[2021-06-27 10:10:30,821] {scheduler_job.py:633} INFO - Processing file /opt/airflow/dags/primeira_dag.py for tasks to queue
[2021-06-27 10:10:30,822] {logging_mixin.py:104} INFO - [2021-06-27 10:10:30,822] {dagbag.py:487} INFO - Filling up the DagBag from /opt/airflow/dags/primeira_dag.py
[2021-06-27 10:10:30,837] {scheduler_job.py:643} INFO - DAG(s) dict_keys(['tutorial']) retrieved from /opt/airflow/dags/primeira_dag.py
[2021-06-27 10:10:30,861] {logging_mixin.py:104} INFO - [2021-06-27 10:10:30,861] {dag.py:1832} INFO - Sync 1 DAGs
[2021-06-27 10:10:30,881] {logging_mixin.py:104} INFO - [2021-06-27 10:10:30,881] {dag.py:2305} INFO - Setting next_dagrun for tutorial to 2021-06-27T10:00:00+00:00
[2021-06-27 10:10:30,897] {scheduler_job.py:190} INFO - Processing /opt/airflow/dags/primeira_dag.py took 0.083 seconds
[2021-06-27 10:11:00,992] {scheduler_job.py:182} INFO - Started process (PID=413) to work on /opt/airflow/dags/primeira_dag.py
[2021-06-27 10:11:00,994] {scheduler_job.py:633} INFO - Processing file /opt/airflow/dags/primeira_dag.py for tasks to queue
[2021-06-27 10:11:00,995] {logging_mixin.py:104} INFO - [2021-06-27 10:11:00,995] {dagbag.py:487} INFO - Filling up the DagBag from /opt/airflow/dags/primeira_dag.py
[2021-06-27 10:11:01,013] {scheduler_job.py:643} INFO - DAG(s) dict_keys(['tutorial']) retrieved from /opt/airflow/dags/primeira_dag.py
[2021-06-27 10:11:01,033] {logging_mixin.py:104} INFO - [2021-06-27 10:11:01,033] {dag.py:1832} INFO - Sync 1 DAGs
[2021-06-27 10:11:01,051] {logging_mixin.py:104} INFO - [2021-06-27 10:11:01,051] {dag.py:2305} INFO - Setting next_dagrun for tutorial to 2021-06-27T10:00:00+00:00
[2021-06-27 10:11:01,066] {scheduler_job.py:190} INFO - Processing /opt/airflow/dags/primeira_dag.py took 0.076 seconds
[2021-06-27 10:11:31,237] {scheduler_job.py:182} INFO - Started process (PID=457) to work on /opt/airflow/dags/primeira_dag.py
[2021-06-27 10:11:31,238] {scheduler_job.py:633} INFO - Processing file /opt/airflow/dags/primeira_dag.py for tasks to queue
[2021-06-27 10:11:31,239] {logging_mixin.py:104} INFO - [2021-06-27 10:11:31,239] {dagbag.py:487} INFO - Filling up the DagBag from /opt/airflow/dags/primeira_dag.py
[2021-06-27 10:11:31,254] {scheduler_job.py:643} INFO - DAG(s) dict_keys(['tutorial']) retrieved from /opt/airflow/dags/primeira_dag.py
[2021-06-27 10:11:31,272] {logging_mixin.py:104} INFO - [2021-06-27 10:11:31,272] {dag.py:1832} INFO - Sync 1 DAGs
[2021-06-27 10:11:31,288] {logging_mixin.py:104} INFO - [2021-06-27 10:11:31,288] {dag.py:2305} INFO - Setting next_dagrun for tutorial to 2021-06-27T10:00:00+00:00
[2021-06-27 10:11:31,496] {scheduler_job.py:190} INFO - Processing /opt/airflow/dags/primeira_dag.py took 0.262 seconds
[2021-06-27 10:12:02,143] {scheduler_job.py:182} INFO - Started process (PID=495) to work on /opt/airflow/dags/primeira_dag.py
[2021-06-27 10:12:02,144] {scheduler_job.py:633} INFO - Processing file /opt/airflow/dags/primeira_dag.py for tasks to queue
[2021-06-27 10:12:02,146] {logging_mixin.py:104} INFO - [2021-06-27 10:12:02,146] {dagbag.py:487} INFO - Filling up the DagBag from /opt/airflow/dags/primeira_dag.py
[2021-06-27 10:12:02,161] {scheduler_job.py:643} INFO - DAG(s) dict_keys(['tutorial']) retrieved from /opt/airflow/dags/primeira_dag.py
[2021-06-27 10:12:02,179] {logging_mixin.py:104} INFO - [2021-06-27 10:12:02,179] {dag.py:1832} INFO - Sync 1 DAGs
[2021-06-27 10:12:02,195] {logging_mixin.py:104} INFO - [2021-06-27 10:12:02,195] {dag.py:2305} INFO - Setting next_dagrun for tutorial to 2021-06-27T10:00:00+00:00
[2021-06-27 10:12:02,460] {scheduler_job.py:190} INFO - Processing /opt/airflow/dags/primeira_dag.py took 0.320 seconds
[2021-06-27 10:12:35,902] {scheduler_job.py:182} INFO - Started process (PID=498) to work on /opt/airflow/dags/primeira_dag.py
[2021-06-27 10:12:35,904] {scheduler_job.py:633} INFO - Processing file /opt/airflow/dags/primeira_dag.py for tasks to queue
[2021-06-27 10:12:35,905] {logging_mixin.py:104} INFO - [2021-06-27 10:12:35,905] {dagbag.py:487} INFO - Filling up the DagBag from /opt/airflow/dags/primeira_dag.py
[2021-06-27 10:12:35,926] {scheduler_job.py:643} INFO - DAG(s) dict_keys(['tutorial']) retrieved from /opt/airflow/dags/primeira_dag.py
[2021-06-27 10:12:35,955] {logging_mixin.py:104} INFO - [2021-06-27 10:12:35,954] {dag.py:1832} INFO - Sync 1 DAGs
[2021-06-27 10:12:35,975] {logging_mixin.py:104} INFO - [2021-06-27 10:12:35,974] {dag.py:2305} INFO - Setting next_dagrun for tutorial to 2021-06-27T10:00:00+00:00
[2021-06-27 10:12:35,993] {scheduler_job.py:190} INFO - Processing /opt/airflow/dags/primeira_dag.py took 0.095 seconds
[2021-06-27 10:15:45,361] {scheduler_job.py:182} INFO - Started process (PID=34) to work on /opt/airflow/dags/primeira_dag.py
[2021-06-27 10:15:45,362] {scheduler_job.py:633} INFO - Processing file /opt/airflow/dags/primeira_dag.py for tasks to queue
[2021-06-27 10:15:45,364] {logging_mixin.py:104} INFO - [2021-06-27 10:15:45,363] {dagbag.py:487} INFO - Filling up the DagBag from /opt/airflow/dags/primeira_dag.py
[2021-06-27 10:15:45,396] {scheduler_job.py:643} INFO - DAG(s) dict_keys(['tutorial']) retrieved from /opt/airflow/dags/primeira_dag.py
[2021-06-27 10:15:45,415] {logging_mixin.py:104} INFO - [2021-06-27 10:15:45,415] {dag.py:1832} INFO - Sync 1 DAGs
[2021-06-27 10:15:45,454] {logging_mixin.py:104} INFO - [2021-06-27 10:15:45,454] {dag.py:2305} INFO - Setting next_dagrun for tutorial to 2021-06-27T10:00:00+00:00
[2021-06-27 10:15:45,476] {scheduler_job.py:190} INFO - Processing /opt/airflow/dags/primeira_dag.py took 0.118 seconds
[2021-06-27 10:15:56,111] {scheduler_job.py:182} INFO - Started process (PID=71) to work on /opt/airflow/dags/primeira_dag.py
[2021-06-27 10:15:56,116] {scheduler_job.py:633} INFO - Processing file /opt/airflow/dags/primeira_dag.py for tasks to queue
[2021-06-27 10:15:56,120] {logging_mixin.py:104} INFO - [2021-06-27 10:15:56,120] {dagbag.py:487} INFO - Filling up the DagBag from /opt/airflow/dags/primeira_dag.py
[2021-06-27 10:15:57,319] {scheduler_job.py:643} INFO - DAG(s) dict_keys(['tutorial']) retrieved from /opt/airflow/dags/primeira_dag.py
[2021-06-27 10:15:57,402] {scheduler_job.py:600} INFO - Executed failure callback for <TaskInstance: tutorial.sleep 2021-06-27 00:30:00+00:00 [up_for_retry]> in state up_for_retry
[2021-06-27 10:15:57,423] {logging_mixin.py:104} INFO - [2021-06-27 10:15:57,423] {dag.py:1832} INFO - Sync 1 DAGs
[2021-06-27 10:15:57,477] {logging_mixin.py:104} INFO - [2021-06-27 10:15:57,476] {dag.py:2305} INFO - Setting next_dagrun for tutorial to 2021-06-27T10:15:00+00:00
[2021-06-27 10:15:57,516] {scheduler_job.py:190} INFO - Processing /opt/airflow/dags/primeira_dag.py took 1.434 seconds
[2021-06-27 10:16:27,875] {scheduler_job.py:182} INFO - Started process (PID=120) to work on /opt/airflow/dags/primeira_dag.py
[2021-06-27 10:16:27,876] {scheduler_job.py:633} INFO - Processing file /opt/airflow/dags/primeira_dag.py for tasks to queue
[2021-06-27 10:16:27,877] {logging_mixin.py:104} INFO - [2021-06-27 10:16:27,877] {dagbag.py:487} INFO - Filling up the DagBag from /opt/airflow/dags/primeira_dag.py
[2021-06-27 10:16:27,895] {scheduler_job.py:643} INFO - DAG(s) dict_keys(['tutorial']) retrieved from /opt/airflow/dags/primeira_dag.py
[2021-06-27 10:16:27,911] {logging_mixin.py:104} INFO - [2021-06-27 10:16:27,911] {dag.py:1832} INFO - Sync 1 DAGs
[2021-06-27 10:16:27,927] {logging_mixin.py:104} INFO - [2021-06-27 10:16:27,927] {dag.py:2305} INFO - Setting next_dagrun for tutorial to 2021-06-27T10:15:00+00:00
[2021-06-27 10:16:27,943] {scheduler_job.py:190} INFO - Processing /opt/airflow/dags/primeira_dag.py took 0.071 seconds
[2021-06-27 10:16:58,132] {scheduler_job.py:182} INFO - Started process (PID=162) to work on /opt/airflow/dags/primeira_dag.py
[2021-06-27 10:16:58,133] {scheduler_job.py:633} INFO - Processing file /opt/airflow/dags/primeira_dag.py for tasks to queue
[2021-06-27 10:16:58,134] {logging_mixin.py:104} INFO - [2021-06-27 10:16:58,134] {dagbag.py:487} INFO - Filling up the DagBag from /opt/airflow/dags/primeira_dag.py
[2021-06-27 10:16:58,151] {scheduler_job.py:643} INFO - DAG(s) dict_keys(['tutorial']) retrieved from /opt/airflow/dags/primeira_dag.py
[2021-06-27 10:16:58,171] {logging_mixin.py:104} INFO - [2021-06-27 10:16:58,170] {dag.py:1832} INFO - Sync 1 DAGs
[2021-06-27 10:16:58,188] {logging_mixin.py:104} INFO - [2021-06-27 10:16:58,188] {dag.py:2305} INFO - Setting next_dagrun for tutorial to 2021-06-27T10:15:00+00:00
[2021-06-27 10:16:58,198] {scheduler_job.py:190} INFO - Processing /opt/airflow/dags/primeira_dag.py took 0.069 seconds
[2021-06-27 10:17:28,382] {scheduler_job.py:182} INFO - Started process (PID=204) to work on /opt/airflow/dags/primeira_dag.py
[2021-06-27 10:17:28,384] {scheduler_job.py:633} INFO - Processing file /opt/airflow/dags/primeira_dag.py for tasks to queue
[2021-06-27 10:17:28,385] {logging_mixin.py:104} INFO - [2021-06-27 10:17:28,385] {dagbag.py:487} INFO - Filling up the DagBag from /opt/airflow/dags/primeira_dag.py
[2021-06-27 10:17:28,400] {scheduler_job.py:643} INFO - DAG(s) dict_keys(['tutorial']) retrieved from /opt/airflow/dags/primeira_dag.py
[2021-06-27 10:17:28,418] {logging_mixin.py:104} INFO - [2021-06-27 10:17:28,418] {dag.py:1832} INFO - Sync 1 DAGs
[2021-06-27 10:17:28,435] {logging_mixin.py:104} INFO - [2021-06-27 10:17:28,435] {dag.py:2305} INFO - Setting next_dagrun for tutorial to 2021-06-27T10:15:00+00:00
[2021-06-27 10:17:28,472] {scheduler_job.py:190} INFO - Processing /opt/airflow/dags/primeira_dag.py took 0.093 seconds
[2021-06-27 10:17:58,579] {scheduler_job.py:182} INFO - Started process (PID=254) to work on /opt/airflow/dags/primeira_dag.py
[2021-06-27 10:17:58,580] {scheduler_job.py:633} INFO - Processing file /opt/airflow/dags/primeira_dag.py for tasks to queue
[2021-06-27 10:17:58,581] {logging_mixin.py:104} INFO - [2021-06-27 10:17:58,581] {dagbag.py:487} INFO - Filling up the DagBag from /opt/airflow/dags/primeira_dag.py
[2021-06-27 10:17:58,595] {scheduler_job.py:643} INFO - DAG(s) dict_keys(['tutorial']) retrieved from /opt/airflow/dags/primeira_dag.py
[2021-06-27 10:17:58,612] {logging_mixin.py:104} INFO - [2021-06-27 10:17:58,612] {dag.py:1832} INFO - Sync 1 DAGs
[2021-06-27 10:17:58,628] {logging_mixin.py:104} INFO - [2021-06-27 10:17:58,628] {dag.py:2305} INFO - Setting next_dagrun for tutorial to 2021-06-27T10:15:00+00:00
[2021-06-27 10:17:58,636] {scheduler_job.py:190} INFO - Processing /opt/airflow/dags/primeira_dag.py took 0.059 seconds
