[2021-06-27 00:27:41,950] {scheduler_job.py:182} INFO - Started process (PID=53) to work on /opt/airflow/dags/segunda_dag.py
[2021-06-27 00:27:41,952] {scheduler_job.py:633} INFO - Processing file /opt/airflow/dags/segunda_dag.py for tasks to queue
[2021-06-27 00:27:41,953] {logging_mixin.py:104} INFO - [2021-06-27 00:27:41,953] {dagbag.py:487} INFO - Filling up the DagBag from /opt/airflow/dags/segunda_dag.py
[2021-06-27 00:27:41,971] {scheduler_job.py:643} INFO - DAG(s) dict_keys(['segunda_dag']) retrieved from /opt/airflow/dags/segunda_dag.py
[2021-06-27 00:27:42,150] {logging_mixin.py:104} INFO - [2021-06-27 00:27:42,150] {dag.py:1832} INFO - Sync 1 DAGs
[2021-06-27 00:27:42,169] {logging_mixin.py:104} INFO - [2021-06-27 00:27:42,169] {dag.py:2305} INFO - Setting next_dagrun for segunda_dag to 2021-06-27T00:20:00+00:00
[2021-06-27 00:27:42,183] {scheduler_job.py:190} INFO - Processing /opt/airflow/dags/segunda_dag.py took 0.236 seconds
[2021-06-27 00:28:12,320] {scheduler_job.py:182} INFO - Started process (PID=100) to work on /opt/airflow/dags/segunda_dag.py
[2021-06-27 00:28:12,321] {scheduler_job.py:633} INFO - Processing file /opt/airflow/dags/segunda_dag.py for tasks to queue
[2021-06-27 00:28:12,322] {logging_mixin.py:104} INFO - [2021-06-27 00:28:12,322] {dagbag.py:487} INFO - Filling up the DagBag from /opt/airflow/dags/segunda_dag.py
[2021-06-27 00:28:12,339] {scheduler_job.py:643} INFO - DAG(s) dict_keys(['segunda_dag']) retrieved from /opt/airflow/dags/segunda_dag.py
[2021-06-27 00:28:12,357] {logging_mixin.py:104} INFO - [2021-06-27 00:28:12,357] {dag.py:1832} INFO - Sync 1 DAGs
[2021-06-27 00:28:12,373] {logging_mixin.py:104} INFO - [2021-06-27 00:28:12,373] {dag.py:2305} INFO - Setting next_dagrun for segunda_dag to 2021-06-27T00:25:00+00:00
[2021-06-27 00:28:12,384] {scheduler_job.py:190} INFO - Processing /opt/airflow/dags/segunda_dag.py took 0.067 seconds
[2021-06-27 00:28:42,583] {scheduler_job.py:182} INFO - Started process (PID=148) to work on /opt/airflow/dags/segunda_dag.py
[2021-06-27 00:28:42,585] {scheduler_job.py:633} INFO - Processing file /opt/airflow/dags/segunda_dag.py for tasks to queue
[2021-06-27 00:28:42,586] {logging_mixin.py:104} INFO - [2021-06-27 00:28:42,585] {dagbag.py:487} INFO - Filling up the DagBag from /opt/airflow/dags/segunda_dag.py
[2021-06-27 00:28:42,602] {scheduler_job.py:643} INFO - DAG(s) dict_keys(['segunda_dag']) retrieved from /opt/airflow/dags/segunda_dag.py
[2021-06-27 00:28:42,619] {logging_mixin.py:104} INFO - [2021-06-27 00:28:42,619] {dag.py:1832} INFO - Sync 1 DAGs
[2021-06-27 00:28:42,688] {logging_mixin.py:104} INFO - [2021-06-27 00:28:42,688] {dag.py:2305} INFO - Setting next_dagrun for segunda_dag to 2021-06-27T00:25:00+00:00
[2021-06-27 00:28:42,817] {scheduler_job.py:190} INFO - Processing /opt/airflow/dags/segunda_dag.py took 0.237 seconds
[2021-06-27 00:29:12,878] {scheduler_job.py:182} INFO - Started process (PID=181) to work on /opt/airflow/dags/segunda_dag.py
[2021-06-27 00:29:12,879] {scheduler_job.py:633} INFO - Processing file /opt/airflow/dags/segunda_dag.py for tasks to queue
[2021-06-27 00:29:12,880] {logging_mixin.py:104} INFO - [2021-06-27 00:29:12,880] {dagbag.py:487} INFO - Filling up the DagBag from /opt/airflow/dags/segunda_dag.py
[2021-06-27 00:29:12,896] {scheduler_job.py:643} INFO - DAG(s) dict_keys(['segunda_dag']) retrieved from /opt/airflow/dags/segunda_dag.py
[2021-06-27 00:29:12,912] {logging_mixin.py:104} INFO - [2021-06-27 00:29:12,912] {dag.py:1832} INFO - Sync 1 DAGs
[2021-06-27 00:29:12,927] {logging_mixin.py:104} INFO - [2021-06-27 00:29:12,927] {dag.py:2305} INFO - Setting next_dagrun for segunda_dag to 2021-06-27T00:25:00+00:00
[2021-06-27 00:29:12,941] {scheduler_job.py:190} INFO - Processing /opt/airflow/dags/segunda_dag.py took 0.066 seconds
[2021-06-27 00:29:43,445] {scheduler_job.py:182} INFO - Started process (PID=230) to work on /opt/airflow/dags/segunda_dag.py
[2021-06-27 00:29:43,446] {scheduler_job.py:633} INFO - Processing file /opt/airflow/dags/segunda_dag.py for tasks to queue
[2021-06-27 00:29:43,447] {logging_mixin.py:104} INFO - [2021-06-27 00:29:43,447] {dagbag.py:487} INFO - Filling up the DagBag from /opt/airflow/dags/segunda_dag.py
[2021-06-27 00:29:43,464] {scheduler_job.py:643} INFO - DAG(s) dict_keys(['segunda_dag']) retrieved from /opt/airflow/dags/segunda_dag.py
[2021-06-27 00:29:43,480] {logging_mixin.py:104} INFO - [2021-06-27 00:29:43,480] {dag.py:1832} INFO - Sync 1 DAGs
[2021-06-27 00:29:43,496] {logging_mixin.py:104} INFO - [2021-06-27 00:29:43,496] {dag.py:2305} INFO - Setting next_dagrun for segunda_dag to 2021-06-27T00:25:00+00:00
[2021-06-27 00:29:43,504] {scheduler_job.py:190} INFO - Processing /opt/airflow/dags/segunda_dag.py took 0.062 seconds
[2021-06-27 00:30:13,623] {scheduler_job.py:182} INFO - Started process (PID=292) to work on /opt/airflow/dags/segunda_dag.py
[2021-06-27 00:30:13,624] {scheduler_job.py:633} INFO - Processing file /opt/airflow/dags/segunda_dag.py for tasks to queue
[2021-06-27 00:30:13,625] {logging_mixin.py:104} INFO - [2021-06-27 00:30:13,625] {dagbag.py:487} INFO - Filling up the DagBag from /opt/airflow/dags/segunda_dag.py
[2021-06-27 00:30:13,641] {scheduler_job.py:643} INFO - DAG(s) dict_keys(['segunda_dag']) retrieved from /opt/airflow/dags/segunda_dag.py
[2021-06-27 00:30:13,657] {logging_mixin.py:104} INFO - [2021-06-27 00:30:13,657] {dag.py:1832} INFO - Sync 1 DAGs
[2021-06-27 00:30:13,673] {logging_mixin.py:104} INFO - [2021-06-27 00:30:13,673] {dag.py:2305} INFO - Setting next_dagrun for segunda_dag to 2021-06-27T00:30:00+00:00
[2021-06-27 00:30:13,686] {scheduler_job.py:190} INFO - Processing /opt/airflow/dags/segunda_dag.py took 0.065 seconds
[2021-06-27 00:30:43,858] {scheduler_job.py:182} INFO - Started process (PID=325) to work on /opt/airflow/dags/segunda_dag.py
[2021-06-27 00:30:43,859] {scheduler_job.py:633} INFO - Processing file /opt/airflow/dags/segunda_dag.py for tasks to queue
[2021-06-27 00:30:43,860] {logging_mixin.py:104} INFO - [2021-06-27 00:30:43,860] {dagbag.py:487} INFO - Filling up the DagBag from /opt/airflow/dags/segunda_dag.py
[2021-06-27 00:30:43,876] {scheduler_job.py:643} INFO - DAG(s) dict_keys(['segunda_dag']) retrieved from /opt/airflow/dags/segunda_dag.py
[2021-06-27 00:30:43,892] {logging_mixin.py:104} INFO - [2021-06-27 00:30:43,892] {dag.py:1832} INFO - Sync 1 DAGs
[2021-06-27 00:30:43,907] {logging_mixin.py:104} INFO - [2021-06-27 00:30:43,907] {dag.py:2305} INFO - Setting next_dagrun for segunda_dag to 2021-06-27T00:30:00+00:00
[2021-06-27 00:30:43,918] {scheduler_job.py:190} INFO - Processing /opt/airflow/dags/segunda_dag.py took 0.063 seconds
[2021-06-27 00:31:14,210] {scheduler_job.py:182} INFO - Started process (PID=375) to work on /opt/airflow/dags/segunda_dag.py
[2021-06-27 00:31:14,211] {scheduler_job.py:633} INFO - Processing file /opt/airflow/dags/segunda_dag.py for tasks to queue
[2021-06-27 00:31:14,212] {logging_mixin.py:104} INFO - [2021-06-27 00:31:14,212] {dagbag.py:487} INFO - Filling up the DagBag from /opt/airflow/dags/segunda_dag.py
[2021-06-27 00:31:14,230] {scheduler_job.py:643} INFO - DAG(s) dict_keys(['segunda_dag']) retrieved from /opt/airflow/dags/segunda_dag.py
[2021-06-27 00:31:14,247] {logging_mixin.py:104} INFO - [2021-06-27 00:31:14,247] {dag.py:1832} INFO - Sync 1 DAGs
[2021-06-27 00:31:14,262] {logging_mixin.py:104} INFO - [2021-06-27 00:31:14,262] {dag.py:2305} INFO - Setting next_dagrun for segunda_dag to 2021-06-27T00:30:00+00:00
[2021-06-27 00:31:14,286] {scheduler_job.py:190} INFO - Processing /opt/airflow/dags/segunda_dag.py took 0.079 seconds
[2021-06-27 00:31:44,397] {scheduler_job.py:182} INFO - Started process (PID=408) to work on /opt/airflow/dags/segunda_dag.py
[2021-06-27 00:31:44,399] {scheduler_job.py:633} INFO - Processing file /opt/airflow/dags/segunda_dag.py for tasks to queue
[2021-06-27 00:31:44,400] {logging_mixin.py:104} INFO - [2021-06-27 00:31:44,400] {dagbag.py:487} INFO - Filling up the DagBag from /opt/airflow/dags/segunda_dag.py
[2021-06-27 00:31:44,416] {scheduler_job.py:643} INFO - DAG(s) dict_keys(['segunda_dag']) retrieved from /opt/airflow/dags/segunda_dag.py
[2021-06-27 00:31:44,432] {logging_mixin.py:104} INFO - [2021-06-27 00:31:44,432] {dag.py:1832} INFO - Sync 1 DAGs
[2021-06-27 00:31:44,448] {logging_mixin.py:104} INFO - [2021-06-27 00:31:44,448] {dag.py:2305} INFO - Setting next_dagrun for segunda_dag to 2021-06-27T00:30:00+00:00
[2021-06-27 00:31:44,460] {scheduler_job.py:190} INFO - Processing /opt/airflow/dags/segunda_dag.py took 0.065 seconds
[2021-06-27 00:32:14,658] {scheduler_job.py:182} INFO - Started process (PID=451) to work on /opt/airflow/dags/segunda_dag.py
[2021-06-27 00:32:14,660] {scheduler_job.py:633} INFO - Processing file /opt/airflow/dags/segunda_dag.py for tasks to queue
[2021-06-27 00:32:14,661] {logging_mixin.py:104} INFO - [2021-06-27 00:32:14,661] {dagbag.py:487} INFO - Filling up the DagBag from /opt/airflow/dags/segunda_dag.py
[2021-06-27 00:32:14,680] {scheduler_job.py:643} INFO - DAG(s) dict_keys(['segunda_dag']) retrieved from /opt/airflow/dags/segunda_dag.py
[2021-06-27 00:32:14,700] {logging_mixin.py:104} INFO - [2021-06-27 00:32:14,700] {dag.py:1832} INFO - Sync 1 DAGs
[2021-06-27 00:32:14,719] {logging_mixin.py:104} INFO - [2021-06-27 00:32:14,719] {dag.py:2305} INFO - Setting next_dagrun for segunda_dag to 2021-06-27T00:30:00+00:00
[2021-06-27 00:32:14,729] {scheduler_job.py:190} INFO - Processing /opt/airflow/dags/segunda_dag.py took 0.076 seconds
[2021-06-27 00:32:45,012] {scheduler_job.py:182} INFO - Started process (PID=490) to work on /opt/airflow/dags/segunda_dag.py
[2021-06-27 00:32:45,013] {scheduler_job.py:633} INFO - Processing file /opt/airflow/dags/segunda_dag.py for tasks to queue
[2021-06-27 00:32:45,015] {logging_mixin.py:104} INFO - [2021-06-27 00:32:45,014] {dagbag.py:487} INFO - Filling up the DagBag from /opt/airflow/dags/segunda_dag.py
[2021-06-27 00:32:45,031] {scheduler_job.py:643} INFO - DAG(s) dict_keys(['segunda_dag']) retrieved from /opt/airflow/dags/segunda_dag.py
[2021-06-27 00:32:45,050] {logging_mixin.py:104} INFO - [2021-06-27 00:32:45,050] {dag.py:1832} INFO - Sync 1 DAGs
[2021-06-27 00:32:45,071] {logging_mixin.py:104} INFO - [2021-06-27 00:32:45,071] {dag.py:2305} INFO - Setting next_dagrun for segunda_dag to 2021-06-27T00:30:00+00:00
[2021-06-27 00:32:45,089] {scheduler_job.py:190} INFO - Processing /opt/airflow/dags/segunda_dag.py took 0.080 seconds
[2021-06-27 00:33:15,186] {scheduler_job.py:182} INFO - Started process (PID=542) to work on /opt/airflow/dags/segunda_dag.py
[2021-06-27 00:33:15,188] {scheduler_job.py:633} INFO - Processing file /opt/airflow/dags/segunda_dag.py for tasks to queue
[2021-06-27 00:33:15,189] {logging_mixin.py:104} INFO - [2021-06-27 00:33:15,189] {dagbag.py:487} INFO - Filling up the DagBag from /opt/airflow/dags/segunda_dag.py
[2021-06-27 00:33:15,206] {scheduler_job.py:643} INFO - DAG(s) dict_keys(['segunda_dag']) retrieved from /opt/airflow/dags/segunda_dag.py
[2021-06-27 00:33:15,221] {logging_mixin.py:104} INFO - [2021-06-27 00:33:15,221] {dag.py:1832} INFO - Sync 1 DAGs
[2021-06-27 00:33:15,238] {logging_mixin.py:104} INFO - [2021-06-27 00:33:15,238] {dag.py:2305} INFO - Setting next_dagrun for segunda_dag to 2021-06-27T00:30:00+00:00
[2021-06-27 00:33:15,272] {scheduler_job.py:190} INFO - Processing /opt/airflow/dags/segunda_dag.py took 0.088 seconds
[2021-06-27 00:33:45,462] {scheduler_job.py:182} INFO - Started process (PID=592) to work on /opt/airflow/dags/segunda_dag.py
[2021-06-27 00:33:45,463] {scheduler_job.py:633} INFO - Processing file /opt/airflow/dags/segunda_dag.py for tasks to queue
[2021-06-27 00:33:45,464] {logging_mixin.py:104} INFO - [2021-06-27 00:33:45,464] {dagbag.py:487} INFO - Filling up the DagBag from /opt/airflow/dags/segunda_dag.py
[2021-06-27 00:33:45,482] {scheduler_job.py:643} INFO - DAG(s) dict_keys(['segunda_dag']) retrieved from /opt/airflow/dags/segunda_dag.py
[2021-06-27 00:33:45,499] {logging_mixin.py:104} INFO - [2021-06-27 00:33:45,498] {dag.py:1832} INFO - Sync 1 DAGs
[2021-06-27 00:33:45,515] {logging_mixin.py:104} INFO - [2021-06-27 00:33:45,515] {dag.py:2305} INFO - Setting next_dagrun for segunda_dag to 2021-06-27T00:30:00+00:00
[2021-06-27 00:33:45,524] {scheduler_job.py:190} INFO - Processing /opt/airflow/dags/segunda_dag.py took 0.065 seconds
[2021-06-27 00:34:15,671] {scheduler_job.py:182} INFO - Started process (PID=626) to work on /opt/airflow/dags/segunda_dag.py
[2021-06-27 00:34:15,673] {scheduler_job.py:633} INFO - Processing file /opt/airflow/dags/segunda_dag.py for tasks to queue
[2021-06-27 00:34:15,674] {logging_mixin.py:104} INFO - [2021-06-27 00:34:15,674] {dagbag.py:487} INFO - Filling up the DagBag from /opt/airflow/dags/segunda_dag.py
[2021-06-27 00:34:15,690] {scheduler_job.py:643} INFO - DAG(s) dict_keys(['segunda_dag']) retrieved from /opt/airflow/dags/segunda_dag.py
[2021-06-27 00:34:15,707] {logging_mixin.py:104} INFO - [2021-06-27 00:34:15,707] {dag.py:1832} INFO - Sync 1 DAGs
[2021-06-27 00:34:15,726] {logging_mixin.py:104} INFO - [2021-06-27 00:34:15,726] {dag.py:2305} INFO - Setting next_dagrun for segunda_dag to 2021-06-27T00:30:00+00:00
[2021-06-27 00:34:15,740] {scheduler_job.py:190} INFO - Processing /opt/airflow/dags/segunda_dag.py took 0.071 seconds
[2021-06-27 00:34:45,982] {scheduler_job.py:182} INFO - Started process (PID=676) to work on /opt/airflow/dags/segunda_dag.py
[2021-06-27 00:34:45,985] {scheduler_job.py:633} INFO - Processing file /opt/airflow/dags/segunda_dag.py for tasks to queue
[2021-06-27 00:34:45,986] {logging_mixin.py:104} INFO - [2021-06-27 00:34:45,986] {dagbag.py:487} INFO - Filling up the DagBag from /opt/airflow/dags/segunda_dag.py
[2021-06-27 00:34:46,014] {scheduler_job.py:643} INFO - DAG(s) dict_keys(['segunda_dag']) retrieved from /opt/airflow/dags/segunda_dag.py
[2021-06-27 00:34:46,044] {logging_mixin.py:104} INFO - [2021-06-27 00:34:46,043] {dag.py:1832} INFO - Sync 1 DAGs
[2021-06-27 00:34:46,072] {logging_mixin.py:104} INFO - [2021-06-27 00:34:46,071] {dag.py:2305} INFO - Setting next_dagrun for segunda_dag to 2021-06-27T00:30:00+00:00
[2021-06-27 00:34:46,089] {scheduler_job.py:190} INFO - Processing /opt/airflow/dags/segunda_dag.py took 0.111 seconds
[2021-06-27 00:35:22,184] {scheduler_job.py:182} INFO - Started process (PID=720) to work on /opt/airflow/dags/segunda_dag.py
[2021-06-27 00:35:22,186] {scheduler_job.py:633} INFO - Processing file /opt/airflow/dags/segunda_dag.py for tasks to queue
[2021-06-27 00:35:22,187] {logging_mixin.py:104} INFO - [2021-06-27 00:35:22,186] {dagbag.py:487} INFO - Filling up the DagBag from /opt/airflow/dags/segunda_dag.py
[2021-06-27 00:35:22,205] {scheduler_job.py:643} INFO - DAG(s) dict_keys(['segunda_dag']) retrieved from /opt/airflow/dags/segunda_dag.py
[2021-06-27 00:35:22,224] {logging_mixin.py:104} INFO - [2021-06-27 00:35:22,224] {dag.py:1832} INFO - Sync 1 DAGs
[2021-06-27 00:35:22,242] {logging_mixin.py:104} INFO - [2021-06-27 00:35:22,242] {dag.py:2305} INFO - Setting next_dagrun for segunda_dag to 2021-06-27T00:35:00+00:00
[2021-06-27 00:35:22,250] {scheduler_job.py:190} INFO - Processing /opt/airflow/dags/segunda_dag.py took 0.069 seconds
[2021-06-27 00:35:52,290] {scheduler_job.py:182} INFO - Started process (PID=754) to work on /opt/airflow/dags/segunda_dag.py
[2021-06-27 00:35:52,291] {scheduler_job.py:633} INFO - Processing file /opt/airflow/dags/segunda_dag.py for tasks to queue
[2021-06-27 00:35:52,293] {logging_mixin.py:104} INFO - [2021-06-27 00:35:52,293] {dagbag.py:487} INFO - Filling up the DagBag from /opt/airflow/dags/segunda_dag.py
[2021-06-27 00:35:52,314] {scheduler_job.py:643} INFO - DAG(s) dict_keys(['segunda_dag']) retrieved from /opt/airflow/dags/segunda_dag.py
[2021-06-27 00:35:52,334] {logging_mixin.py:104} INFO - [2021-06-27 00:35:52,334] {dag.py:1832} INFO - Sync 1 DAGs
[2021-06-27 00:35:52,355] {logging_mixin.py:104} INFO - [2021-06-27 00:35:52,355] {dag.py:2305} INFO - Setting next_dagrun for segunda_dag to 2021-06-27T00:35:00+00:00
[2021-06-27 00:35:52,364] {scheduler_job.py:190} INFO - Processing /opt/airflow/dags/segunda_dag.py took 0.077 seconds
[2021-06-27 00:36:22,563] {scheduler_job.py:182} INFO - Started process (PID=803) to work on /opt/airflow/dags/segunda_dag.py
[2021-06-27 00:36:22,564] {scheduler_job.py:633} INFO - Processing file /opt/airflow/dags/segunda_dag.py for tasks to queue
[2021-06-27 00:36:22,565] {logging_mixin.py:104} INFO - [2021-06-27 00:36:22,565] {dagbag.py:487} INFO - Filling up the DagBag from /opt/airflow/dags/segunda_dag.py
[2021-06-27 00:36:22,597] {scheduler_job.py:643} INFO - DAG(s) dict_keys(['segunda_dag']) retrieved from /opt/airflow/dags/segunda_dag.py
[2021-06-27 00:36:22,614] {logging_mixin.py:104} INFO - [2021-06-27 00:36:22,614] {dag.py:1832} INFO - Sync 1 DAGs
[2021-06-27 00:36:22,631] {logging_mixin.py:104} INFO - [2021-06-27 00:36:22,631] {dag.py:2305} INFO - Setting next_dagrun for segunda_dag to 2021-06-27T00:35:00+00:00
[2021-06-27 00:36:22,638] {scheduler_job.py:190} INFO - Processing /opt/airflow/dags/segunda_dag.py took 0.078 seconds
[2021-06-27 00:36:52,845] {scheduler_job.py:182} INFO - Started process (PID=846) to work on /opt/airflow/dags/segunda_dag.py
[2021-06-27 00:36:52,848] {scheduler_job.py:633} INFO - Processing file /opt/airflow/dags/segunda_dag.py for tasks to queue
[2021-06-27 00:36:52,849] {logging_mixin.py:104} INFO - [2021-06-27 00:36:52,849] {dagbag.py:487} INFO - Filling up the DagBag from /opt/airflow/dags/segunda_dag.py
[2021-06-27 00:36:52,871] {scheduler_job.py:643} INFO - DAG(s) dict_keys(['segunda_dag']) retrieved from /opt/airflow/dags/segunda_dag.py
[2021-06-27 00:36:52,902] {logging_mixin.py:104} INFO - [2021-06-27 00:36:52,902] {dag.py:1832} INFO - Sync 1 DAGs
[2021-06-27 00:36:52,930] {logging_mixin.py:104} INFO - [2021-06-27 00:36:52,930] {dag.py:2305} INFO - Setting next_dagrun for segunda_dag to 2021-06-27T00:35:00+00:00
[2021-06-27 00:36:53,004] {scheduler_job.py:190} INFO - Processing /opt/airflow/dags/segunda_dag.py took 0.161 seconds
[2021-06-27 00:37:23,108] {scheduler_job.py:182} INFO - Started process (PID=886) to work on /opt/airflow/dags/segunda_dag.py
[2021-06-27 00:37:23,110] {scheduler_job.py:633} INFO - Processing file /opt/airflow/dags/segunda_dag.py for tasks to queue
[2021-06-27 00:37:23,111] {logging_mixin.py:104} INFO - [2021-06-27 00:37:23,110] {dagbag.py:487} INFO - Filling up the DagBag from /opt/airflow/dags/segunda_dag.py
[2021-06-27 00:37:23,126] {scheduler_job.py:643} INFO - DAG(s) dict_keys(['segunda_dag']) retrieved from /opt/airflow/dags/segunda_dag.py
[2021-06-27 00:37:23,143] {logging_mixin.py:104} INFO - [2021-06-27 00:37:23,143] {dag.py:1832} INFO - Sync 1 DAGs
[2021-06-27 00:37:23,159] {logging_mixin.py:104} INFO - [2021-06-27 00:37:23,159] {dag.py:2305} INFO - Setting next_dagrun for segunda_dag to 2021-06-27T00:35:00+00:00
[2021-06-27 00:37:23,180] {scheduler_job.py:190} INFO - Processing /opt/airflow/dags/segunda_dag.py took 0.075 seconds
[2021-06-27 00:37:53,374] {scheduler_job.py:182} INFO - Started process (PID=937) to work on /opt/airflow/dags/segunda_dag.py
[2021-06-27 00:37:53,376] {scheduler_job.py:633} INFO - Processing file /opt/airflow/dags/segunda_dag.py for tasks to queue
[2021-06-27 00:37:53,377] {logging_mixin.py:104} INFO - [2021-06-27 00:37:53,377] {dagbag.py:487} INFO - Filling up the DagBag from /opt/airflow/dags/segunda_dag.py
[2021-06-27 00:37:53,396] {scheduler_job.py:643} INFO - DAG(s) dict_keys(['segunda_dag']) retrieved from /opt/airflow/dags/segunda_dag.py
[2021-06-27 00:37:53,413] {logging_mixin.py:104} INFO - [2021-06-27 00:37:53,413] {dag.py:1832} INFO - Sync 1 DAGs
[2021-06-27 00:37:53,430] {logging_mixin.py:104} INFO - [2021-06-27 00:37:53,430] {dag.py:2305} INFO - Setting next_dagrun for segunda_dag to 2021-06-27T00:35:00+00:00
[2021-06-27 00:37:53,440] {scheduler_job.py:190} INFO - Processing /opt/airflow/dags/segunda_dag.py took 0.069 seconds
[2021-06-27 00:38:23,655] {scheduler_job.py:182} INFO - Started process (PID=988) to work on /opt/airflow/dags/segunda_dag.py
[2021-06-27 00:38:23,660] {scheduler_job.py:633} INFO - Processing file /opt/airflow/dags/segunda_dag.py for tasks to queue
[2021-06-27 00:38:23,663] {logging_mixin.py:104} INFO - [2021-06-27 00:38:23,663] {dagbag.py:487} INFO - Filling up the DagBag from /opt/airflow/dags/segunda_dag.py
[2021-06-27 00:38:23,685] {scheduler_job.py:643} INFO - DAG(s) dict_keys(['segunda_dag']) retrieved from /opt/airflow/dags/segunda_dag.py
[2021-06-27 00:38:23,707] {logging_mixin.py:104} INFO - [2021-06-27 00:38:23,706] {dag.py:1832} INFO - Sync 1 DAGs
[2021-06-27 00:38:23,723] {logging_mixin.py:104} INFO - [2021-06-27 00:38:23,723] {dag.py:2305} INFO - Setting next_dagrun for segunda_dag to 2021-06-27T00:35:00+00:00
[2021-06-27 00:38:23,768] {scheduler_job.py:190} INFO - Processing /opt/airflow/dags/segunda_dag.py took 0.123 seconds
[2021-06-27 00:38:53,894] {scheduler_job.py:182} INFO - Started process (PID=1022) to work on /opt/airflow/dags/segunda_dag.py
[2021-06-27 00:38:53,896] {scheduler_job.py:633} INFO - Processing file /opt/airflow/dags/segunda_dag.py for tasks to queue
[2021-06-27 00:38:53,897] {logging_mixin.py:104} INFO - [2021-06-27 00:38:53,897] {dagbag.py:487} INFO - Filling up the DagBag from /opt/airflow/dags/segunda_dag.py
[2021-06-27 00:38:53,915] {scheduler_job.py:643} INFO - DAG(s) dict_keys(['segunda_dag']) retrieved from /opt/airflow/dags/segunda_dag.py
[2021-06-27 00:38:53,934] {logging_mixin.py:104} INFO - [2021-06-27 00:38:53,934] {dag.py:1832} INFO - Sync 1 DAGs
[2021-06-27 00:38:53,951] {logging_mixin.py:104} INFO - [2021-06-27 00:38:53,951] {dag.py:2305} INFO - Setting next_dagrun for segunda_dag to 2021-06-27T00:35:00+00:00
[2021-06-27 00:38:53,963] {scheduler_job.py:190} INFO - Processing /opt/airflow/dags/segunda_dag.py took 0.072 seconds
[2021-06-27 00:39:24,127] {scheduler_job.py:182} INFO - Started process (PID=1070) to work on /opt/airflow/dags/segunda_dag.py
[2021-06-27 00:39:24,129] {scheduler_job.py:633} INFO - Processing file /opt/airflow/dags/segunda_dag.py for tasks to queue
[2021-06-27 00:39:24,130] {logging_mixin.py:104} INFO - [2021-06-27 00:39:24,129] {dagbag.py:487} INFO - Filling up the DagBag from /opt/airflow/dags/segunda_dag.py
[2021-06-27 00:39:24,146] {scheduler_job.py:643} INFO - DAG(s) dict_keys(['segunda_dag']) retrieved from /opt/airflow/dags/segunda_dag.py
[2021-06-27 00:39:24,162] {logging_mixin.py:104} INFO - [2021-06-27 00:39:24,162] {dag.py:1832} INFO - Sync 1 DAGs
[2021-06-27 00:39:24,177] {logging_mixin.py:104} INFO - [2021-06-27 00:39:24,177] {dag.py:2305} INFO - Setting next_dagrun for segunda_dag to 2021-06-27T00:35:00+00:00
[2021-06-27 00:39:24,186] {scheduler_job.py:190} INFO - Processing /opt/airflow/dags/segunda_dag.py took 0.061 seconds
[2021-06-27 00:39:54,359] {scheduler_job.py:182} INFO - Started process (PID=1114) to work on /opt/airflow/dags/segunda_dag.py
[2021-06-27 00:39:54,361] {scheduler_job.py:633} INFO - Processing file /opt/airflow/dags/segunda_dag.py for tasks to queue
[2021-06-27 00:39:54,362] {logging_mixin.py:104} INFO - [2021-06-27 00:39:54,362] {dagbag.py:487} INFO - Filling up the DagBag from /opt/airflow/dags/segunda_dag.py
[2021-06-27 00:39:54,378] {scheduler_job.py:643} INFO - DAG(s) dict_keys(['segunda_dag']) retrieved from /opt/airflow/dags/segunda_dag.py
[2021-06-27 00:39:54,395] {logging_mixin.py:104} INFO - [2021-06-27 00:39:54,394] {dag.py:1832} INFO - Sync 1 DAGs
[2021-06-27 00:39:54,411] {logging_mixin.py:104} INFO - [2021-06-27 00:39:54,411] {dag.py:2305} INFO - Setting next_dagrun for segunda_dag to 2021-06-27T00:35:00+00:00
[2021-06-27 00:39:54,420] {scheduler_job.py:190} INFO - Processing /opt/airflow/dags/segunda_dag.py took 0.063 seconds
[2021-06-27 00:40:24,591] {scheduler_job.py:182} INFO - Started process (PID=1163) to work on /opt/airflow/dags/segunda_dag.py
[2021-06-27 00:40:24,593] {scheduler_job.py:633} INFO - Processing file /opt/airflow/dags/segunda_dag.py for tasks to queue
[2021-06-27 00:40:24,594] {logging_mixin.py:104} INFO - [2021-06-27 00:40:24,594] {dagbag.py:487} INFO - Filling up the DagBag from /opt/airflow/dags/segunda_dag.py
[2021-06-27 00:40:24,610] {scheduler_job.py:643} INFO - DAG(s) dict_keys(['segunda_dag']) retrieved from /opt/airflow/dags/segunda_dag.py
[2021-06-27 00:40:24,627] {logging_mixin.py:104} INFO - [2021-06-27 00:40:24,627] {dag.py:1832} INFO - Sync 1 DAGs
[2021-06-27 00:40:24,643] {logging_mixin.py:104} INFO - [2021-06-27 00:40:24,643] {dag.py:2305} INFO - Setting next_dagrun for segunda_dag to 2021-06-27T00:40:00+00:00
[2021-06-27 00:40:24,654] {scheduler_job.py:190} INFO - Processing /opt/airflow/dags/segunda_dag.py took 0.066 seconds
[2021-06-27 00:40:54,856] {scheduler_job.py:182} INFO - Started process (PID=1212) to work on /opt/airflow/dags/segunda_dag.py
[2021-06-27 00:40:54,858] {scheduler_job.py:633} INFO - Processing file /opt/airflow/dags/segunda_dag.py for tasks to queue
[2021-06-27 00:40:54,859] {logging_mixin.py:104} INFO - [2021-06-27 00:40:54,859] {dagbag.py:487} INFO - Filling up the DagBag from /opt/airflow/dags/segunda_dag.py
[2021-06-27 00:40:54,874] {scheduler_job.py:643} INFO - DAG(s) dict_keys(['segunda_dag']) retrieved from /opt/airflow/dags/segunda_dag.py
[2021-06-27 00:40:54,891] {logging_mixin.py:104} INFO - [2021-06-27 00:40:54,891] {dag.py:1832} INFO - Sync 1 DAGs
[2021-06-27 00:40:54,910] {logging_mixin.py:104} INFO - [2021-06-27 00:40:54,910] {dag.py:2305} INFO - Setting next_dagrun for segunda_dag to 2021-06-27T00:40:00+00:00
[2021-06-27 00:40:54,918] {scheduler_job.py:190} INFO - Processing /opt/airflow/dags/segunda_dag.py took 0.064 seconds
[2021-06-27 00:41:25,124] {scheduler_job.py:182} INFO - Started process (PID=1256) to work on /opt/airflow/dags/segunda_dag.py
[2021-06-27 00:41:25,126] {scheduler_job.py:633} INFO - Processing file /opt/airflow/dags/segunda_dag.py for tasks to queue
[2021-06-27 00:41:25,127] {logging_mixin.py:104} INFO - [2021-06-27 00:41:25,126] {dagbag.py:487} INFO - Filling up the DagBag from /opt/airflow/dags/segunda_dag.py
[2021-06-27 00:41:25,142] {scheduler_job.py:643} INFO - DAG(s) dict_keys(['segunda_dag']) retrieved from /opt/airflow/dags/segunda_dag.py
[2021-06-27 00:41:25,162] {logging_mixin.py:104} INFO - [2021-06-27 00:41:25,161] {dag.py:1832} INFO - Sync 1 DAGs
[2021-06-27 00:41:25,179] {logging_mixin.py:104} INFO - [2021-06-27 00:41:25,179] {dag.py:2305} INFO - Setting next_dagrun for segunda_dag to 2021-06-27T00:40:00+00:00
[2021-06-27 00:41:25,188] {scheduler_job.py:190} INFO - Processing /opt/airflow/dags/segunda_dag.py took 0.067 seconds
[2021-06-27 00:41:55,360] {scheduler_job.py:182} INFO - Started process (PID=1295) to work on /opt/airflow/dags/segunda_dag.py
[2021-06-27 00:41:55,361] {scheduler_job.py:633} INFO - Processing file /opt/airflow/dags/segunda_dag.py for tasks to queue
[2021-06-27 00:41:55,362] {logging_mixin.py:104} INFO - [2021-06-27 00:41:55,362] {dagbag.py:487} INFO - Filling up the DagBag from /opt/airflow/dags/segunda_dag.py
[2021-06-27 00:41:55,379] {scheduler_job.py:643} INFO - DAG(s) dict_keys(['segunda_dag']) retrieved from /opt/airflow/dags/segunda_dag.py
[2021-06-27 00:41:55,396] {logging_mixin.py:104} INFO - [2021-06-27 00:41:55,396] {dag.py:1832} INFO - Sync 1 DAGs
[2021-06-27 00:41:55,412] {logging_mixin.py:104} INFO - [2021-06-27 00:41:55,412] {dag.py:2305} INFO - Setting next_dagrun for segunda_dag to 2021-06-27T00:40:00+00:00
[2021-06-27 00:41:55,421] {scheduler_job.py:190} INFO - Processing /opt/airflow/dags/segunda_dag.py took 0.064 seconds
[2021-06-27 00:42:25,608] {scheduler_job.py:182} INFO - Started process (PID=1343) to work on /opt/airflow/dags/segunda_dag.py
[2021-06-27 00:42:25,609] {scheduler_job.py:633} INFO - Processing file /opt/airflow/dags/segunda_dag.py for tasks to queue
[2021-06-27 00:42:25,611] {logging_mixin.py:104} INFO - [2021-06-27 00:42:25,610] {dagbag.py:487} INFO - Filling up the DagBag from /opt/airflow/dags/segunda_dag.py
[2021-06-27 00:42:25,627] {scheduler_job.py:643} INFO - DAG(s) dict_keys(['segunda_dag']) retrieved from /opt/airflow/dags/segunda_dag.py
[2021-06-27 00:42:25,645] {logging_mixin.py:104} INFO - [2021-06-27 00:42:25,645] {dag.py:1832} INFO - Sync 1 DAGs
[2021-06-27 00:42:25,669] {logging_mixin.py:104} INFO - [2021-06-27 00:42:25,669] {dag.py:2305} INFO - Setting next_dagrun for segunda_dag to 2021-06-27T00:40:00+00:00
[2021-06-27 00:42:25,677] {scheduler_job.py:190} INFO - Processing /opt/airflow/dags/segunda_dag.py took 0.072 seconds
[2021-06-27 00:42:55,870] {scheduler_job.py:182} INFO - Started process (PID=1386) to work on /opt/airflow/dags/segunda_dag.py
[2021-06-27 00:42:55,872] {scheduler_job.py:633} INFO - Processing file /opt/airflow/dags/segunda_dag.py for tasks to queue
[2021-06-27 00:42:55,873] {logging_mixin.py:104} INFO - [2021-06-27 00:42:55,873] {dagbag.py:487} INFO - Filling up the DagBag from /opt/airflow/dags/segunda_dag.py
[2021-06-27 00:42:55,896] {scheduler_job.py:643} INFO - DAG(s) dict_keys(['segunda_dag']) retrieved from /opt/airflow/dags/segunda_dag.py
[2021-06-27 00:42:55,917] {logging_mixin.py:104} INFO - [2021-06-27 00:42:55,916] {dag.py:1832} INFO - Sync 1 DAGs
[2021-06-27 00:42:55,933] {logging_mixin.py:104} INFO - [2021-06-27 00:42:55,933] {dag.py:2305} INFO - Setting next_dagrun for segunda_dag to 2021-06-27T00:40:00+00:00
[2021-06-27 00:42:55,941] {scheduler_job.py:190} INFO - Processing /opt/airflow/dags/segunda_dag.py took 0.074 seconds
[2021-06-27 00:43:26,118] {scheduler_job.py:182} INFO - Started process (PID=1426) to work on /opt/airflow/dags/segunda_dag.py
[2021-06-27 00:43:26,120] {scheduler_job.py:633} INFO - Processing file /opt/airflow/dags/segunda_dag.py for tasks to queue
[2021-06-27 00:43:26,121] {logging_mixin.py:104} INFO - [2021-06-27 00:43:26,121] {dagbag.py:487} INFO - Filling up the DagBag from /opt/airflow/dags/segunda_dag.py
[2021-06-27 00:43:26,137] {scheduler_job.py:643} INFO - DAG(s) dict_keys(['segunda_dag']) retrieved from /opt/airflow/dags/segunda_dag.py
[2021-06-27 00:43:26,154] {logging_mixin.py:104} INFO - [2021-06-27 00:43:26,154] {dag.py:1832} INFO - Sync 1 DAGs
[2021-06-27 00:43:26,169] {logging_mixin.py:104} INFO - [2021-06-27 00:43:26,169] {dag.py:2305} INFO - Setting next_dagrun for segunda_dag to 2021-06-27T00:40:00+00:00
[2021-06-27 00:43:26,177] {scheduler_job.py:190} INFO - Processing /opt/airflow/dags/segunda_dag.py took 0.061 seconds
[2021-06-27 00:43:56,390] {scheduler_job.py:182} INFO - Started process (PID=1475) to work on /opt/airflow/dags/segunda_dag.py
[2021-06-27 00:43:56,391] {scheduler_job.py:633} INFO - Processing file /opt/airflow/dags/segunda_dag.py for tasks to queue
[2021-06-27 00:43:56,392] {logging_mixin.py:104} INFO - [2021-06-27 00:43:56,392] {dagbag.py:487} INFO - Filling up the DagBag from /opt/airflow/dags/segunda_dag.py
[2021-06-27 00:43:56,408] {scheduler_job.py:643} INFO - DAG(s) dict_keys(['segunda_dag']) retrieved from /opt/airflow/dags/segunda_dag.py
[2021-06-27 00:43:56,425] {logging_mixin.py:104} INFO - [2021-06-27 00:43:56,424] {dag.py:1832} INFO - Sync 1 DAGs
[2021-06-27 00:43:56,440] {logging_mixin.py:104} INFO - [2021-06-27 00:43:56,440] {dag.py:2305} INFO - Setting next_dagrun for segunda_dag to 2021-06-27T00:40:00+00:00
[2021-06-27 00:43:56,448] {scheduler_job.py:190} INFO - Processing /opt/airflow/dags/segunda_dag.py took 0.061 seconds
[2021-06-27 00:44:26,653] {scheduler_job.py:182} INFO - Started process (PID=1523) to work on /opt/airflow/dags/segunda_dag.py
[2021-06-27 00:44:26,654] {scheduler_job.py:633} INFO - Processing file /opt/airflow/dags/segunda_dag.py for tasks to queue
[2021-06-27 00:44:26,655] {logging_mixin.py:104} INFO - [2021-06-27 00:44:26,655] {dagbag.py:487} INFO - Filling up the DagBag from /opt/airflow/dags/segunda_dag.py
[2021-06-27 00:44:26,671] {scheduler_job.py:643} INFO - DAG(s) dict_keys(['segunda_dag']) retrieved from /opt/airflow/dags/segunda_dag.py
[2021-06-27 00:44:26,688] {logging_mixin.py:104} INFO - [2021-06-27 00:44:26,688] {dag.py:1832} INFO - Sync 1 DAGs
[2021-06-27 00:44:26,705] {logging_mixin.py:104} INFO - [2021-06-27 00:44:26,705] {dag.py:2305} INFO - Setting next_dagrun for segunda_dag to 2021-06-27T00:40:00+00:00
[2021-06-27 00:44:26,712] {scheduler_job.py:190} INFO - Processing /opt/airflow/dags/segunda_dag.py took 0.062 seconds
[2021-06-27 00:44:56,836] {scheduler_job.py:182} INFO - Started process (PID=1556) to work on /opt/airflow/dags/segunda_dag.py
[2021-06-27 00:44:56,838] {scheduler_job.py:633} INFO - Processing file /opt/airflow/dags/segunda_dag.py for tasks to queue
[2021-06-27 00:44:56,839] {logging_mixin.py:104} INFO - [2021-06-27 00:44:56,839] {dagbag.py:487} INFO - Filling up the DagBag from /opt/airflow/dags/segunda_dag.py
[2021-06-27 00:44:56,855] {scheduler_job.py:643} INFO - DAG(s) dict_keys(['segunda_dag']) retrieved from /opt/airflow/dags/segunda_dag.py
[2021-06-27 00:44:56,873] {logging_mixin.py:104} INFO - [2021-06-27 00:44:56,872] {dag.py:1832} INFO - Sync 1 DAGs
[2021-06-27 00:44:56,888] {logging_mixin.py:104} INFO - [2021-06-27 00:44:56,888] {dag.py:2305} INFO - Setting next_dagrun for segunda_dag to 2021-06-27T00:40:00+00:00
[2021-06-27 00:44:56,896] {scheduler_job.py:190} INFO - Processing /opt/airflow/dags/segunda_dag.py took 0.063 seconds
[2021-06-27 10:06:58,754] {scheduler_job.py:182} INFO - Started process (PID=52) to work on /opt/airflow/dags/segunda_dag.py
[2021-06-27 10:06:58,756] {scheduler_job.py:633} INFO - Processing file /opt/airflow/dags/segunda_dag.py for tasks to queue
[2021-06-27 10:06:58,757] {logging_mixin.py:104} INFO - [2021-06-27 10:06:58,757] {dagbag.py:487} INFO - Filling up the DagBag from /opt/airflow/dags/segunda_dag.py
[2021-06-27 10:06:58,779] {scheduler_job.py:643} INFO - DAG(s) dict_keys(['segunda_dag']) retrieved from /opt/airflow/dags/segunda_dag.py
[2021-06-27 10:06:58,801] {logging_mixin.py:104} INFO - [2021-06-27 10:06:58,801] {dag.py:1832} INFO - Sync 1 DAGs
[2021-06-27 10:06:58,830] {logging_mixin.py:104} INFO - [2021-06-27 10:06:58,830] {dag.py:2305} INFO - Setting next_dagrun for segunda_dag to 2021-06-27T10:00:00+00:00
[2021-06-27 10:06:58,852] {scheduler_job.py:190} INFO - Processing /opt/airflow/dags/segunda_dag.py took 0.102 seconds
[2021-06-27 10:07:29,073] {scheduler_job.py:182} INFO - Started process (PID=108) to work on /opt/airflow/dags/segunda_dag.py
[2021-06-27 10:07:29,075] {scheduler_job.py:633} INFO - Processing file /opt/airflow/dags/segunda_dag.py for tasks to queue
[2021-06-27 10:07:29,076] {logging_mixin.py:104} INFO - [2021-06-27 10:07:29,075] {dagbag.py:487} INFO - Filling up the DagBag from /opt/airflow/dags/segunda_dag.py
[2021-06-27 10:07:29,094] {scheduler_job.py:643} INFO - DAG(s) dict_keys(['segunda_dag']) retrieved from /opt/airflow/dags/segunda_dag.py
[2021-06-27 10:07:29,110] {logging_mixin.py:104} INFO - [2021-06-27 10:07:29,110] {dag.py:1832} INFO - Sync 1 DAGs
[2021-06-27 10:07:29,126] {logging_mixin.py:104} INFO - [2021-06-27 10:07:29,126] {dag.py:2305} INFO - Setting next_dagrun for segunda_dag to 2021-06-27T10:05:00+00:00
[2021-06-27 10:07:29,152] {scheduler_job.py:190} INFO - Processing /opt/airflow/dags/segunda_dag.py took 0.082 seconds
[2021-06-27 10:07:59,338] {scheduler_job.py:182} INFO - Started process (PID=157) to work on /opt/airflow/dags/segunda_dag.py
[2021-06-27 10:07:59,340] {scheduler_job.py:633} INFO - Processing file /opt/airflow/dags/segunda_dag.py for tasks to queue
[2021-06-27 10:07:59,341] {logging_mixin.py:104} INFO - [2021-06-27 10:07:59,341] {dagbag.py:487} INFO - Filling up the DagBag from /opt/airflow/dags/segunda_dag.py
[2021-06-27 10:07:59,363] {scheduler_job.py:643} INFO - DAG(s) dict_keys(['segunda_dag']) retrieved from /opt/airflow/dags/segunda_dag.py
[2021-06-27 10:07:59,386] {logging_mixin.py:104} INFO - [2021-06-27 10:07:59,386] {dag.py:1832} INFO - Sync 1 DAGs
[2021-06-27 10:07:59,402] {logging_mixin.py:104} INFO - [2021-06-27 10:07:59,402] {dag.py:2305} INFO - Setting next_dagrun for segunda_dag to 2021-06-27T10:05:00+00:00
[2021-06-27 10:07:59,420] {scheduler_job.py:190} INFO - Processing /opt/airflow/dags/segunda_dag.py took 0.085 seconds
[2021-06-27 10:08:29,597] {scheduler_job.py:182} INFO - Started process (PID=190) to work on /opt/airflow/dags/segunda_dag.py
[2021-06-27 10:08:29,599] {scheduler_job.py:633} INFO - Processing file /opt/airflow/dags/segunda_dag.py for tasks to queue
[2021-06-27 10:08:29,600] {logging_mixin.py:104} INFO - [2021-06-27 10:08:29,600] {dagbag.py:487} INFO - Filling up the DagBag from /opt/airflow/dags/segunda_dag.py
[2021-06-27 10:08:29,616] {scheduler_job.py:643} INFO - DAG(s) dict_keys(['segunda_dag']) retrieved from /opt/airflow/dags/segunda_dag.py
[2021-06-27 10:08:29,633] {logging_mixin.py:104} INFO - [2021-06-27 10:08:29,633] {dag.py:1832} INFO - Sync 1 DAGs
[2021-06-27 10:08:29,651] {logging_mixin.py:104} INFO - [2021-06-27 10:08:29,650] {dag.py:2305} INFO - Setting next_dagrun for segunda_dag to 2021-06-27T10:05:00+00:00
[2021-06-27 10:08:29,662] {scheduler_job.py:190} INFO - Processing /opt/airflow/dags/segunda_dag.py took 0.068 seconds
[2021-06-27 10:08:59,858] {scheduler_job.py:182} INFO - Started process (PID=239) to work on /opt/airflow/dags/segunda_dag.py
[2021-06-27 10:08:59,859] {scheduler_job.py:633} INFO - Processing file /opt/airflow/dags/segunda_dag.py for tasks to queue
[2021-06-27 10:08:59,860] {logging_mixin.py:104} INFO - [2021-06-27 10:08:59,860] {dagbag.py:487} INFO - Filling up the DagBag from /opt/airflow/dags/segunda_dag.py
[2021-06-27 10:08:59,876] {scheduler_job.py:643} INFO - DAG(s) dict_keys(['segunda_dag']) retrieved from /opt/airflow/dags/segunda_dag.py
[2021-06-27 10:08:59,893] {logging_mixin.py:104} INFO - [2021-06-27 10:08:59,893] {dag.py:1832} INFO - Sync 1 DAGs
[2021-06-27 10:08:59,908] {logging_mixin.py:104} INFO - [2021-06-27 10:08:59,908] {dag.py:2305} INFO - Setting next_dagrun for segunda_dag to 2021-06-27T10:05:00+00:00
[2021-06-27 10:08:59,953] {scheduler_job.py:190} INFO - Processing /opt/airflow/dags/segunda_dag.py took 0.098 seconds
[2021-06-27 10:09:30,329] {scheduler_job.py:182} INFO - Started process (PID=287) to work on /opt/airflow/dags/segunda_dag.py
[2021-06-27 10:09:30,331] {scheduler_job.py:633} INFO - Processing file /opt/airflow/dags/segunda_dag.py for tasks to queue
[2021-06-27 10:09:30,332] {logging_mixin.py:104} INFO - [2021-06-27 10:09:30,332] {dagbag.py:487} INFO - Filling up the DagBag from /opt/airflow/dags/segunda_dag.py
[2021-06-27 10:09:30,356] {scheduler_job.py:643} INFO - DAG(s) dict_keys(['segunda_dag']) retrieved from /opt/airflow/dags/segunda_dag.py
[2021-06-27 10:09:30,376] {logging_mixin.py:104} INFO - [2021-06-27 10:09:30,376] {dag.py:1832} INFO - Sync 1 DAGs
[2021-06-27 10:09:30,392] {logging_mixin.py:104} INFO - [2021-06-27 10:09:30,392] {dag.py:2305} INFO - Setting next_dagrun for segunda_dag to 2021-06-27T10:05:00+00:00
[2021-06-27 10:09:30,451] {scheduler_job.py:190} INFO - Processing /opt/airflow/dags/segunda_dag.py took 0.125 seconds
[2021-06-27 10:10:00,540] {scheduler_job.py:182} INFO - Started process (PID=321) to work on /opt/airflow/dags/segunda_dag.py
[2021-06-27 10:10:00,542] {scheduler_job.py:633} INFO - Processing file /opt/airflow/dags/segunda_dag.py for tasks to queue
[2021-06-27 10:10:00,543] {logging_mixin.py:104} INFO - [2021-06-27 10:10:00,543] {dagbag.py:487} INFO - Filling up the DagBag from /opt/airflow/dags/segunda_dag.py
[2021-06-27 10:10:00,571] {scheduler_job.py:643} INFO - DAG(s) dict_keys(['segunda_dag']) retrieved from /opt/airflow/dags/segunda_dag.py
[2021-06-27 10:10:00,602] {logging_mixin.py:104} INFO - [2021-06-27 10:10:00,601] {dag.py:1832} INFO - Sync 1 DAGs
[2021-06-27 10:10:00,627] {logging_mixin.py:104} INFO - [2021-06-27 10:10:00,626] {dag.py:2305} INFO - Setting next_dagrun for segunda_dag to 2021-06-27T10:10:00+00:00
[2021-06-27 10:10:00,640] {scheduler_job.py:190} INFO - Processing /opt/airflow/dags/segunda_dag.py took 0.103 seconds
[2021-06-27 10:10:30,913] {scheduler_job.py:182} INFO - Started process (PID=380) to work on /opt/airflow/dags/segunda_dag.py
[2021-06-27 10:10:30,915] {scheduler_job.py:633} INFO - Processing file /opt/airflow/dags/segunda_dag.py for tasks to queue
[2021-06-27 10:10:30,916] {logging_mixin.py:104} INFO - [2021-06-27 10:10:30,915] {dagbag.py:487} INFO - Filling up the DagBag from /opt/airflow/dags/segunda_dag.py
[2021-06-27 10:10:30,932] {scheduler_job.py:643} INFO - DAG(s) dict_keys(['segunda_dag']) retrieved from /opt/airflow/dags/segunda_dag.py
[2021-06-27 10:10:30,949] {logging_mixin.py:104} INFO - [2021-06-27 10:10:30,949] {dag.py:1832} INFO - Sync 1 DAGs
[2021-06-27 10:10:30,964] {logging_mixin.py:104} INFO - [2021-06-27 10:10:30,964] {dag.py:2305} INFO - Setting next_dagrun for segunda_dag to 2021-06-27T10:10:00+00:00
[2021-06-27 10:10:30,982] {scheduler_job.py:190} INFO - Processing /opt/airflow/dags/segunda_dag.py took 0.072 seconds
[2021-06-27 10:11:01,083] {scheduler_job.py:182} INFO - Started process (PID=415) to work on /opt/airflow/dags/segunda_dag.py
[2021-06-27 10:11:01,084] {scheduler_job.py:633} INFO - Processing file /opt/airflow/dags/segunda_dag.py for tasks to queue
[2021-06-27 10:11:01,085] {logging_mixin.py:104} INFO - [2021-06-27 10:11:01,085] {dagbag.py:487} INFO - Filling up the DagBag from /opt/airflow/dags/segunda_dag.py
[2021-06-27 10:11:01,101] {scheduler_job.py:643} INFO - DAG(s) dict_keys(['segunda_dag']) retrieved from /opt/airflow/dags/segunda_dag.py
[2021-06-27 10:11:01,119] {logging_mixin.py:104} INFO - [2021-06-27 10:11:01,119] {dag.py:1832} INFO - Sync 1 DAGs
[2021-06-27 10:11:01,135] {logging_mixin.py:104} INFO - [2021-06-27 10:11:01,135] {dag.py:2305} INFO - Setting next_dagrun for segunda_dag to 2021-06-27T10:10:00+00:00
[2021-06-27 10:11:01,148] {scheduler_job.py:190} INFO - Processing /opt/airflow/dags/segunda_dag.py took 0.068 seconds
[2021-06-27 10:11:31,511] {scheduler_job.py:182} INFO - Started process (PID=459) to work on /opt/airflow/dags/segunda_dag.py
[2021-06-27 10:11:31,513] {scheduler_job.py:633} INFO - Processing file /opt/airflow/dags/segunda_dag.py for tasks to queue
[2021-06-27 10:11:31,514] {logging_mixin.py:104} INFO - [2021-06-27 10:11:31,514] {dagbag.py:487} INFO - Filling up the DagBag from /opt/airflow/dags/segunda_dag.py
[2021-06-27 10:11:31,529] {scheduler_job.py:643} INFO - DAG(s) dict_keys(['segunda_dag']) retrieved from /opt/airflow/dags/segunda_dag.py
[2021-06-27 10:11:31,545] {logging_mixin.py:104} INFO - [2021-06-27 10:11:31,545] {dag.py:1832} INFO - Sync 1 DAGs
[2021-06-27 10:11:31,561] {logging_mixin.py:104} INFO - [2021-06-27 10:11:31,561] {dag.py:2305} INFO - Setting next_dagrun for segunda_dag to 2021-06-27T10:10:00+00:00
[2021-06-27 10:11:31,917] {scheduler_job.py:190} INFO - Processing /opt/airflow/dags/segunda_dag.py took 0.409 seconds
[2021-06-27 10:12:35,851] {scheduler_job.py:182} INFO - Started process (PID=497) to work on /opt/airflow/dags/segunda_dag.py
[2021-06-27 10:12:35,863] {scheduler_job.py:633} INFO - Processing file /opt/airflow/dags/segunda_dag.py for tasks to queue
[2021-06-27 10:12:35,867] {logging_mixin.py:104} INFO - [2021-06-27 10:12:35,866] {dagbag.py:487} INFO - Filling up the DagBag from /opt/airflow/dags/segunda_dag.py
[2021-06-27 10:12:35,896] {scheduler_job.py:643} INFO - DAG(s) dict_keys(['segunda_dag']) retrieved from /opt/airflow/dags/segunda_dag.py
[2021-06-27 10:12:35,916] {logging_mixin.py:104} INFO - [2021-06-27 10:12:35,916] {dag.py:1832} INFO - Sync 1 DAGs
[2021-06-27 10:12:35,940] {logging_mixin.py:104} INFO - [2021-06-27 10:12:35,940] {dag.py:2305} INFO - Setting next_dagrun for segunda_dag to 2021-06-27T10:10:00+00:00
[2021-06-27 10:12:35,954] {scheduler_job.py:190} INFO - Processing /opt/airflow/dags/segunda_dag.py took 24.985 seconds
[2021-06-27 10:15:45,501] {scheduler_job.py:182} INFO - Started process (PID=47) to work on /opt/airflow/dags/segunda_dag.py
[2021-06-27 10:15:45,503] {scheduler_job.py:633} INFO - Processing file /opt/airflow/dags/segunda_dag.py for tasks to queue
[2021-06-27 10:15:45,504] {logging_mixin.py:104} INFO - [2021-06-27 10:15:45,504] {dagbag.py:487} INFO - Filling up the DagBag from /opt/airflow/dags/segunda_dag.py
[2021-06-27 10:15:45,534] {scheduler_job.py:643} INFO - DAG(s) dict_keys(['segunda_dag']) retrieved from /opt/airflow/dags/segunda_dag.py
[2021-06-27 10:15:45,566] {logging_mixin.py:104} INFO - [2021-06-27 10:15:45,566] {dag.py:1832} INFO - Sync 1 DAGs
[2021-06-27 10:15:45,594] {logging_mixin.py:104} INFO - [2021-06-27 10:15:45,594] {dag.py:2305} INFO - Setting next_dagrun for segunda_dag to 2021-06-27T10:10:00+00:00
[2021-06-27 10:15:45,606] {scheduler_job.py:190} INFO - Processing /opt/airflow/dags/segunda_dag.py took 0.108 seconds
[2021-06-27 10:16:15,852] {scheduler_job.py:182} INFO - Started process (PID=104) to work on /opt/airflow/dags/segunda_dag.py
[2021-06-27 10:16:15,853] {scheduler_job.py:633} INFO - Processing file /opt/airflow/dags/segunda_dag.py for tasks to queue
[2021-06-27 10:16:15,854] {logging_mixin.py:104} INFO - [2021-06-27 10:16:15,854] {dagbag.py:487} INFO - Filling up the DagBag from /opt/airflow/dags/segunda_dag.py
[2021-06-27 10:16:15,882] {scheduler_job.py:643} INFO - DAG(s) dict_keys(['segunda_dag']) retrieved from /opt/airflow/dags/segunda_dag.py
[2021-06-27 10:16:15,903] {logging_mixin.py:104} INFO - [2021-06-27 10:16:15,903] {dag.py:1832} INFO - Sync 1 DAGs
[2021-06-27 10:16:16,408] {logging_mixin.py:104} INFO - [2021-06-27 10:16:16,407] {dag.py:2305} INFO - Setting next_dagrun for segunda_dag to 2021-06-27T10:15:00+00:00
[2021-06-27 10:16:16,444] {scheduler_job.py:190} INFO - Processing /opt/airflow/dags/segunda_dag.py took 0.594 seconds
[2021-06-27 10:16:47,042] {scheduler_job.py:182} INFO - Started process (PID=147) to work on /opt/airflow/dags/segunda_dag.py
[2021-06-27 10:16:47,043] {scheduler_job.py:633} INFO - Processing file /opt/airflow/dags/segunda_dag.py for tasks to queue
[2021-06-27 10:16:47,044] {logging_mixin.py:104} INFO - [2021-06-27 10:16:47,044] {dagbag.py:487} INFO - Filling up the DagBag from /opt/airflow/dags/segunda_dag.py
[2021-06-27 10:16:47,059] {scheduler_job.py:643} INFO - DAG(s) dict_keys(['segunda_dag']) retrieved from /opt/airflow/dags/segunda_dag.py
[2021-06-27 10:16:47,076] {logging_mixin.py:104} INFO - [2021-06-27 10:16:47,075] {dag.py:1832} INFO - Sync 1 DAGs
[2021-06-27 10:16:47,092] {logging_mixin.py:104} INFO - [2021-06-27 10:16:47,091] {dag.py:2305} INFO - Setting next_dagrun for segunda_dag to 2021-06-27T10:15:00+00:00
[2021-06-27 10:16:47,101] {scheduler_job.py:190} INFO - Processing /opt/airflow/dags/segunda_dag.py took 0.062 seconds
[2021-06-27 10:17:17,286] {scheduler_job.py:182} INFO - Started process (PID=187) to work on /opt/airflow/dags/segunda_dag.py
[2021-06-27 10:17:17,288] {scheduler_job.py:633} INFO - Processing file /opt/airflow/dags/segunda_dag.py for tasks to queue
[2021-06-27 10:17:17,289] {logging_mixin.py:104} INFO - [2021-06-27 10:17:17,289] {dagbag.py:487} INFO - Filling up the DagBag from /opt/airflow/dags/segunda_dag.py
[2021-06-27 10:17:17,311] {scheduler_job.py:643} INFO - DAG(s) dict_keys(['segunda_dag']) retrieved from /opt/airflow/dags/segunda_dag.py
[2021-06-27 10:17:17,329] {logging_mixin.py:104} INFO - [2021-06-27 10:17:17,329] {dag.py:1832} INFO - Sync 1 DAGs
[2021-06-27 10:17:17,350] {logging_mixin.py:104} INFO - [2021-06-27 10:17:17,349] {dag.py:2305} INFO - Setting next_dagrun for segunda_dag to 2021-06-27T10:15:00+00:00
[2021-06-27 10:17:17,364] {scheduler_job.py:190} INFO - Processing /opt/airflow/dags/segunda_dag.py took 0.082 seconds
[2021-06-27 10:17:47,565] {scheduler_job.py:182} INFO - Started process (PID=237) to work on /opt/airflow/dags/segunda_dag.py
[2021-06-27 10:17:47,566] {scheduler_job.py:633} INFO - Processing file /opt/airflow/dags/segunda_dag.py for tasks to queue
[2021-06-27 10:17:47,567] {logging_mixin.py:104} INFO - [2021-06-27 10:17:47,567] {dagbag.py:487} INFO - Filling up the DagBag from /opt/airflow/dags/segunda_dag.py
[2021-06-27 10:17:47,583] {scheduler_job.py:643} INFO - DAG(s) dict_keys(['segunda_dag']) retrieved from /opt/airflow/dags/segunda_dag.py
[2021-06-27 10:17:47,598] {logging_mixin.py:104} INFO - [2021-06-27 10:17:47,598] {dag.py:1832} INFO - Sync 1 DAGs
[2021-06-27 10:17:47,614] {logging_mixin.py:104} INFO - [2021-06-27 10:17:47,614] {dag.py:2305} INFO - Setting next_dagrun for segunda_dag to 2021-06-27T10:15:00+00:00
[2021-06-27 10:17:47,622] {scheduler_job.py:190} INFO - Processing /opt/airflow/dags/segunda_dag.py took 0.060 seconds
