[2021-06-25 14:45:00,813] {taskinstance.py:876} INFO - Dependencies all met for <TaskInstance: segunda_dag.print_date 2021-06-25T17:40:00+00:00 [queued]>
[2021-06-25 14:45:00,826] {taskinstance.py:876} INFO - Dependencies all met for <TaskInstance: segunda_dag.print_date 2021-06-25T17:40:00+00:00 [queued]>
[2021-06-25 14:45:00,826] {taskinstance.py:1067} INFO - 
--------------------------------------------------------------------------------
[2021-06-25 14:45:00,827] {taskinstance.py:1068} INFO - Starting attempt 1 of 2
[2021-06-25 14:45:00,828] {taskinstance.py:1069} INFO - 
--------------------------------------------------------------------------------
[2021-06-25 14:45:00,845] {taskinstance.py:1087} INFO - Executing <Task(BashOperator): print_date> on 2021-06-25T17:40:00+00:00
[2021-06-25 14:45:00,849] {standard_task_runner.py:52} INFO - Started process 9400 to run task
[2021-06-25 14:45:00,854] {standard_task_runner.py:76} INFO - Running: ['***', 'tasks', 'run', 'segunda_dag', 'print_date', '2021-06-25T17:40:00+00:00', '--job-id', '110', '--pool', 'default_pool', '--raw', '--subdir', 'DAGS_FOLDER/segunda_dag.py', '--cfg-path', '/var/folders/x3/r_ng0drn51dgxp8_7cvtb49w0000gn/T/tmpnvhe19jf', '--error-file', '/var/folders/x3/r_ng0drn51dgxp8_7cvtb49w0000gn/T/tmpdcrwirl8']
[2021-06-25 14:45:00,855] {standard_task_runner.py:77} INFO - Job 110: Subtask print_date
[2021-06-25 14:45:00,918] {logging_mixin.py:104} INFO - Running <TaskInstance: segunda_dag.print_date 2021-06-25T17:40:00+00:00 [running]> on host 28.15.168.192.in-addr.arpa
[2021-06-25 14:45:00,988] {taskinstance.py:1282} INFO - Exporting the following env vars:
AIRFLOW_CTX_DAG_EMAIL=***@example.com
AIRFLOW_CTX_DAG_OWNER=***
AIRFLOW_CTX_DAG_ID=segunda_dag
AIRFLOW_CTX_TASK_ID=print_date
AIRFLOW_CTX_EXECUTION_DATE=2021-06-25T17:40:00+00:00
AIRFLOW_CTX_DAG_RUN_ID=scheduled__2021-06-25T17:40:00+00:00
[2021-06-25 14:45:00,989] {subprocess.py:52} INFO - Tmp dir root location: 
 /var/folders/x3/r_ng0drn51dgxp8_7cvtb49w0000gn/T
[2021-06-25 14:45:00,989] {subprocess.py:63} INFO - Running command: ['bash', '-c', 'date']
[2021-06-25 14:45:00,994] {subprocess.py:75} INFO - Output:
[2021-06-25 14:45:00,999] {subprocess.py:79} INFO - Sex 25 Jun 2021 14:45:00 -03
[2021-06-25 14:45:01,000] {subprocess.py:83} INFO - Command exited with return code 0
[2021-06-25 14:45:01,034] {taskinstance.py:1191} INFO - Marking task as SUCCESS. dag_id=segunda_dag, task_id=print_date, execution_date=20210625T174000, start_date=20210625T174500, end_date=20210625T174501
[2021-06-25 14:45:01,069] {taskinstance.py:1245} INFO - 1 downstream tasks scheduled from follow-on schedule check
[2021-06-25 14:45:01,107] {local_task_job.py:151} INFO - Task exited with return code 0
