[2021-06-27 10:07:01,428] {taskinstance.py:876} INFO - Dependencies all met for <TaskInstance: tutorial.print_date 2021-06-27T09:45:00+00:00 [queued]>
[2021-06-27 10:07:01,457] {taskinstance.py:876} INFO - Dependencies all met for <TaskInstance: tutorial.print_date 2021-06-27T09:45:00+00:00 [queued]>
[2021-06-27 10:07:01,458] {taskinstance.py:1067} INFO - 
--------------------------------------------------------------------------------
[2021-06-27 10:07:01,459] {taskinstance.py:1068} INFO - Starting attempt 1 of 2
[2021-06-27 10:07:01,465] {taskinstance.py:1069} INFO - 
--------------------------------------------------------------------------------
[2021-06-27 10:07:01,475] {taskinstance.py:1087} INFO - Executing <Task(BashOperator): print_date> on 2021-06-27T09:45:00+00:00
[2021-06-27 10:07:01,492] {standard_task_runner.py:52} INFO - Started process 74 to run task
[2021-06-27 10:07:01,496] {standard_task_runner.py:76} INFO - Running: ['***', 'tasks', 'run', 'tutorial', 'print_date', '2021-06-27T09:45:00+00:00', '--job-id', '218', '--pool', 'default_pool', '--raw', '--subdir', 'DAGS_FOLDER/primeira_dag.py', '--cfg-path', '/tmp/tmp4ft07i0b', '--error-file', '/tmp/tmpu7kl0d8m']
[2021-06-27 10:07:01,497] {standard_task_runner.py:77} INFO - Job 218: Subtask print_date
[2021-06-27 10:07:01,570] {logging_mixin.py:104} INFO - Running <TaskInstance: tutorial.print_date 2021-06-27T09:45:00+00:00 [running]> on host 72f340316237
[2021-06-27 10:07:01,739] {taskinstance.py:1282} INFO - Exporting the following env vars:
AIRFLOW_CTX_DAG_EMAIL=***@example.com
AIRFLOW_CTX_DAG_OWNER=***
AIRFLOW_CTX_DAG_ID=tutorial
AIRFLOW_CTX_TASK_ID=print_date
AIRFLOW_CTX_EXECUTION_DATE=2021-06-27T09:45:00+00:00
AIRFLOW_CTX_DAG_RUN_ID=scheduled__2021-06-27T09:45:00+00:00
[2021-06-27 10:07:01,740] {subprocess.py:52} INFO - Tmp dir root location: 
 /tmp
[2021-06-27 10:07:01,741] {subprocess.py:63} INFO - Running command: ['bash', '-c', 'date']
[2021-06-27 10:07:01,755] {subprocess.py:75} INFO - Output:
[2021-06-27 10:07:01,761] {subprocess.py:79} INFO - Sun Jun 27 10:07:01 UTC 2021
[2021-06-27 10:07:01,762] {subprocess.py:83} INFO - Command exited with return code 0
[2021-06-27 10:07:01,999] {taskinstance.py:1191} INFO - Marking task as SUCCESS. dag_id=tutorial, task_id=print_date, execution_date=20210627T094500, start_date=20210627T100701, end_date=20210627T100701
[2021-06-27 10:07:02,041] {taskinstance.py:1245} INFO - 2 downstream tasks scheduled from follow-on schedule check
[2021-06-27 10:07:02,074] {local_task_job.py:151} INFO - Task exited with return code 0
