[2021-06-25 15:45:03,663] {taskinstance.py:876} INFO - Dependencies all met for <TaskInstance: docker_dag.print_end 2021-06-25T18:40:00+00:00 [queued]>
[2021-06-25 15:45:03,673] {taskinstance.py:876} INFO - Dependencies all met for <TaskInstance: docker_dag.print_end 2021-06-25T18:40:00+00:00 [queued]>
[2021-06-25 15:45:03,674] {taskinstance.py:1067} INFO - 
--------------------------------------------------------------------------------
[2021-06-25 15:45:03,674] {taskinstance.py:1068} INFO - Starting attempt 1 of 2
[2021-06-25 15:45:03,675] {taskinstance.py:1069} INFO - 
--------------------------------------------------------------------------------
[2021-06-25 15:45:03,688] {taskinstance.py:1087} INFO - Executing <Task(BashOperator): print_end> on 2021-06-25T18:40:00+00:00
[2021-06-25 15:45:03,692] {standard_task_runner.py:52} INFO - Started process 10978 to run task
[2021-06-25 15:45:03,697] {standard_task_runner.py:76} INFO - Running: ['***', 'tasks', 'run', 'docker_dag', 'print_end', '2021-06-25T18:40:00+00:00', '--job-id', '158', '--pool', 'default_pool', '--raw', '--subdir', 'DAGS_FOLDER/dag_docker_teste.py', '--cfg-path', '/var/folders/x3/r_ng0drn51dgxp8_7cvtb49w0000gn/T/tmpts0l0gph', '--error-file', '/var/folders/x3/r_ng0drn51dgxp8_7cvtb49w0000gn/T/tmpgkluy5ra']
[2021-06-25 15:45:03,697] {standard_task_runner.py:77} INFO - Job 158: Subtask print_end
[2021-06-25 15:45:03,756] {logging_mixin.py:104} INFO - Running <TaskInstance: docker_dag.print_end 2021-06-25T18:40:00+00:00 [running]> on host 28.15.168.192.in-addr.arpa
[2021-06-25 15:45:03,825] {taskinstance.py:1282} INFO - Exporting the following env vars:
AIRFLOW_CTX_DAG_OWNER=***
AIRFLOW_CTX_DAG_ID=docker_dag
AIRFLOW_CTX_TASK_ID=print_end
AIRFLOW_CTX_EXECUTION_DATE=2021-06-25T18:40:00+00:00
AIRFLOW_CTX_DAG_RUN_ID=scheduled__2021-06-25T18:40:00+00:00
[2021-06-25 15:45:03,826] {subprocess.py:52} INFO - Tmp dir root location: 
 /var/folders/x3/r_ng0drn51dgxp8_7cvtb49w0000gn/T
[2021-06-25 15:45:03,826] {subprocess.py:63} INFO - Running command: ['bash', '-c', 'echo "END"']
[2021-06-25 15:45:03,831] {subprocess.py:75} INFO - Output:
[2021-06-25 15:45:03,833] {subprocess.py:79} INFO - END
[2021-06-25 15:45:03,833] {subprocess.py:83} INFO - Command exited with return code 0
[2021-06-25 15:45:03,867] {taskinstance.py:1191} INFO - Marking task as SUCCESS. dag_id=docker_dag, task_id=print_end, execution_date=20210625T184000, start_date=20210625T184503, end_date=20210625T184503
[2021-06-25 15:45:03,898] {taskinstance.py:1245} INFO - 0 downstream tasks scheduled from follow-on schedule check
[2021-06-25 15:45:03,909] {local_task_job.py:151} INFO - Task exited with return code 0
