[2021-06-27 10:15:53,617] {taskinstance.py:876} INFO - Dependencies all met for <TaskInstance: segunda_dag.print_date 2021-06-27T10:10:00+00:00 [queued]>
[2021-06-27 10:15:53,664] {taskinstance.py:876} INFO - Dependencies all met for <TaskInstance: segunda_dag.print_date 2021-06-27T10:10:00+00:00 [queued]>
[2021-06-27 10:15:53,666] {taskinstance.py:1067} INFO - 
--------------------------------------------------------------------------------
[2021-06-27 10:15:53,678] {taskinstance.py:1068} INFO - Starting attempt 1 of 2
[2021-06-27 10:15:53,682] {taskinstance.py:1069} INFO - 
--------------------------------------------------------------------------------
[2021-06-27 10:15:53,707] {taskinstance.py:1087} INFO - Executing <Task(BashOperator): print_date> on 2021-06-27T10:10:00+00:00
[2021-06-27 10:15:53,715] {standard_task_runner.py:52} INFO - Started process 50 to run task
[2021-06-27 10:15:53,721] {standard_task_runner.py:76} INFO - Running: ['***', 'tasks', 'run', 'segunda_dag', 'print_date', '2021-06-27T10:10:00+00:00', '--job-id', '238', '--pool', 'default_pool', '--raw', '--subdir', 'DAGS_FOLDER/segunda_dag.py', '--cfg-path', '/tmp/tmp9ff940m3', '--error-file', '/tmp/tmpgm6c_3jw']
[2021-06-27 10:15:53,723] {standard_task_runner.py:77} INFO - Job 238: Subtask print_date
[2021-06-27 10:15:54,086] {logging_mixin.py:104} INFO - Running <TaskInstance: segunda_dag.print_date 2021-06-27T10:10:00+00:00 [running]> on host 72f340316237
[2021-06-27 10:15:54,299] {taskinstance.py:1282} INFO - Exporting the following env vars:
AIRFLOW_CTX_DAG_EMAIL=***@example.com
AIRFLOW_CTX_DAG_OWNER=***
AIRFLOW_CTX_DAG_ID=segunda_dag
AIRFLOW_CTX_TASK_ID=print_date
AIRFLOW_CTX_EXECUTION_DATE=2021-06-27T10:10:00+00:00
AIRFLOW_CTX_DAG_RUN_ID=scheduled__2021-06-27T10:10:00+00:00
[2021-06-27 10:15:54,303] {subprocess.py:52} INFO - Tmp dir root location: 
 /tmp
[2021-06-27 10:15:54,305] {subprocess.py:63} INFO - Running command: ['bash', '-c', 'date']
[2021-06-27 10:15:54,318] {subprocess.py:75} INFO - Output:
[2021-06-27 10:15:54,320] {subprocess.py:79} INFO - Sun Jun 27 10:15:54 UTC 2021
[2021-06-27 10:15:54,322] {subprocess.py:83} INFO - Command exited with return code 0
[2021-06-27 10:15:54,373] {taskinstance.py:1191} INFO - Marking task as SUCCESS. dag_id=segunda_dag, task_id=print_date, execution_date=20210627T101000, start_date=20210627T101553, end_date=20210627T101554
[2021-06-27 10:15:54,411] {taskinstance.py:1245} INFO - 1 downstream tasks scheduled from follow-on schedule check
[2021-06-27 10:15:54,431] {local_task_job.py:151} INFO - Task exited with return code 0
