[2021-06-27 00:30:02,763] {taskinstance.py:876} INFO - Dependencies all met for <TaskInstance: tutorial.sleep 2021-06-27T00:15:00+00:00 [queued]>
[2021-06-27 00:30:02,777] {taskinstance.py:876} INFO - Dependencies all met for <TaskInstance: tutorial.sleep 2021-06-27T00:15:00+00:00 [queued]>
[2021-06-27 00:30:02,778] {taskinstance.py:1067} INFO - 
--------------------------------------------------------------------------------
[2021-06-27 00:30:02,778] {taskinstance.py:1068} INFO - Starting attempt 1 of 4
[2021-06-27 00:30:02,780] {taskinstance.py:1069} INFO - 
--------------------------------------------------------------------------------
[2021-06-27 00:30:02,796] {taskinstance.py:1087} INFO - Executing <Task(BashOperator): sleep> on 2021-06-27T00:15:00+00:00
[2021-06-27 00:30:02,805] {standard_task_runner.py:52} INFO - Started process 267 to run task
[2021-06-27 00:30:02,812] {standard_task_runner.py:76} INFO - Running: ['***', 'tasks', 'run', 'tutorial', 'sleep', '2021-06-27T00:15:00+00:00', '--job-id', '194', '--pool', 'default_pool', '--raw', '--subdir', 'DAGS_FOLDER/primeira_dag.py', '--cfg-path', '/tmp/tmp9cw1ylfq', '--error-file', '/tmp/tmprmamgobt']
[2021-06-27 00:30:02,814] {standard_task_runner.py:77} INFO - Job 194: Subtask sleep
[2021-06-27 00:30:02,862] {logging_mixin.py:104} INFO - Running <TaskInstance: tutorial.sleep 2021-06-27T00:15:00+00:00 [running]> on host 72f340316237
[2021-06-27 00:30:02,920] {taskinstance.py:1282} INFO - Exporting the following env vars:
AIRFLOW_CTX_DAG_EMAIL=***@example.com
AIRFLOW_CTX_DAG_OWNER=***
AIRFLOW_CTX_DAG_ID=tutorial
AIRFLOW_CTX_TASK_ID=sleep
AIRFLOW_CTX_EXECUTION_DATE=2021-06-27T00:15:00+00:00
AIRFLOW_CTX_DAG_RUN_ID=scheduled__2021-06-27T00:15:00+00:00
[2021-06-27 00:30:02,921] {subprocess.py:52} INFO - Tmp dir root location: 
 /tmp
[2021-06-27 00:30:02,922] {subprocess.py:63} INFO - Running command: ['bash', '-c', 'sleep 5']
[2021-06-27 00:30:02,935] {subprocess.py:75} INFO - Output:
[2021-06-27 00:30:07,952] {subprocess.py:83} INFO - Command exited with return code 0
[2021-06-27 00:30:07,979] {taskinstance.py:1191} INFO - Marking task as SUCCESS. dag_id=tutorial, task_id=sleep, execution_date=20210627T001500, start_date=20210627T003002, end_date=20210627T003007
[2021-06-27 00:30:08,001] {taskinstance.py:1245} INFO - 0 downstream tasks scheduled from follow-on schedule check
[2021-06-27 00:30:08,046] {local_task_job.py:151} INFO - Task exited with return code 0
