[2021-06-25 14:45:01,658] {taskinstance.py:876} INFO - Dependencies all met for <TaskInstance: tutorial.sleep 2021-06-25T14:30:00+00:00 [queued]>
[2021-06-25 14:45:01,678] {taskinstance.py:876} INFO - Dependencies all met for <TaskInstance: tutorial.sleep 2021-06-25T14:30:00+00:00 [queued]>
[2021-06-25 14:45:01,678] {taskinstance.py:1067} INFO - 
--------------------------------------------------------------------------------
[2021-06-25 14:45:01,679] {taskinstance.py:1068} INFO - Starting attempt 1 of 4
[2021-06-25 14:45:01,681] {taskinstance.py:1069} INFO - 
--------------------------------------------------------------------------------
[2021-06-25 14:45:01,689] {taskinstance.py:1087} INFO - Executing <Task(BashOperator): sleep> on 2021-06-25T14:30:00+00:00
[2021-06-25 14:45:01,696] {standard_task_runner.py:52} INFO - Started process 1937 to run task
[2021-06-25 14:45:01,700] {standard_task_runner.py:76} INFO - Running: ['***', 'tasks', 'run', 'tutorial', 'sleep', '2021-06-25T14:30:00+00:00', '--job-id', '70', '--pool', 'default_pool', '--raw', '--subdir', 'DAGS_FOLDER/primeira_dag.py', '--cfg-path', '/tmp/tmpwx01m09a', '--error-file', '/tmp/tmpy_8_k4ax']
[2021-06-25 14:45:01,701] {standard_task_runner.py:77} INFO - Job 70: Subtask sleep
[2021-06-25 14:45:01,741] {logging_mixin.py:104} INFO - Running <TaskInstance: tutorial.sleep 2021-06-25T14:30:00+00:00 [running]> on host 72f340316237
[2021-06-25 14:45:01,790] {taskinstance.py:1282} INFO - Exporting the following env vars:
AIRFLOW_CTX_DAG_EMAIL=***@example.com
AIRFLOW_CTX_DAG_OWNER=***
AIRFLOW_CTX_DAG_ID=tutorial
AIRFLOW_CTX_TASK_ID=sleep
AIRFLOW_CTX_EXECUTION_DATE=2021-06-25T14:30:00+00:00
AIRFLOW_CTX_DAG_RUN_ID=scheduled__2021-06-25T14:30:00+00:00
[2021-06-25 14:45:01,792] {subprocess.py:52} INFO - Tmp dir root location: 
 /tmp
[2021-06-25 14:45:01,793] {subprocess.py:63} INFO - Running command: ['bash', '-c', 'sleep 5']
[2021-06-25 14:45:01,801] {subprocess.py:75} INFO - Output:
[2021-06-25 14:45:06,805] {subprocess.py:83} INFO - Command exited with return code 0
[2021-06-25 14:45:06,965] {taskinstance.py:1191} INFO - Marking task as SUCCESS. dag_id=tutorial, task_id=sleep, execution_date=20210625T143000, start_date=20210625T144501, end_date=20210625T144506
[2021-06-25 14:45:06,982] {taskinstance.py:1245} INFO - 0 downstream tasks scheduled from follow-on schedule check
[2021-06-25 14:45:07,032] {local_task_job.py:151} INFO - Task exited with return code 0
