[2021-06-27 10:07:01,438] {taskinstance.py:876} INFO - Dependencies all met for <TaskInstance: segunda_dag.print_date 2021-06-27T10:00:00+00:00 [queued]>
[2021-06-27 10:07:01,460] {taskinstance.py:876} INFO - Dependencies all met for <TaskInstance: segunda_dag.print_date 2021-06-27T10:00:00+00:00 [queued]>
[2021-06-27 10:07:01,460] {taskinstance.py:1067} INFO - 
--------------------------------------------------------------------------------
[2021-06-27 10:07:01,461] {taskinstance.py:1068} INFO - Starting attempt 1 of 2
[2021-06-27 10:07:01,464] {taskinstance.py:1069} INFO - 
--------------------------------------------------------------------------------
[2021-06-27 10:07:01,476] {taskinstance.py:1087} INFO - Executing <Task(BashOperator): print_date> on 2021-06-27T10:00:00+00:00
[2021-06-27 10:07:01,485] {standard_task_runner.py:52} INFO - Started process 73 to run task
[2021-06-27 10:07:01,489] {standard_task_runner.py:76} INFO - Running: ['***', 'tasks', 'run', 'segunda_dag', 'print_date', '2021-06-27T10:00:00+00:00', '--job-id', '217', '--pool', 'default_pool', '--raw', '--subdir', 'DAGS_FOLDER/segunda_dag.py', '--cfg-path', '/tmp/tmp0lstu64s', '--error-file', '/tmp/tmpftbbmcj8']
[2021-06-27 10:07:01,490] {standard_task_runner.py:77} INFO - Job 217: Subtask print_date
[2021-06-27 10:07:01,547] {logging_mixin.py:104} INFO - Running <TaskInstance: segunda_dag.print_date 2021-06-27T10:00:00+00:00 [running]> on host 72f340316237
[2021-06-27 10:07:01,742] {taskinstance.py:1282} INFO - Exporting the following env vars:
AIRFLOW_CTX_DAG_EMAIL=***@example.com
AIRFLOW_CTX_DAG_OWNER=***
AIRFLOW_CTX_DAG_ID=segunda_dag
AIRFLOW_CTX_TASK_ID=print_date
AIRFLOW_CTX_EXECUTION_DATE=2021-06-27T10:00:00+00:00
AIRFLOW_CTX_DAG_RUN_ID=scheduled__2021-06-27T10:00:00+00:00
[2021-06-27 10:07:01,744] {subprocess.py:52} INFO - Tmp dir root location: 
 /tmp
[2021-06-27 10:07:01,745] {subprocess.py:63} INFO - Running command: ['bash', '-c', 'date']
[2021-06-27 10:07:01,758] {subprocess.py:75} INFO - Output:
[2021-06-27 10:07:01,761] {subprocess.py:79} INFO - Sun Jun 27 10:07:01 UTC 2021
[2021-06-27 10:07:01,762] {subprocess.py:83} INFO - Command exited with return code 0
[2021-06-27 10:07:02,001] {taskinstance.py:1191} INFO - Marking task as SUCCESS. dag_id=segunda_dag, task_id=print_date, execution_date=20210627T100000, start_date=20210627T100701, end_date=20210627T100702
[2021-06-27 10:07:02,041] {taskinstance.py:1245} INFO - 1 downstream tasks scheduled from follow-on schedule check
[2021-06-27 10:07:02,070] {local_task_job.py:151} INFO - Task exited with return code 0
