[2021-06-27 00:45:02,204] {taskinstance.py:876} INFO - Dependencies all met for <TaskInstance: tutorial.sleep 2021-06-27T00:30:00+00:00 [queued]>
[2021-06-27 00:45:02,217] {taskinstance.py:876} INFO - Dependencies all met for <TaskInstance: tutorial.sleep 2021-06-27T00:30:00+00:00 [queued]>
[2021-06-27 00:45:02,218] {taskinstance.py:1067} INFO - 
--------------------------------------------------------------------------------
[2021-06-27 00:45:02,219] {taskinstance.py:1068} INFO - Starting attempt 1 of 4
[2021-06-27 00:45:02,221] {taskinstance.py:1069} INFO - 
--------------------------------------------------------------------------------
[2021-06-27 00:45:02,232] {taskinstance.py:1087} INFO - Executing <Task(BashOperator): sleep> on 2021-06-27T00:30:00+00:00
[2021-06-27 00:45:02,240] {standard_task_runner.py:52} INFO - Started process 1462 to run task
[2021-06-27 00:45:02,244] {standard_task_runner.py:76} INFO - Running: ['***', 'tasks', 'run', 'tutorial', 'sleep', '2021-06-27T00:30:00+00:00', '--job-id', '212', '--pool', 'default_pool', '--raw', '--subdir', 'DAGS_FOLDER/primeira_dag.py', '--cfg-path', '/tmp/tmp88vztsbb', '--error-file', '/tmp/tmpzhsj5kvx']
[2021-06-27 00:45:02,245] {standard_task_runner.py:77} INFO - Job 212: Subtask sleep
[2021-06-27 00:45:02,289] {logging_mixin.py:104} INFO - Running <TaskInstance: tutorial.sleep 2021-06-27T00:30:00+00:00 [running]> on host 72f340316237
[2021-06-27 00:45:02,348] {taskinstance.py:1282} INFO - Exporting the following env vars:
AIRFLOW_CTX_DAG_EMAIL=***@example.com
AIRFLOW_CTX_DAG_OWNER=***
AIRFLOW_CTX_DAG_ID=tutorial
AIRFLOW_CTX_TASK_ID=sleep
AIRFLOW_CTX_EXECUTION_DATE=2021-06-27T00:30:00+00:00
AIRFLOW_CTX_DAG_RUN_ID=scheduled__2021-06-27T00:30:00+00:00
[2021-06-27 00:45:02,350] {subprocess.py:52} INFO - Tmp dir root location: 
 /tmp
[2021-06-27 00:45:02,351] {subprocess.py:63} INFO - Running command: ['bash', '-c', 'sleep 5']
[2021-06-27 00:45:02,359] {subprocess.py:75} INFO - Output:
[2021-06-27 00:45:05,623] {taskinstance.py:1264} ERROR - Received SIGTERM. Terminating subprocesses.
