[2021-06-27 10:07:01,452] {taskinstance.py:870} INFO - Dependencies not met for <TaskInstance: tutorial.sleep 2021-06-27T00:30:00+00:00 [up_for_retry]>, dependency 'Not In Retry Period' FAILED: Task is not ready for retry yet but will be retried automatically. Current date is 2021-06-27T10:07:01.452696+00:00 and task will be retried at 2021-06-27T10:11:58.252077+00:00.
[2021-06-27 10:07:01,461] {local_task_job.py:98} INFO - Task is not able to be run
[2021-06-27 10:12:35,999] {taskinstance.py:876} INFO - Dependencies all met for <TaskInstance: tutorial.sleep 2021-06-27T00:30:00+00:00 [queued]>
[2021-06-27 10:12:36,014] {taskinstance.py:876} INFO - Dependencies all met for <TaskInstance: tutorial.sleep 2021-06-27T00:30:00+00:00 [queued]>
[2021-06-27 10:12:36,015] {taskinstance.py:1067} INFO - 
--------------------------------------------------------------------------------
[2021-06-27 10:12:36,016] {taskinstance.py:1068} INFO - Starting attempt 2 of 4
[2021-06-27 10:12:36,019] {taskinstance.py:1069} INFO - 
--------------------------------------------------------------------------------
[2021-06-27 10:12:36,048] {taskinstance.py:1087} INFO - Executing <Task(BashOperator): sleep> on 2021-06-27T00:30:00+00:00
[2021-06-27 10:12:36,058] {standard_task_runner.py:52} INFO - Started process 495 to run task
[2021-06-27 10:12:36,062] {standard_task_runner.py:76} INFO - Running: ['***', 'tasks', 'run', 'tutorial', 'sleep', '2021-06-27T00:30:00+00:00', '--job-id', '234', '--pool', 'default_pool', '--raw', '--subdir', 'DAGS_FOLDER/primeira_dag.py', '--cfg-path', '/tmp/tmp1as_iaio', '--error-file', '/tmp/tmp2op319h0']
[2021-06-27 10:12:36,065] {standard_task_runner.py:77} INFO - Job 234: Subtask sleep
[2021-06-27 10:12:36,119] {logging_mixin.py:104} INFO - Running <TaskInstance: tutorial.sleep 2021-06-27T00:30:00+00:00 [running]> on host 72f340316237
[2021-06-27 10:12:36,186] {taskinstance.py:1282} INFO - Exporting the following env vars:
AIRFLOW_CTX_DAG_EMAIL=***@example.com
AIRFLOW_CTX_DAG_OWNER=***
AIRFLOW_CTX_DAG_ID=tutorial
AIRFLOW_CTX_TASK_ID=sleep
AIRFLOW_CTX_EXECUTION_DATE=2021-06-27T00:30:00+00:00
AIRFLOW_CTX_DAG_RUN_ID=scheduled__2021-06-27T00:30:00+00:00
[2021-06-27 10:12:36,189] {subprocess.py:52} INFO - Tmp dir root location: 
 /tmp
[2021-06-27 10:12:36,190] {subprocess.py:63} INFO - Running command: ['bash', '-c', 'sleep 5']
[2021-06-27 10:12:36,199] {subprocess.py:75} INFO - Output:
