[2021-06-25 15:55:01,290] {taskinstance.py:876} INFO - Dependencies all met for <TaskInstance: docker_dag.print_current_date 2021-06-25T18:50:00+00:00 [queued]>
[2021-06-25 15:55:01,302] {taskinstance.py:876} INFO - Dependencies all met for <TaskInstance: docker_dag.print_current_date 2021-06-25T18:50:00+00:00 [queued]>
[2021-06-25 15:55:01,303] {taskinstance.py:1067} INFO - 
--------------------------------------------------------------------------------
[2021-06-25 15:55:01,303] {taskinstance.py:1068} INFO - Starting attempt 1 of 2
[2021-06-25 15:55:01,304] {taskinstance.py:1069} INFO - 
--------------------------------------------------------------------------------
[2021-06-25 15:55:01,321] {taskinstance.py:1087} INFO - Executing <Task(BashOperator): print_current_date> on 2021-06-25T18:50:00+00:00
[2021-06-25 15:55:01,325] {standard_task_runner.py:52} INFO - Started process 11291 to run task
[2021-06-25 15:55:01,331] {standard_task_runner.py:76} INFO - Running: ['***', 'tasks', 'run', 'docker_dag', 'print_current_date', '2021-06-25T18:50:00+00:00', '--job-id', '165', '--pool', 'default_pool', '--raw', '--subdir', 'DAGS_FOLDER/dag_docker_teste.py', '--cfg-path', '/var/folders/x3/r_ng0drn51dgxp8_7cvtb49w0000gn/T/tmpl4m6xf6s', '--error-file', '/var/folders/x3/r_ng0drn51dgxp8_7cvtb49w0000gn/T/tmpnqoixv2i']
[2021-06-25 15:55:01,332] {standard_task_runner.py:77} INFO - Job 165: Subtask print_current_date
[2021-06-25 15:55:01,411] {logging_mixin.py:104} INFO - Running <TaskInstance: docker_dag.print_current_date 2021-06-25T18:50:00+00:00 [running]> on host 28.15.168.192.in-addr.arpa
[2021-06-25 15:55:01,483] {taskinstance.py:1282} INFO - Exporting the following env vars:
AIRFLOW_CTX_DAG_OWNER=***
AIRFLOW_CTX_DAG_ID=docker_dag
AIRFLOW_CTX_TASK_ID=print_current_date
AIRFLOW_CTX_EXECUTION_DATE=2021-06-25T18:50:00+00:00
AIRFLOW_CTX_DAG_RUN_ID=scheduled__2021-06-25T18:50:00+00:00
[2021-06-25 15:55:01,484] {subprocess.py:52} INFO - Tmp dir root location: 
 /var/folders/x3/r_ng0drn51dgxp8_7cvtb49w0000gn/T
[2021-06-25 15:55:01,485] {subprocess.py:63} INFO - Running command: ['bash', '-c', 'date']
[2021-06-25 15:55:01,490] {subprocess.py:75} INFO - Output:
[2021-06-25 15:55:01,493] {subprocess.py:79} INFO - Sex 25 Jun 2021 15:55:01 -03
[2021-06-25 15:55:01,494] {subprocess.py:83} INFO - Command exited with return code 0
[2021-06-25 15:55:01,528] {taskinstance.py:1191} INFO - Marking task as SUCCESS. dag_id=docker_dag, task_id=print_current_date, execution_date=20210625T185000, start_date=20210625T185501, end_date=20210625T185501
[2021-06-25 15:55:01,565] {taskinstance.py:1245} INFO - 1 downstream tasks scheduled from follow-on schedule check
[2021-06-25 15:55:01,581] {local_task_job.py:151} INFO - Task exited with return code 0
