[2021-06-27 10:10:00,948] {taskinstance.py:876} INFO - Dependencies all met for <TaskInstance: docker_dag.print_current_date 2021-06-27T10:05:00+00:00 [queued]>
[2021-06-27 10:10:00,963] {taskinstance.py:876} INFO - Dependencies all met for <TaskInstance: docker_dag.print_current_date 2021-06-27T10:05:00+00:00 [queued]>
[2021-06-27 10:10:00,963] {taskinstance.py:1067} INFO - 
--------------------------------------------------------------------------------
[2021-06-27 10:10:00,964] {taskinstance.py:1068} INFO - Starting attempt 1 of 2
[2021-06-27 10:10:00,966] {taskinstance.py:1069} INFO - 
--------------------------------------------------------------------------------
[2021-06-27 10:10:00,972] {taskinstance.py:1087} INFO - Executing <Task(BashOperator): print_current_date> on 2021-06-27T10:05:00+00:00
[2021-06-27 10:10:00,977] {standard_task_runner.py:52} INFO - Started process 332 to run task
[2021-06-27 10:10:00,980] {standard_task_runner.py:76} INFO - Running: ['***', 'tasks', 'run', 'docker_dag', 'print_current_date', '2021-06-27T10:05:00+00:00', '--job-id', '231', '--pool', 'default_pool', '--raw', '--subdir', 'DAGS_FOLDER/dag_docker_teste.py', '--cfg-path', '/tmp/tmpt5yjel57', '--error-file', '/tmp/tmp0z8o1u2y']
[2021-06-27 10:10:00,981] {standard_task_runner.py:77} INFO - Job 231: Subtask print_current_date
[2021-06-27 10:10:01,023] {logging_mixin.py:104} INFO - Running <TaskInstance: docker_dag.print_current_date 2021-06-27T10:05:00+00:00 [running]> on host 72f340316237
[2021-06-27 10:10:01,066] {taskinstance.py:1282} INFO - Exporting the following env vars:
AIRFLOW_CTX_DAG_OWNER=***
AIRFLOW_CTX_DAG_ID=docker_dag
AIRFLOW_CTX_TASK_ID=print_current_date
AIRFLOW_CTX_EXECUTION_DATE=2021-06-27T10:05:00+00:00
AIRFLOW_CTX_DAG_RUN_ID=scheduled__2021-06-27T10:05:00+00:00
[2021-06-27 10:10:01,067] {subprocess.py:52} INFO - Tmp dir root location: 
 /tmp
[2021-06-27 10:10:01,068] {subprocess.py:63} INFO - Running command: ['bash', '-c', 'date']
[2021-06-27 10:10:01,074] {subprocess.py:75} INFO - Output:
[2021-06-27 10:10:01,076] {subprocess.py:79} INFO - Sun Jun 27 10:10:01 UTC 2021
[2021-06-27 10:10:01,076] {subprocess.py:83} INFO - Command exited with return code 0
[2021-06-27 10:10:01,098] {taskinstance.py:1191} INFO - Marking task as SUCCESS. dag_id=docker_dag, task_id=print_current_date, execution_date=20210627T100500, start_date=20210627T101000, end_date=20210627T101001
[2021-06-27 10:10:01,124] {taskinstance.py:1245} INFO - 1 downstream tasks scheduled from follow-on schedule check
[2021-06-27 10:10:01,153] {local_task_job.py:151} INFO - Task exited with return code 0
