[2021-06-25 15:30:02,200] {taskinstance.py:876} INFO - Dependencies all met for <TaskInstance: tutorial.templated 2021-06-25T18:15:00+00:00 [queued]>
[2021-06-25 15:30:02,217] {taskinstance.py:876} INFO - Dependencies all met for <TaskInstance: tutorial.templated 2021-06-25T18:15:00+00:00 [queued]>
[2021-06-25 15:30:02,217] {taskinstance.py:1067} INFO - 
--------------------------------------------------------------------------------
[2021-06-25 15:30:02,217] {taskinstance.py:1068} INFO - Starting attempt 1 of 2
[2021-06-25 15:30:02,219] {taskinstance.py:1069} INFO - 
--------------------------------------------------------------------------------
[2021-06-25 15:30:02,238] {taskinstance.py:1087} INFO - Executing <Task(BashOperator): templated> on 2021-06-25T18:15:00+00:00
[2021-06-25 15:30:02,243] {standard_task_runner.py:52} INFO - Started process 10484 to run task
[2021-06-25 15:30:02,251] {standard_task_runner.py:76} INFO - Running: ['***', 'tasks', 'run', 'tutorial', 'templated', '2021-06-25T18:15:00+00:00', '--job-id', '138', '--pool', 'default_pool', '--raw', '--subdir', 'DAGS_FOLDER/primeira_dag.py', '--cfg-path', '/var/folders/x3/r_ng0drn51dgxp8_7cvtb49w0000gn/T/tmpb8oy8zsi', '--error-file', '/var/folders/x3/r_ng0drn51dgxp8_7cvtb49w0000gn/T/tmp00o6wo_b']
[2021-06-25 15:30:02,252] {standard_task_runner.py:77} INFO - Job 138: Subtask templated
[2021-06-25 15:30:02,325] {logging_mixin.py:104} INFO - Running <TaskInstance: tutorial.templated 2021-06-25T18:15:00+00:00 [running]> on host 28.15.168.192.in-addr.arpa
[2021-06-25 15:30:02,423] {taskinstance.py:1282} INFO - Exporting the following env vars:
AIRFLOW_CTX_DAG_EMAIL=***@example.com
AIRFLOW_CTX_DAG_OWNER=***
AIRFLOW_CTX_DAG_ID=tutorial
AIRFLOW_CTX_TASK_ID=templated
AIRFLOW_CTX_EXECUTION_DATE=2021-06-25T18:15:00+00:00
AIRFLOW_CTX_DAG_RUN_ID=scheduled__2021-06-25T18:15:00+00:00
[2021-06-25 15:30:02,424] {subprocess.py:52} INFO - Tmp dir root location: 
 /var/folders/x3/r_ng0drn51dgxp8_7cvtb49w0000gn/T
[2021-06-25 15:30:02,425] {subprocess.py:63} INFO - Running command: ['bash', '-c', '\n\n    echo "2021-06-25"\n    echo "2021-07-02"\n    echo "Parameter I passed in"\n\n    echo "2021-06-25"\n    echo "2021-07-02"\n    echo "Parameter I passed in"\n\n    echo "2021-06-25"\n    echo "2021-07-02"\n    echo "Parameter I passed in"\n\n    echo "2021-06-25"\n    echo "2021-07-02"\n    echo "Parameter I passed in"\n\n    echo "2021-06-25"\n    echo "2021-07-02"\n    echo "Parameter I passed in"\n']
[2021-06-25 15:30:02,430] {subprocess.py:75} INFO - Output:
[2021-06-25 15:30:02,432] {subprocess.py:79} INFO - 2021-06-25
[2021-06-25 15:30:02,433] {subprocess.py:79} INFO - 2021-07-02
[2021-06-25 15:30:02,433] {subprocess.py:79} INFO - Parameter I passed in
[2021-06-25 15:30:02,433] {subprocess.py:79} INFO - 2021-06-25
[2021-06-25 15:30:02,433] {subprocess.py:79} INFO - 2021-07-02
[2021-06-25 15:30:02,433] {subprocess.py:79} INFO - Parameter I passed in
[2021-06-25 15:30:02,434] {subprocess.py:79} INFO - 2021-06-25
[2021-06-25 15:30:02,434] {subprocess.py:79} INFO - 2021-07-02
[2021-06-25 15:30:02,434] {subprocess.py:79} INFO - Parameter I passed in
[2021-06-25 15:30:02,434] {subprocess.py:79} INFO - 2021-06-25
[2021-06-25 15:30:02,434] {subprocess.py:79} INFO - 2021-07-02
[2021-06-25 15:30:02,435] {subprocess.py:79} INFO - Parameter I passed in
[2021-06-25 15:30:02,435] {subprocess.py:79} INFO - 2021-06-25
[2021-06-25 15:30:02,435] {subprocess.py:79} INFO - 2021-07-02
[2021-06-25 15:30:02,436] {subprocess.py:79} INFO - Parameter I passed in
[2021-06-25 15:30:02,436] {subprocess.py:83} INFO - Command exited with return code 0
[2021-06-25 15:30:02,476] {taskinstance.py:1191} INFO - Marking task as SUCCESS. dag_id=tutorial, task_id=templated, execution_date=20210625T181500, start_date=20210625T183002, end_date=20210625T183002
[2021-06-25 15:30:02,505] {taskinstance.py:1245} INFO - 0 downstream tasks scheduled from follow-on schedule check
[2021-06-25 15:30:02,540] {local_task_job.py:151} INFO - Task exited with return code 0
