[2021-06-25 16:00:02,545] {taskinstance.py:876} INFO - Dependencies all met for <TaskInstance: tutorial.sleep 2021-06-25T18:45:00+00:00 [queued]>
[2021-06-25 16:00:02,560] {taskinstance.py:876} INFO - Dependencies all met for <TaskInstance: tutorial.sleep 2021-06-25T18:45:00+00:00 [queued]>
[2021-06-25 16:00:02,561] {taskinstance.py:1067} INFO - 
--------------------------------------------------------------------------------
[2021-06-25 16:00:02,561] {taskinstance.py:1068} INFO - Starting attempt 1 of 4
[2021-06-25 16:00:02,563] {taskinstance.py:1069} INFO - 
--------------------------------------------------------------------------------
[2021-06-25 16:00:02,584] {taskinstance.py:1087} INFO - Executing <Task(BashOperator): sleep> on 2021-06-25T18:45:00+00:00
[2021-06-25 16:00:02,589] {standard_task_runner.py:52} INFO - Started process 11491 to run task
[2021-06-25 16:00:02,598] {standard_task_runner.py:76} INFO - Running: ['***', 'tasks', 'run', 'tutorial', 'sleep', '2021-06-25T18:45:00+00:00', '--job-id', '173', '--pool', 'default_pool', '--raw', '--subdir', 'DAGS_FOLDER/primeira_dag.py', '--cfg-path', '/var/folders/x3/r_ng0drn51dgxp8_7cvtb49w0000gn/T/tmprr0gfmal', '--error-file', '/var/folders/x3/r_ng0drn51dgxp8_7cvtb49w0000gn/T/tmpobbwsky4']
[2021-06-25 16:00:02,600] {standard_task_runner.py:77} INFO - Job 173: Subtask sleep
[2021-06-25 16:00:02,678] {logging_mixin.py:104} INFO - Running <TaskInstance: tutorial.sleep 2021-06-25T18:45:00+00:00 [running]> on host 28.15.168.192.in-addr.arpa
[2021-06-25 16:00:02,772] {taskinstance.py:1282} INFO - Exporting the following env vars:
AIRFLOW_CTX_DAG_EMAIL=***@example.com
AIRFLOW_CTX_DAG_OWNER=***
AIRFLOW_CTX_DAG_ID=tutorial
AIRFLOW_CTX_TASK_ID=sleep
AIRFLOW_CTX_EXECUTION_DATE=2021-06-25T18:45:00+00:00
AIRFLOW_CTX_DAG_RUN_ID=scheduled__2021-06-25T18:45:00+00:00
[2021-06-25 16:00:02,773] {subprocess.py:52} INFO - Tmp dir root location: 
 /var/folders/x3/r_ng0drn51dgxp8_7cvtb49w0000gn/T
[2021-06-25 16:00:02,774] {subprocess.py:63} INFO - Running command: ['bash', '-c', 'sleep 5']
[2021-06-25 16:00:02,779] {subprocess.py:75} INFO - Output:
[2021-06-25 16:00:07,789] {subprocess.py:83} INFO - Command exited with return code 0
[2021-06-25 16:00:07,822] {taskinstance.py:1191} INFO - Marking task as SUCCESS. dag_id=tutorial, task_id=sleep, execution_date=20210625T184500, start_date=20210625T190002, end_date=20210625T190007
[2021-06-25 16:00:07,851] {taskinstance.py:1245} INFO - 0 downstream tasks scheduled from follow-on schedule check
[2021-06-25 16:00:07,887] {local_task_job.py:151} INFO - Task exited with return code 0
