[2021-06-25 14:15:00,821] {taskinstance.py:876} INFO - Dependencies all met for <TaskInstance: tutorial.print_date 2021-06-25T17:00:00+00:00 [queued]>
[2021-06-25 14:15:00,834] {taskinstance.py:876} INFO - Dependencies all met for <TaskInstance: tutorial.print_date 2021-06-25T17:00:00+00:00 [queued]>
[2021-06-25 14:15:00,834] {taskinstance.py:1067} INFO - 
--------------------------------------------------------------------------------
[2021-06-25 14:15:00,835] {taskinstance.py:1068} INFO - Starting attempt 1 of 2
[2021-06-25 14:15:00,836] {taskinstance.py:1069} INFO - 
--------------------------------------------------------------------------------
[2021-06-25 14:15:00,852] {taskinstance.py:1087} INFO - Executing <Task(BashOperator): print_date> on 2021-06-25T17:00:00+00:00
[2021-06-25 14:15:00,856] {standard_task_runner.py:52} INFO - Started process 8779 to run task
[2021-06-25 14:15:00,861] {standard_task_runner.py:76} INFO - Running: ['***', 'tasks', 'run', 'tutorial', 'print_date', '2021-06-25T17:00:00+00:00', '--job-id', '92', '--pool', 'default_pool', '--raw', '--subdir', 'DAGS_FOLDER/primeira_dag.py', '--cfg-path', '/var/folders/x3/r_ng0drn51dgxp8_7cvtb49w0000gn/T/tmpl5c60jju', '--error-file', '/var/folders/x3/r_ng0drn51dgxp8_7cvtb49w0000gn/T/tmpeem5oqpu']
[2021-06-25 14:15:00,862] {standard_task_runner.py:77} INFO - Job 92: Subtask print_date
[2021-06-25 14:15:00,929] {logging_mixin.py:104} INFO - Running <TaskInstance: tutorial.print_date 2021-06-25T17:00:00+00:00 [running]> on host 28.15.168.192.in-addr.arpa
[2021-06-25 14:15:01,011] {taskinstance.py:1282} INFO - Exporting the following env vars:
AIRFLOW_CTX_DAG_EMAIL=***@example.com
AIRFLOW_CTX_DAG_OWNER=***
AIRFLOW_CTX_DAG_ID=tutorial
AIRFLOW_CTX_TASK_ID=print_date
AIRFLOW_CTX_EXECUTION_DATE=2021-06-25T17:00:00+00:00
AIRFLOW_CTX_DAG_RUN_ID=scheduled__2021-06-25T17:00:00+00:00
[2021-06-25 14:15:01,012] {subprocess.py:52} INFO - Tmp dir root location: 
 /var/folders/x3/r_ng0drn51dgxp8_7cvtb49w0000gn/T
[2021-06-25 14:15:01,013] {subprocess.py:63} INFO - Running command: ['bash', '-c', 'date']
[2021-06-25 14:15:01,017] {subprocess.py:75} INFO - Output:
[2021-06-25 14:15:01,021] {subprocess.py:79} INFO - Sex 25 Jun 2021 14:15:01 -03
[2021-06-25 14:15:01,022] {subprocess.py:83} INFO - Command exited with return code 0
[2021-06-25 14:15:01,055] {taskinstance.py:1191} INFO - Marking task as SUCCESS. dag_id=tutorial, task_id=print_date, execution_date=20210625T170000, start_date=20210625T171500, end_date=20210625T171501
[2021-06-25 14:15:01,089] {taskinstance.py:1245} INFO - 2 downstream tasks scheduled from follow-on schedule check
[2021-06-25 14:15:01,113] {local_task_job.py:151} INFO - Task exited with return code 0
